Flow report for pruebaADC_IP
Wed Oct 31 10:21:31 2018
Quartus Prime Version 18.1.0 Build 625 09/12/2018 SJ Lite Edition


---------------------
; Table of Contents ;
---------------------
  1. Legal Notice
  2. Flow Summary
  3. Flow Settings
  4. Flow Non-Default Global Settings
  5. Flow Elapsed Time
  6. Flow OS Summary
  7. Flow Log
  8. Flow Messages
  9. Flow Suppressed Messages



----------------
; Legal Notice ;
----------------
Copyright (C) 2018  Intel Corporation. All rights reserved.
Your use of Intel Corporation's design tools, logic functions 
and other software and tools, and its AMPP partner logic 
functions, and any output files from any of the foregoing 
(including device programming or simulation files), and any 
associated documentation or information are expressly subject 
to the terms and conditions of the Intel Program License 
Subscription Agreement, the Intel Quartus Prime License Agreement,
the Intel FPGA IP License Agreement, or other applicable license
agreement, including, without limitation, that your use is for
the sole purpose of programming logic devices manufactured by
Intel and sold by Intel or its authorized distributors.  Please
refer to the applicable agreement for further details.



+-------------------------------------------------------------------------------+
; Flow Summary                                                                  ;
+---------------------------------+---------------------------------------------+
; Flow Status                     ; Successful - Wed Oct 31 10:21:31 2018       ;
; Quartus Prime Version           ; 18.1.0 Build 625 09/12/2018 SJ Lite Edition ;
; Revision Name                   ; pruebaADC_IP                                ;
; Top-level Entity Name           ; pruebaADC_IP                                ;
; Family                          ; Cyclone V                                   ;
; Device                          ; 5CSEBA6U23I7                                ;
; Timing Models                   ; Final                                       ;
; Logic utilization (in ALMs)     ; 86 / 41,910 ( < 1 % )                       ;
; Total registers                 ; 198                                         ;
; Total pins                      ; 17 / 314 ( 5 % )                            ;
; Total virtual pins              ; 0                                           ;
; Total block memory bits         ; 0 / 5,662,720 ( 0 % )                       ;
; Total DSP Blocks                ; 0 / 112 ( 0 % )                             ;
; Total HSSI RX PCSs              ; 0                                           ;
; Total HSSI PMA RX Deserializers ; 0                                           ;
; Total HSSI TX PCSs              ; 0                                           ;
; Total HSSI PMA TX Serializers   ; 0                                           ;
; Total PLLs                      ; 0 / 6 ( 0 % )                               ;
; Total DLLs                      ; 0 / 4 ( 0 % )                               ;
+---------------------------------+---------------------------------------------+


+-----------------------------------------+
; Flow Settings                           ;
+-------------------+---------------------+
; Option            ; Setting             ;
+-------------------+---------------------+
; Start date & time ; 10/31/2018 10:20:09 ;
; Main task         ; Compilation         ;
; Revision Name     ; pruebaADC_IP        ;
+-------------------+---------------------+


+------------------------------------------------------------------------------------------------------------------------------------------------+
; Flow Non-Default Global Settings                                                                                                               ;
+-------------------------------------+---------------------------------------------------------------+---------------+-------------+------------+
; Assignment Name                     ; Value                                                         ; Default Value ; Entity Name ; Section Id ;
+-------------------------------------+---------------------------------------------------------------+---------------+-------------+------------+
; COMPILER_SIGNATURE_ID               ; 963354629659.154097760913432                                  ; --            ; --          ; --         ;
; MAX_CORE_JUNCTION_TEMP              ; 100                                                           ; --            ; --          ; --         ;
; MIN_CORE_JUNCTION_TEMP              ; -40                                                           ; --            ; --          ; --         ;
; MISC_FILE                           ; adc_control/synthesis/../adc_control.cmp                      ; --            ; --          ; --         ;
; MISC_FILE                           ; adc_control/synthesis/../../adc_control.qsys                  ; --            ; --          ; --         ;
; PARTITION_COLOR                     ; -- (Not supported for targeted family)                        ; --            ; --          ; Top        ;
; PARTITION_FITTER_PRESERVATION_LEVEL ; -- (Not supported for targeted family)                        ; --            ; --          ; Top        ;
; PARTITION_NETLIST_TYPE              ; -- (Not supported for targeted family)                        ; --            ; --          ; Top        ;
; POWER_BOARD_THERMAL_MODEL           ; None (CONSERVATIVE)                                           ; --            ; --          ; --         ;
; POWER_PRESET_COOLING_SOLUTION       ; 23 MM HEAT SINK WITH 200 LFPM AIRFLOW                         ; --            ; --          ; --         ;
; PROJECT_OUTPUT_DIRECTORY            ; output_files                                                  ; --            ; --          ; --         ;
; SLD_FILE                            ; adc_control/synthesis/adc_control.debuginfo                   ; --            ; --          ; --         ;
; SLD_INFO                            ; QSYS_NAME adc_control HAS_SOPCINFO 1 GENERATION_ID 1540973756 ; --            ; adc_control ; --         ;
; SOPCINFO_FILE                       ; adc_control/synthesis/../../adc_control.sopcinfo              ; --            ; --          ; --         ;
; SYNTHESIS_ONLY_QIP                  ; On                                                            ; --            ; --          ; --         ;
+-------------------------------------+---------------------------------------------------------------+---------------+-------------+------------+


+--------------------------------------------------------------------------------------------------------------------------+
; Flow Elapsed Time                                                                                                        ;
+----------------------+--------------+-------------------------+---------------------+------------------------------------+
; Module Name          ; Elapsed Time ; Average Processors Used ; Peak Virtual Memory ; Total CPU Time (on all processors) ;
+----------------------+--------------+-------------------------+---------------------+------------------------------------+
; Analysis & Synthesis ; 00:00:12     ; 1.0                     ; 723 MB              ; 00:00:23                           ;
; Fitter               ; 00:00:36     ; 1.0                     ; 2437 MB             ; 00:01:04                           ;
; Assembler            ; 00:00:07     ; 1.0                     ; 717 MB              ; 00:00:07                           ;
; Timing Analyzer      ; 00:00:07     ; 1.1                     ; 1059 MB             ; 00:00:07                           ;
; Total                ; 00:01:02     ; --                      ; --                  ; 00:01:41                           ;
+----------------------+--------------+-------------------------+---------------------+------------------------------------+


+------------------------------------------------------------------------------------+
; Flow OS Summary                                                                    ;
+----------------------+------------------+------------+------------+----------------+
; Module Name          ; Machine Hostname ; OS Name    ; OS Version ; Processor type ;
+----------------------+------------------+------------+------------+----------------+
; Analysis & Synthesis ; jagumiel         ; Windows 10 ; 10.0       ; x86_64         ;
; Fitter               ; jagumiel         ; Windows 10 ; 10.0       ; x86_64         ;
; Assembler            ; jagumiel         ; Windows 10 ; 10.0       ; x86_64         ;
; Timing Analyzer      ; jagumiel         ; Windows 10 ; 10.0       ; x86_64         ;
+----------------------+------------------+------------+------------+----------------+


------------
; Flow Log ;
------------
quartus_map --read_settings_files=on --write_settings_files=off pruebaADC_IP -c pruebaADC_IP
quartus_fit --read_settings_files=off --write_settings_files=off pruebaADC_IP -c pruebaADC_IP
quartus_asm --read_settings_files=off --write_settings_files=off pruebaADC_IP -c pruebaADC_IP
quartus_sta pruebaADC_IP -c pruebaADC_IP
quartus_eda --read_settings_files=on --write_settings_files=off pruebaADC_IP -c pruebaADC_IP



