Flow report for HPSFPGA
Thu Jan 10 14:19:27 2019
Quartus Prime Version 18.1.0 Build 625 09/12/2018 SJ Lite Edition


---------------------
; Table of Contents ;
---------------------
  1. Legal Notice
  2. Flow Summary
  3. Flow Settings
  4. Flow Non-Default Global Settings
  5. Flow Elapsed Time
  6. Flow OS Summary
  7. Flow Log
  8. Flow Messages
  9. Flow Suppressed Messages



----------------
; Legal Notice ;
----------------
Copyright (C) 2018  Intel Corporation. All rights reserved.
Your use of Intel Corporation's design tools, logic functions 
and other software and tools, and its AMPP partner logic 
functions, and any output files from any of the foregoing 
(including device programming or simulation files), and any 
associated documentation or information are expressly subject 
to the terms and conditions of the Intel Program License 
Subscription Agreement, the Intel Quartus Prime License Agreement,
the Intel FPGA IP License Agreement, or other applicable license
agreement, including, without limitation, that your use is for
the sole purpose of programming logic devices manufactured by
Intel and sold by Intel or its authorized distributors.  Please
refer to the applicable agreement for further details.



+-------------------------------------------------------------------------------+
; Flow Summary                                                                  ;
+---------------------------------+---------------------------------------------+
; Flow Status                     ; Successful - Thu Jan 10 14:19:27 2019       ;
; Quartus Prime Version           ; 18.1.0 Build 625 09/12/2018 SJ Lite Edition ;
; Revision Name                   ; HPSFPGA                                     ;
; Top-level Entity Name           ; HPSFPGA                                     ;
; Family                          ; Cyclone V                                   ;
; Device                          ; 5CSEBA6U23I7                                ;
; Timing Models                   ; Final                                       ;
; Logic utilization (in ALMs)     ; 273 / 41,910 ( < 1 % )                      ;
; Total registers                 ; 542                                         ;
; Total pins                      ; 118 / 314 ( 38 % )                          ;
; Total virtual pins              ; 0                                           ;
; Total block memory bits         ; 0 / 5,662,720 ( 0 % )                       ;
; Total DSP Blocks                ; 0 / 112 ( 0 % )                             ;
; Total HSSI RX PCSs              ; 0                                           ;
; Total HSSI PMA RX Deserializers ; 0                                           ;
; Total HSSI TX PCSs              ; 0                                           ;
; Total HSSI PMA TX Serializers   ; 0                                           ;
; Total PLLs                      ; 0 / 6 ( 0 % )                               ;
; Total DLLs                      ; 1 / 4 ( 25 % )                              ;
+---------------------------------+---------------------------------------------+


+-----------------------------------------+
; Flow Settings                           ;
+-------------------+---------------------+
; Option            ; Setting             ;
+-------------------+---------------------+
; Start date & time ; 01/10/2019 13:44:58 ;
; Main task         ; Compilation         ;
; Revision Name     ; HPSFPGA             ;
+-------------------+---------------------+


+----------------------------------------------------------------------------------------------------------------------------------------------------------------------------+
; Flow Non-Default Global Settings                                                                                                                                           ;
+---------------------------------------+------------------------------------------------------------------------+---------------+------------------------------+------------+
; Assignment Name                       ; Value                                                                  ; Default Value ; Entity Name                  ; Section Id ;
+---------------------------------------+------------------------------------------------------------------------+---------------+------------------------------+------------+
; COMPILER_SIGNATURE_ID                 ; 91758171891.154712429410984                                            ; --            ; --                           ; --         ;
; ECO_REGENERATE_REPORT                 ; On                                                                     ; Off           ; --                           ; --         ;
; HPS_ISW_FILE                          ; hps_fpga/synthesis/submodules/sequencer/alt_types.pre.h                ; --            ; hps_fpga_hps_0_hps_io_border ; --         ;
; HPS_ISW_FILE                          ; hps_fpga/synthesis/submodules/sequencer/emif.pre.xml                   ; --            ; hps_fpga_hps_0_hps_io_border ; --         ;
; HPS_ISW_FILE                          ; hps_fpga/synthesis/submodules/sequencer/sdram_io.pre.h                 ; --            ; hps_fpga_hps_0_hps_io_border ; --         ;
; HPS_ISW_FILE                          ; hps_fpga/synthesis/submodules/sequencer/sequencer.pre.c                ; --            ; hps_fpga_hps_0_hps_io_border ; --         ;
; HPS_ISW_FILE                          ; hps_fpga/synthesis/submodules/sequencer/sequencer.pre.h                ; --            ; hps_fpga_hps_0_hps_io_border ; --         ;
; HPS_ISW_FILE                          ; hps_fpga/synthesis/submodules/sequencer/sequencer_auto.pre.h           ; --            ; hps_fpga_hps_0_hps_io_border ; --         ;
; HPS_ISW_FILE                          ; hps_fpga/synthesis/submodules/sequencer/sequencer_auto_ac_init.pre.c   ; --            ; hps_fpga_hps_0_hps_io_border ; --         ;
; HPS_ISW_FILE                          ; hps_fpga/synthesis/submodules/sequencer/sequencer_auto_inst_init.pre.c ; --            ; hps_fpga_hps_0_hps_io_border ; --         ;
; HPS_ISW_FILE                          ; hps_fpga/synthesis/submodules/sequencer/sequencer_defines.pre.h        ; --            ; hps_fpga_hps_0_hps_io_border ; --         ;
; HPS_ISW_FILE                          ; hps_fpga/synthesis/submodules/sequencer/system.pre.h                   ; --            ; hps_fpga_hps_0_hps_io_border ; --         ;
; HPS_ISW_FILE                          ; hps_fpga/synthesis/submodules/sequencer/tclrpt.pre.c                   ; --            ; hps_fpga_hps_0_hps_io_border ; --         ;
; HPS_ISW_FILE                          ; hps_fpga/synthesis/submodules/sequencer/tclrpt.pre.h                   ; --            ; hps_fpga_hps_0_hps_io_border ; --         ;
; HPS_ISW_FILE                          ; hps_fpga/synthesis/submodules/hps.pre.xml                              ; --            ; hps_fpga_hps_0_hps_io_border ; --         ;
; HPS_PARTITION                         ; On                                                                     ; --            ; hps_fpga_hps_0_hps_io_border ; --         ;
; MISC_FILE                             ; hps_fpga/synthesis/../hps_fpga.cmp                                     ; --            ; --                           ; --         ;
; MISC_FILE                             ; hps_fpga/synthesis/../../D                                             ; --            ; --                           ; --         ;
; MISC_FILE                             ; hps_fpga/synthesis/hps_fpga_hps_0_hps.svd                              ; --            ; --                           ; --         ;
; MISC_FILE                             ; hps_fpga/synthesis/../../hps_fpga.qsys                                 ; --            ; --                           ; --         ;
; MISC_FILE                             ; hps_fpga/synthesis/submodules/sequencer/alt_types.pre.h                ; --            ; --                           ; --         ;
; MISC_FILE                             ; hps_fpga/synthesis/submodules/sequencer/emif.pre.xml                   ; --            ; --                           ; --         ;
; MISC_FILE                             ; hps_fpga/synthesis/submodules/sequencer/sdram_io.pre.h                 ; --            ; --                           ; --         ;
; MISC_FILE                             ; hps_fpga/synthesis/submodules/sequencer/sequencer.pre.c                ; --            ; --                           ; --         ;
; MISC_FILE                             ; hps_fpga/synthesis/submodules/sequencer/sequencer.pre.h                ; --            ; --                           ; --         ;
; MISC_FILE                             ; hps_fpga/synthesis/submodules/sequencer/sequencer_auto.pre.h           ; --            ; --                           ; --         ;
; MISC_FILE                             ; hps_fpga/synthesis/submodules/sequencer/sequencer_auto_ac_init.pre.c   ; --            ; --                           ; --         ;
; MISC_FILE                             ; hps_fpga/synthesis/submodules/sequencer/sequencer_auto_inst_init.pre.c ; --            ; --                           ; --         ;
; MISC_FILE                             ; hps_fpga/synthesis/submodules/sequencer/sequencer_defines.pre.h        ; --            ; --                           ; --         ;
; MISC_FILE                             ; hps_fpga/synthesis/submodules/sequencer/system.pre.h                   ; --            ; --                           ; --         ;
; MISC_FILE                             ; hps_fpga/synthesis/submodules/sequencer/tclrpt.pre.c                   ; --            ; --                           ; --         ;
; MISC_FILE                             ; hps_fpga/synthesis/submodules/sequencer/tclrpt.pre.h                   ; --            ; --                           ; --         ;
; MISC_FILE                             ; hps_fpga/synthesis/submodules/hps.pre.xml                              ; --            ; --                           ; --         ;
; PARTITION_COLOR                       ; -- (Not supported for targeted family)                                 ; --            ; DE10_NANO_SOC_FB             ; Top        ;
; PARTITION_COLOR                       ; -- (Not supported for targeted family)                                 ; --            ; DE10_Nano_golden_top         ; Top        ;
; PARTITION_COLOR                       ; -- (Not supported for targeted family)                                 ; --            ; --                           ; Top        ;
; PARTITION_FITTER_PRESERVATION_LEVEL   ; -- (Not supported for targeted family)                                 ; --            ; DE10_NANO_SOC_FB             ; Top        ;
; PARTITION_FITTER_PRESERVATION_LEVEL   ; -- (Not supported for targeted family)                                 ; --            ; DE10_Nano_golden_top         ; Top        ;
; PARTITION_FITTER_PRESERVATION_LEVEL   ; -- (Not supported for targeted family)                                 ; --            ; --                           ; Top        ;
; PARTITION_NETLIST_TYPE                ; -- (Not supported for targeted family)                                 ; --            ; DE10_NANO_SOC_FB             ; Top        ;
; PARTITION_NETLIST_TYPE                ; -- (Not supported for targeted family)                                 ; --            ; DE10_Nano_golden_top         ; Top        ;
; PARTITION_NETLIST_TYPE                ; -- (Not supported for targeted family)                                 ; --            ; --                           ; Top        ;
; PROJECT_OUTPUT_DIRECTORY              ; output_files                                                           ; --            ; --                           ; --         ;
; SLD_FILE                              ; hps_fpga/synthesis/hps_fpga.regmap                                     ; --            ; --                           ; --         ;
; SLD_FILE                              ; hps_fpga/synthesis/hps_fpga.debuginfo                                  ; --            ; --                           ; --         ;
; SLD_INFO                              ; QSYS_NAME hps_fpga HAS_SOPCINFO 1 GENERATION_ID 1547119689             ; --            ; hps_fpga                     ; --         ;
; SOPCINFO_FILE                         ; hps_fpga/synthesis/../../hps_fpga.sopcinfo                             ; --            ; --                           ; --         ;
; SYNTHESIS_ONLY_QIP                    ; On                                                                     ; --            ; --                           ; --         ;
; USE_DLL_FREQUENCY_FOR_DQS_DELAY_CHAIN ; On                                                                     ; Off           ; --                           ; --         ;
+---------------------------------------+------------------------------------------------------------------------+---------------+------------------------------+------------+


+--------------------------------------------------------------------------------------------------------------------------+
; Flow Elapsed Time                                                                                                        ;
+----------------------+--------------+-------------------------+---------------------+------------------------------------+
; Module Name          ; Elapsed Time ; Average Processors Used ; Peak Virtual Memory ; Total CPU Time (on all processors) ;
+----------------------+--------------+-------------------------+---------------------+------------------------------------+
; Analysis & Synthesis ; 00:00:24     ; 1.0                     ; 966 MB              ; 00:00:32                           ;
; Fitter               ; 00:01:17     ; 1.1                     ; 3218 MB             ; 00:01:45                           ;
; Assembler            ; 00:00:12     ; 1.0                     ; 754 MB              ; 00:00:10                           ;
; Timing Analyzer      ; 00:00:33     ; 1.1                     ; 1713 MB             ; 00:00:32                           ;
; Total                ; 00:02:26     ; --                      ; --                  ; 00:02:59                           ;
+----------------------+--------------+-------------------------+---------------------+------------------------------------+


+------------------------------------------------------------------------------------+
; Flow OS Summary                                                                    ;
+----------------------+------------------+------------+------------+----------------+
; Module Name          ; Machine Hostname ; OS Name    ; OS Version ; Processor type ;
+----------------------+------------------+------------+------------+----------------+
; Analysis & Synthesis ; jagumiel         ; Windows 10 ; 10.0       ; x86_64         ;
; Fitter               ; jagumiel         ; Windows 10 ; 10.0       ; x86_64         ;
; Assembler            ; jagumiel         ; Windows 10 ; 10.0       ; x86_64         ;
; Timing Analyzer      ; jagumiel         ; Windows 10 ; 10.0       ; x86_64         ;
+----------------------+------------------+------------+------------+----------------+


------------
; Flow Log ;
------------
quartus_map --read_settings_files=on --write_settings_files=off HPSFPGA -c HPSFPGA
quartus_fit --read_settings_files=off --write_settings_files=off HPSFPGA -c HPSFPGA
quartus_asm --read_settings_files=off --write_settings_files=off HPSFPGA -c HPSFPGA
quartus_sta HPSFPGA -c HPSFPGA
quartus_eda --read_settings_files=on --write_settings_files=off HPSFPGA -c HPSFPGA



