Analysis & Synthesis report for pruebaI2C
Wed Nov 14 11:35:18 2018
Quartus Prime Version 18.1.0 Build 625 09/12/2018 SJ Lite Edition


---------------------
; Table of Contents ;
---------------------
  1. Legal Notice
  2. Analysis & Synthesis Summary
  3. Analysis & Synthesis Settings
  4. Parallel Compilation
  5. Analysis & Synthesis Source Files Read
  6. Analysis & Synthesis Resource Usage Summary
  7. Analysis & Synthesis Resource Utilization by Entity
  8. State Machine - |pruebaI2C|ep
  9. State Machine - |pruebaI2C|es
 10. State Machine - |pruebaI2C|masterI2C:inst1|ep
 11. User-Specified and Inferred Latches
 12. General Register Statistics
 13. Inverted Register Statistics
 14. Multiplexer Restructuring Statistics (Restructuring Performed)
 15. Port Connectivity Checks: "masterI2C:inst1"
 16. Post-Synthesis Netlist Statistics for Top Partition
 17. Elapsed Time Per Partition
 18. Analysis & Synthesis Messages



----------------
; Legal Notice ;
----------------
Copyright (C) 2018  Intel Corporation. All rights reserved.
Your use of Intel Corporation's design tools, logic functions 
and other software and tools, and its AMPP partner logic 
functions, and any output files from any of the foregoing 
(including device programming or simulation files), and any 
associated documentation or information are expressly subject 
to the terms and conditions of the Intel Program License 
Subscription Agreement, the Intel Quartus Prime License Agreement,
the Intel FPGA IP License Agreement, or other applicable license
agreement, including, without limitation, that your use is for
the sole purpose of programming logic devices manufactured by
Intel and sold by Intel or its authorized distributors.  Please
refer to the applicable agreement for further details.



+-------------------------------------------------------------------------------+
; Analysis & Synthesis Summary                                                  ;
+---------------------------------+---------------------------------------------+
; Analysis & Synthesis Status     ; Successful - Wed Nov 14 11:35:18 2018       ;
; Quartus Prime Version           ; 18.1.0 Build 625 09/12/2018 SJ Lite Edition ;
; Revision Name                   ; pruebaI2C                                   ;
; Top-level Entity Name           ; pruebaI2C                                   ;
; Family                          ; Cyclone V                                   ;
; Logic utilization (in ALMs)     ; N/A                                         ;
; Total registers                 ; 51                                          ;
; Total pins                      ; 5                                           ;
; Total virtual pins              ; 0                                           ;
; Total block memory bits         ; 0                                           ;
; Total DSP Blocks                ; 0                                           ;
; Total HSSI RX PCSs              ; 0                                           ;
; Total HSSI PMA RX Deserializers ; 0                                           ;
; Total HSSI TX PCSs              ; 0                                           ;
; Total HSSI PMA TX Serializers   ; 0                                           ;
; Total PLLs                      ; 0                                           ;
; Total DLLs                      ; 0                                           ;
+---------------------------------+---------------------------------------------+


+---------------------------------------------------------------------------------------------------------------------------+
; Analysis & Synthesis Settings                                                                                             ;
+---------------------------------------------------------------------------------+--------------------+--------------------+
; Option                                                                          ; Setting            ; Default Value      ;
+---------------------------------------------------------------------------------+--------------------+--------------------+
; Device                                                                          ; 5CSEBA6U23I7       ;                    ;
; Top-level entity name                                                           ; pruebaI2C          ; pruebaI2C          ;
; Family name                                                                     ; Cyclone V          ; Cyclone V          ;
; Maximum processors allowed for parallel compilation                             ; 4                  ;                    ;
; Use smart compilation                                                           ; Off                ; Off                ;
; Enable parallel Assembler and Timing Analyzer during compilation                ; On                 ; On                 ;
; Enable compact report table                                                     ; Off                ; Off                ;
; Restructure Multiplexers                                                        ; Auto               ; Auto               ;
; MLAB Add Timing Constraints For Mixed-Port Feed-Through Mode Setting Don't Care ; Off                ; Off                ;
; Create Debugging Nodes for IP Cores                                             ; Off                ; Off                ;
; Preserve fewer node names                                                       ; On                 ; On                 ;
; Intel FPGA IP Evaluation Mode                                                   ; Enable             ; Enable             ;
; Verilog Version                                                                 ; Verilog_2001       ; Verilog_2001       ;
; VHDL Version                                                                    ; VHDL_1993          ; VHDL_1993          ;
; State Machine Processing                                                        ; Auto               ; Auto               ;
; Safe State Machine                                                              ; Off                ; Off                ;
; Extract Verilog State Machines                                                  ; On                 ; On                 ;
; Extract VHDL State Machines                                                     ; On                 ; On                 ;
; Ignore Verilog initial constructs                                               ; Off                ; Off                ;
; Iteration limit for constant Verilog loops                                      ; 5000               ; 5000               ;
; Iteration limit for non-constant Verilog loops                                  ; 250                ; 250                ;
; Add Pass-Through Logic to Inferred RAMs                                         ; On                 ; On                 ;
; Infer RAMs from Raw Logic                                                       ; On                 ; On                 ;
; Parallel Synthesis                                                              ; On                 ; On                 ;
; DSP Block Balancing                                                             ; Auto               ; Auto               ;
; NOT Gate Push-Back                                                              ; On                 ; On                 ;
; Power-Up Don't Care                                                             ; On                 ; On                 ;
; Remove Redundant Logic Cells                                                    ; Off                ; Off                ;
; Remove Duplicate Registers                                                      ; On                 ; On                 ;
; Ignore CARRY Buffers                                                            ; Off                ; Off                ;
; Ignore CASCADE Buffers                                                          ; Off                ; Off                ;
; Ignore GLOBAL Buffers                                                           ; Off                ; Off                ;
; Ignore ROW GLOBAL Buffers                                                       ; Off                ; Off                ;
; Ignore LCELL Buffers                                                            ; Off                ; Off                ;
; Ignore SOFT Buffers                                                             ; On                 ; On                 ;
; Limit AHDL Integers to 32 Bits                                                  ; Off                ; Off                ;
; Optimization Technique                                                          ; Balanced           ; Balanced           ;
; Carry Chain Length                                                              ; 70                 ; 70                 ;
; Auto Carry Chains                                                               ; On                 ; On                 ;
; Auto Open-Drain Pins                                                            ; On                 ; On                 ;
; Perform WYSIWYG Primitive Resynthesis                                           ; Off                ; Off                ;
; Auto ROM Replacement                                                            ; On                 ; On                 ;
; Auto RAM Replacement                                                            ; On                 ; On                 ;
; Auto DSP Block Replacement                                                      ; On                 ; On                 ;
; Auto Shift Register Replacement                                                 ; Auto               ; Auto               ;
; Allow Shift Register Merging across Hierarchies                                 ; Auto               ; Auto               ;
; Auto Clock Enable Replacement                                                   ; On                 ; On                 ;
; Strict RAM Replacement                                                          ; Off                ; Off                ;
; Allow Synchronous Control Signals                                               ; On                 ; On                 ;
; Force Use of Synchronous Clear Signals                                          ; Off                ; Off                ;
; Auto Resource Sharing                                                           ; Off                ; Off                ;
; Allow Any RAM Size For Recognition                                              ; Off                ; Off                ;
; Allow Any ROM Size For Recognition                                              ; Off                ; Off                ;
; Allow Any Shift Register Size For Recognition                                   ; Off                ; Off                ;
; Use LogicLock Constraints during Resource Balancing                             ; On                 ; On                 ;
; Ignore translate_off and synthesis_off directives                               ; Off                ; Off                ;
; Timing-Driven Synthesis                                                         ; On                 ; On                 ;
; Report Parameter Settings                                                       ; On                 ; On                 ;
; Report Source Assignments                                                       ; On                 ; On                 ;
; Report Connectivity Checks                                                      ; On                 ; On                 ;
; Ignore Maximum Fan-Out Assignments                                              ; Off                ; Off                ;
; Synchronization Register Chain Length                                           ; 3                  ; 3                  ;
; Power Optimization During Synthesis                                             ; Normal compilation ; Normal compilation ;
; HDL message level                                                               ; Level2             ; Level2             ;
; Suppress Register Optimization Related Messages                                 ; Off                ; Off                ;
; Number of Removed Registers Reported in Synthesis Report                        ; 5000               ; 5000               ;
; Number of Swept Nodes Reported in Synthesis Report                              ; 5000               ; 5000               ;
; Number of Inverted Registers Reported in Synthesis Report                       ; 100                ; 100                ;
; Clock MUX Protection                                                            ; On                 ; On                 ;
; Auto Gated Clock Conversion                                                     ; Off                ; Off                ;
; Block Design Naming                                                             ; Auto               ; Auto               ;
; SDC constraint protection                                                       ; Off                ; Off                ;
; Synthesis Effort                                                                ; Auto               ; Auto               ;
; Shift Register Replacement - Allow Asynchronous Clear Signal                    ; On                 ; On                 ;
; Pre-Mapping Resynthesis Optimization                                            ; Off                ; Off                ;
; Analysis & Synthesis Message Level                                              ; Medium             ; Medium             ;
; Disable Register Merging Across Hierarchies                                     ; Auto               ; Auto               ;
; Resource Aware Inference For Block RAM                                          ; On                 ; On                 ;
; Automatic Parallel Synthesis                                                    ; On                 ; On                 ;
; Partial Reconfiguration Bitstream ID                                            ; Off                ; Off                ;
+---------------------------------------------------------------------------------+--------------------+--------------------+


+------------------------------------------+
; Parallel Compilation                     ;
+----------------------------+-------------+
; Processors                 ; Number      ;
+----------------------------+-------------+
; Number detected on machine ; 8           ;
; Maximum allowed            ; 4           ;
;                            ;             ;
; Average used               ; 1.00        ;
; Maximum used               ; 4           ;
;                            ;             ;
; Usage by Processor         ; % Time Used ;
;     Processor 1            ; 100.0%      ;
;     Processors 2-4         ;   0.0%      ;
+----------------------------+-------------+


+--------------------------------------------------------------------------------------------------------------------------------------------------------+
; Analysis & Synthesis Source Files Read                                                                                                                 ;
+----------------------------------+-----------------+-----------------+-----------------------------------------------------------------------+---------+
; File Name with User-Entered Path ; Used in Netlist ; File Type       ; File Name with Absolute Path                                          ; Library ;
+----------------------------------+-----------------+-----------------+-----------------------------------------------------------------------+---------+
; pruebaI2C.vhd                    ; yes             ; User VHDL File  ; D:/Users/jagumiel/Desktop/DE1-Nano/misPruebas/pruebaI2C/pruebaI2C.vhd ;         ;
; masterI2C.vhd                    ; yes             ; User VHDL File  ; D:/Users/jagumiel/Desktop/DE1-Nano/misPruebas/pruebaI2C/masterI2C.vhd ;         ;
+----------------------------------+-----------------+-----------------+-----------------------------------------------------------------------+---------+


+------------------------------------------------------------------+
; Analysis & Synthesis Resource Usage Summary                      ;
+---------------------------------------------+--------------------+
; Resource                                    ; Usage              ;
+---------------------------------------------+--------------------+
; Estimate of Logic utilization (ALMs needed) ; 46                 ;
;                                             ;                    ;
; Combinational ALUT usage for logic          ; 78                 ;
;     -- 7 input functions                    ; 0                  ;
;     -- 6 input functions                    ; 12                 ;
;     -- 5 input functions                    ; 9                  ;
;     -- 4 input functions                    ; 18                 ;
;     -- <=3 input functions                  ; 39                 ;
;                                             ;                    ;
; Dedicated logic registers                   ; 51                 ;
;                                             ;                    ;
; I/O pins                                    ; 5                  ;
;                                             ;                    ;
; Total DSP Blocks                            ; 0                  ;
;                                             ;                    ;
; Maximum fan-out node                        ; FPGA_CLK1_50~input ;
; Maximum fan-out                             ; 35                 ;
; Total fan-out                               ; 425                ;
; Average fan-out                             ; 3.04               ;
+---------------------------------------------+--------------------+


+-----------------------------------------------------------------------------------------------------------------------------------------------------------------------------------------------+
; Analysis & Synthesis Resource Utilization by Entity                                                                                                                                           ;
+----------------------------+---------------------+---------------------------+-------------------+------------+------+--------------+----------------------------+-------------+--------------+
; Compilation Hierarchy Node ; Combinational ALUTs ; Dedicated Logic Registers ; Block Memory Bits ; DSP Blocks ; Pins ; Virtual Pins ; Full Hierarchy Name        ; Entity Name ; Library Name ;
+----------------------------+---------------------+---------------------------+-------------------+------------+------+--------------+----------------------------+-------------+--------------+
; |pruebaI2C                 ; 78 (25)             ; 51 (21)                   ; 0                 ; 0          ; 5    ; 0            ; |pruebaI2C                 ; pruebaI2C   ; work         ;
;    |masterI2C:inst1|       ; 53 (53)             ; 30 (30)                   ; 0                 ; 0          ; 0    ; 0            ; |pruebaI2C|masterI2C:inst1 ; masterI2C   ; work         ;
+----------------------------+---------------------+---------------------------+-------------------+------------+------+--------------+----------------------------+-------------+--------------+
Note: For table entries with two numbers listed, the numbers in parentheses indicate the number of resources of the given type used by the specific entity alone. The numbers listed outside of parentheses indicate the total resources of the given type used by the specific entity and all of its sub-entities in the hierarchy.


Encoding Type:  One-Hot
+-------------------------------+
; State Machine - |pruebaI2C|ep ;
+-------+-------+-------+-------+
; Name  ; ep.e2 ; ep.e1 ; ep.e0 ;
+-------+-------+-------+-------+
; ep.e0 ; 0     ; 0     ; 0     ;
; ep.e1 ; 0     ; 1     ; 1     ;
; ep.e2 ; 1     ; 0     ; 1     ;
+-------+-------+-------+-------+


Encoding Type:  One-Hot
+-------------------------------+
; State Machine - |pruebaI2C|es ;
+-------+-------+-------+-------+
; Name  ; es.e2 ; es.e1 ; es.e0 ;
+-------+-------+-------+-------+
; es.e0 ; 0     ; 0     ; 0     ;
; es.e1 ; 0     ; 1     ; 1     ;
; es.e2 ; 1     ; 0     ; 1     ;
+-------+-------+-------+-------+


Encoding Type:  One-Hot
+-------------------------------------------------------------------------------+
; State Machine - |pruebaI2C|masterI2C:inst1|ep                                 ;
+-------+-------+-------+-------+-------+-------+-------+-------+-------+-------+
; Name  ; ep.e8 ; ep.e7 ; ep.e6 ; ep.e5 ; ep.e4 ; ep.e3 ; ep.e2 ; ep.e1 ; ep.e0 ;
+-------+-------+-------+-------+-------+-------+-------+-------+-------+-------+
; ep.e0 ; 0     ; 0     ; 0     ; 0     ; 0     ; 0     ; 0     ; 0     ; 0     ;
; ep.e1 ; 0     ; 0     ; 0     ; 0     ; 0     ; 0     ; 0     ; 1     ; 1     ;
; ep.e2 ; 0     ; 0     ; 0     ; 0     ; 0     ; 0     ; 1     ; 0     ; 1     ;
; ep.e3 ; 0     ; 0     ; 0     ; 0     ; 0     ; 1     ; 0     ; 0     ; 1     ;
; ep.e4 ; 0     ; 0     ; 0     ; 0     ; 1     ; 0     ; 0     ; 0     ; 1     ;
; ep.e5 ; 0     ; 0     ; 0     ; 1     ; 0     ; 0     ; 0     ; 0     ; 1     ;
; ep.e6 ; 0     ; 0     ; 1     ; 0     ; 0     ; 0     ; 0     ; 0     ; 1     ;
; ep.e7 ; 0     ; 1     ; 0     ; 0     ; 0     ; 0     ; 0     ; 0     ; 1     ;
; ep.e8 ; 1     ; 0     ; 0     ; 0     ; 0     ; 0     ; 0     ; 0     ; 1     ;
+-------+-------+-------+-------+-------+-------+-------+-------+-------+-------+


+---------------------------------------------------------------------------------------------------+
; User-Specified and Inferred Latches                                                               ;
+----------------------------------------------------+---------------------+------------------------+
; Latch Name                                         ; Latch Enable Signal ; Free of Timing Hazards ;
+----------------------------------------------------+---------------------+------------------------+
; data[0]                                            ; GND                 ; yes                    ;
; data[2]                                            ; GND                 ; yes                    ;
; data[5]                                            ; GND                 ; yes                    ;
; data[7]                                            ; GND                 ; yes                    ;
; command[1]                                         ; GND                 ; yes                    ;
; Number of user-specified and inferred latches = 5  ;                     ;                        ;
+----------------------------------------------------+---------------------+------------------------+
Note: All latches listed above may not be present at the end of synthesis due to various synthesis optimizations.


+------------------------------------------------------+
; General Register Statistics                          ;
+----------------------------------------------+-------+
; Statistic                                    ; Value ;
+----------------------------------------------+-------+
; Total registers                              ; 51    ;
; Number of registers using Synchronous Clear  ; 22    ;
; Number of registers using Synchronous Load   ; 0     ;
; Number of registers using Asynchronous Clear ; 0     ;
; Number of registers using Asynchronous Load  ; 0     ;
; Number of registers using Clock Enable       ; 15    ;
; Number of registers using Preset             ; 0     ;
+----------------------------------------------+-------+


+--------------------------------------------------+
; Inverted Register Statistics                     ;
+----------------------------------------+---------+
; Inverted Register                      ; Fan out ;
+----------------------------------------+---------+
; masterI2C:inst1|sdat_gen               ; 4       ;
; masterI2C:inst1|cBits[0]               ; 10      ;
; masterI2C:inst1|cBits[1]               ; 8       ;
; masterI2C:inst1|cBits[2]               ; 6       ;
; masterI2C:inst1|hold                   ; 3       ;
; Total number of inverted registers = 5 ;         ;
+----------------------------------------+---------+


+---------------------------------------------------------------------------------------------------------------------------------------------------+
; Multiplexer Restructuring Statistics (Restructuring Performed)                                                                                    ;
+--------------------+-----------+---------------+----------------------+------------------------+------------+-------------------------------------+
; Multiplexer Inputs ; Bus Width ; Baseline Area ; Area if Restructured ; Saving if Restructured ; Registered ; Example Multiplexer Output          ;
+--------------------+-----------+---------------+----------------------+------------------------+------------+-------------------------------------+
; 4:1                ; 3 bits    ; 6 LEs         ; 3 LEs                ; 3 LEs                  ; Yes        ; |pruebaI2C|masterI2C:inst1|cBits[2] ;
+--------------------+-----------+---------------+----------------------+------------------------+------------+-------------------------------------+


+---------------------------------------------+
; Port Connectivity Checks: "masterI2C:inst1" ;
+-----------+-------+----------+--------------+
; Port      ; Type  ; Severity ; Details      ;
+-----------+-------+----------+--------------+
; add[7..5] ; Input ; Info     ; Stuck at VCC ;
; add[4..3] ; Input ; Info     ; Stuck at GND ;
; add[1..0] ; Input ; Info     ; Stuck at GND ;
; add[2]    ; Input ; Info     ; Stuck at VCC ;
; com[7..2] ; Input ; Info     ; Stuck at GND ;
; com[0]    ; Input ; Info     ; Stuck at VCC ;
; dat[6]    ; Input ; Info     ; Stuck at GND ;
; dat[4]    ; Input ; Info     ; Stuck at GND ;
; dat[3]    ; Input ; Info     ; Stuck at VCC ;
; dat[1]    ; Input ; Info     ; Stuck at VCC ;
+-----------+-------+----------+--------------+


+-----------------------------------------------------+
; Post-Synthesis Netlist Statistics for Top Partition ;
+-----------------------+-----------------------------+
; Type                  ; Count                       ;
+-----------------------+-----------------------------+
; arriav_ff             ; 51                          ;
;     ENA               ; 1                           ;
;     ENA SCLR          ; 14                          ;
;     SCLR              ; 8                           ;
;     plain             ; 28                          ;
; arriav_io_obuf        ; 2                           ;
; arriav_lcell_comb     ; 78                          ;
;     arith             ; 22                          ;
;         1 data inputs ; 22                          ;
;     normal            ; 56                          ;
;         1 data inputs ; 1                           ;
;         2 data inputs ; 2                           ;
;         3 data inputs ; 14                          ;
;         4 data inputs ; 18                          ;
;         5 data inputs ; 9                           ;
;         6 data inputs ; 12                          ;
; boundary_port         ; 5                           ;
;                       ;                             ;
; Max LUT depth         ; 4.00                        ;
; Average LUT depth     ; 1.92                        ;
+-----------------------+-----------------------------+


+-------------------------------+
; Elapsed Time Per Partition    ;
+----------------+--------------+
; Partition Name ; Elapsed Time ;
+----------------+--------------+
; Top            ; 00:00:00     ;
+----------------+--------------+


+-------------------------------+
; Analysis & Synthesis Messages ;
+-------------------------------+
Info: *******************************************************************
Info: Running Quartus Prime Analysis & Synthesis
    Info: Version 18.1.0 Build 625 09/12/2018 SJ Lite Edition
    Info: Processing started: Wed Nov 14 11:35:03 2018
Info: Command: quartus_map --read_settings_files=on --write_settings_files=off pruebaI2C -c pruebaI2C
Info (20032): Parallel compilation is enabled and will use up to 4 processors
Info (12021): Found 2 design units, including 1 entities, in source file pruebai2c.vhd
    Info (12022): Found design unit 1: pruebaI2C-a File: D:/Users/jagumiel/Desktop/DE1-Nano/misPruebas/pruebaI2C/pruebaI2C.vhd Line: 14
    Info (12023): Found entity 1: pruebaI2C File: D:/Users/jagumiel/Desktop/DE1-Nano/misPruebas/pruebaI2C/pruebaI2C.vhd Line: 6
Info (12021): Found 2 design units, including 1 entities, in source file masteri2c.vhd
    Info (12022): Found design unit 1: masterI2C-a File: D:/Users/jagumiel/Desktop/DE1-Nano/misPruebas/pruebaI2C/masterI2C.vhd Line: 21
    Info (12023): Found entity 1: masterI2C File: D:/Users/jagumiel/Desktop/DE1-Nano/misPruebas/pruebaI2C/masterI2C.vhd Line: 7
Info (12127): Elaborating entity "pruebaI2C" for the top level hierarchy
Info (10041): Inferred latch for "data[0]" at pruebaI2C.vhd(84) File: D:/Users/jagumiel/Desktop/DE1-Nano/misPruebas/pruebaI2C/pruebaI2C.vhd Line: 84
Info (10041): Inferred latch for "data[1]" at pruebaI2C.vhd(84) File: D:/Users/jagumiel/Desktop/DE1-Nano/misPruebas/pruebaI2C/pruebaI2C.vhd Line: 84
Info (10041): Inferred latch for "data[2]" at pruebaI2C.vhd(84) File: D:/Users/jagumiel/Desktop/DE1-Nano/misPruebas/pruebaI2C/pruebaI2C.vhd Line: 84
Info (10041): Inferred latch for "data[3]" at pruebaI2C.vhd(84) File: D:/Users/jagumiel/Desktop/DE1-Nano/misPruebas/pruebaI2C/pruebaI2C.vhd Line: 84
Info (10041): Inferred latch for "data[4]" at pruebaI2C.vhd(84) File: D:/Users/jagumiel/Desktop/DE1-Nano/misPruebas/pruebaI2C/pruebaI2C.vhd Line: 84
Info (10041): Inferred latch for "data[5]" at pruebaI2C.vhd(84) File: D:/Users/jagumiel/Desktop/DE1-Nano/misPruebas/pruebaI2C/pruebaI2C.vhd Line: 84
Info (10041): Inferred latch for "data[6]" at pruebaI2C.vhd(84) File: D:/Users/jagumiel/Desktop/DE1-Nano/misPruebas/pruebaI2C/pruebaI2C.vhd Line: 84
Info (10041): Inferred latch for "data[7]" at pruebaI2C.vhd(84) File: D:/Users/jagumiel/Desktop/DE1-Nano/misPruebas/pruebaI2C/pruebaI2C.vhd Line: 84
Info (10041): Inferred latch for "command[0]" at pruebaI2C.vhd(83) File: D:/Users/jagumiel/Desktop/DE1-Nano/misPruebas/pruebaI2C/pruebaI2C.vhd Line: 83
Info (10041): Inferred latch for "command[1]" at pruebaI2C.vhd(83) File: D:/Users/jagumiel/Desktop/DE1-Nano/misPruebas/pruebaI2C/pruebaI2C.vhd Line: 83
Info (10041): Inferred latch for "command[2]" at pruebaI2C.vhd(83) File: D:/Users/jagumiel/Desktop/DE1-Nano/misPruebas/pruebaI2C/pruebaI2C.vhd Line: 83
Info (10041): Inferred latch for "command[3]" at pruebaI2C.vhd(83) File: D:/Users/jagumiel/Desktop/DE1-Nano/misPruebas/pruebaI2C/pruebaI2C.vhd Line: 83
Info (10041): Inferred latch for "command[4]" at pruebaI2C.vhd(83) File: D:/Users/jagumiel/Desktop/DE1-Nano/misPruebas/pruebaI2C/pruebaI2C.vhd Line: 83
Info (10041): Inferred latch for "command[5]" at pruebaI2C.vhd(83) File: D:/Users/jagumiel/Desktop/DE1-Nano/misPruebas/pruebaI2C/pruebaI2C.vhd Line: 83
Info (10041): Inferred latch for "command[6]" at pruebaI2C.vhd(83) File: D:/Users/jagumiel/Desktop/DE1-Nano/misPruebas/pruebaI2C/pruebaI2C.vhd Line: 83
Info (10041): Inferred latch for "command[7]" at pruebaI2C.vhd(83) File: D:/Users/jagumiel/Desktop/DE1-Nano/misPruebas/pruebaI2C/pruebaI2C.vhd Line: 83
Info (12128): Elaborating entity "masterI2C" for hierarchy "masterI2C:inst1" File: D:/Users/jagumiel/Desktop/DE1-Nano/misPruebas/pruebaI2C/pruebaI2C.vhd Line: 112
Warning (10540): VHDL Signal Declaration warning at masterI2C.vhd(34): used explicit default value for signal "ack" because signal was never assigned a value File: D:/Users/jagumiel/Desktop/DE1-Nano/misPruebas/pruebaI2C/masterI2C.vhd Line: 34
Info (286030): Timing-Driven Synthesis is running
Info (16010): Generating hard_block partition "hard_block:auto_generated_inst"
    Info (16011): Adding 0 node(s), including 0 DDIO, 0 PLL, 0 transceiver and 0 LCELL
Warning (21074): Design contains 1 input pin(s) that do not drive logic
    Warning (15610): No output dependent on input pin "KEY[1]" File: D:/Users/jagumiel/Desktop/DE1-Nano/misPruebas/pruebaI2C/pruebaI2C.vhd Line: 9
Info (21057): Implemented 88 device resources after synthesis - the final resource count might be different
    Info (21058): Implemented 3 input pins
    Info (21059): Implemented 1 output pins
    Info (21060): Implemented 1 bidirectional pins
    Info (21061): Implemented 83 logic cells
Info: Quartus Prime Analysis & Synthesis was successful. 0 errors, 3 warnings
    Info: Peak virtual memory: 748 megabytes
    Info: Processing ended: Wed Nov 14 11:35:19 2018
    Info: Elapsed time: 00:00:16
    Info: Total CPU time (on all processors): 00:00:23


