IP Upgrade report for lights
Thu Oct 25 09:29:04 2018
Quartus Prime Version 18.1.0 Build 625 09/12/2018 SJ Lite Edition


---------------------
; Table of Contents ;
---------------------
  1. Legal Notice
  2. IP Upgrade Summary
  3. Successfully Upgraded IP Components
  4. IP Upgrade Messages



----------------
; Legal Notice ;
----------------
Copyright (C) 2018  Intel Corporation. All rights reserved.
Your use of Intel Corporation's design tools, logic functions 
and other software and tools, and its AMPP partner logic 
functions, and any output files from any of the foregoing 
(including device programming or simulation files), and any 
associated documentation or information are expressly subject 
to the terms and conditions of the Intel Program License 
Subscription Agreement, the Intel Quartus Prime License Agreement,
the Intel FPGA IP License Agreement, or other applicable license
agreement, including, without limitation, that your use is for
the sole purpose of programming logic devices manufactured by
Intel and sold by Intel or its authorized distributors.  Please
refer to the applicable agreement for further details.



+----------------------------------------------------------------------------+
; IP Upgrade Summary                                                         ;
+------------------------------+---------------------------------------------+
; IP Components Upgrade Status ; Passed - Thu Oct 25 09:29:04 2018           ;
; Quartus Prime Version        ; 18.1.0 Build 625 09/12/2018 SJ Lite Edition ;
; Revision Name                ; lights                                      ;
; Top-level Entity Name        ; lights                                      ;
; Family                       ; Cyclone V                                   ;
+------------------------------+---------------------------------------------+


+---------------------------------------------------------------------------------------------------------------------------------------------------------+
; Successfully Upgraded IP Components                                                                                                                     ;
+-------------+----------------+---------+---------------------------------------+----------------------+---------------------------------------+---------+
; Entity Name ; Component Name ; Version ; Original Source File                  ; Generation File Path ; New Source File                       ; Message ;
+-------------+----------------+---------+---------------------------------------+----------------------+---------------------------------------+---------+
; nios_system ; Qsys           ; 17.1    ; nios_system/synthesis/nios_system.qip ; nios_system.qsys     ; nios_system/synthesis/nios_system.qip ;         ;
+-------------+----------------+---------+---------------------------------------+----------------------+---------------------------------------+---------+


+---------------------+
; IP Upgrade Messages ;
+---------------------+
Info (11902): Backing up file "nios_system.qsys" to "nios_system.BAK.qsys"
Info (11902): Backing up file "nios_system/synthesis/nios_system.vhd" to "nios_system.BAK.vhd"
Info (11837): Started upgrading IP component Qsys with file "nios_system.qsys"
Info: 2018.10.25.09:28:26 Info: Starting to upgrade the IP cores in the Platform Designer system
Info: 2018.10.25.09:28:26 Info: Finished upgrading the ip cores
Info: 2018.10.25.09:28:34 Info: Saving generation log to D:/Users/jagumiel/Desktop/DE1-Nano/misPruebas/pruebaQsys/nios_system
Info: 2018.10.25.09:28:34 Info: Starting: Create simulation model
Info: 2018.10.25.09:28:34 Info: qsys-generate D:\Users\jagumiel\Desktop\DE1-Nano\misPruebas\pruebaQsys\nios_system.qsys --simulation=VHDL --allow-mixed-language-simulation --output-directory=D:\Users\jagumiel\Desktop\DE1-Nano\misPruebas\pruebaQsys\nios_system\simulation --family="Cyclone V" --part=5CSEBA6U23I7
Info: 2018.10.25.09:28:34 Info: Loading pruebaQsys
Info: 2018.10.25.09:28:34 Info: Reading input file
Info: 2018.10.25.09:28:34 Info: Adding LEDs [altera_avalon_pio 18.1]
Info: 2018.10.25.09:28:34 Info: Parameterizing module LEDs
Info: 2018.10.25.09:28:34 Info: Adding clk_0 [clock_source 18.1]
Info: 2018.10.25.09:28:34 Info: Parameterizing module clk_0
Info: 2018.10.25.09:28:34 Info: Adding jtag_uart_0 [altera_avalon_jtag_uart 18.1]
Info: 2018.10.25.09:28:34 Info: Parameterizing module jtag_uart_0
Info: 2018.10.25.09:28:34 Info: Adding nios2_gen2_0 [altera_nios2_gen2 18.1]
Info: 2018.10.25.09:28:34 Info: Parameterizing module nios2_gen2_0
Info: 2018.10.25.09:28:34 Info: Adding onchip_memory2_0 [altera_avalon_onchip_memory2 18.1]
Info: 2018.10.25.09:28:34 Info: Parameterizing module onchip_memory2_0
Info: 2018.10.25.09:28:34 Info: Adding switches [altera_avalon_pio 18.1]
Info: 2018.10.25.09:28:34 Info: Parameterizing module switches
Info: 2018.10.25.09:28:34 Info: Building connections
Info: 2018.10.25.09:28:34 Info: Parameterizing connections
Info: 2018.10.25.09:28:34 Info: Validating
Info: 2018.10.25.09:28:35 Info: Done reading input file
Info: 2018.10.25.09:28:35 Info: nios_system.jtag_uart_0: JTAG UART IP input clock need to be at least double (2x) the operating frequency of JTAG TCK on board
Info: 2018.10.25.09:28:35 Info: nios_system.switches: PIO inputs are not hardwired in test bench. Undefined values will be read from PIO inputs during simulation.
Info: 2018.10.25.09:28:35 Info: nios_system: Generating nios_system "nios_system" for SIM_VHDL
Info: 2018.10.25.09:28:39 Info: LEDs: Starting RTL generation for module 'nios_system_LEDs'
Info: 2018.10.25.09:28:39 Info: LEDs:   Generation command is [exec C:/intelfpga_lite/18.1/quartus/bin64/perl/bin/perl.exe -I C:/intelfpga_lite/18.1/quartus/bin64/perl/lib -I C:/intelfpga_lite/18.1/quartus/sopc_builder/bin/europa -I C:/intelfpga_lite/18.1/quartus/sopc_builder/bin/perl_lib -I C:/intelfpga_lite/18.1/quartus/sopc_builder/bin -I C:/intelfpga_lite/18.1/quartus/../ip/altera/sopc_builder_ip/common -I C:/intelfpga_lite/18.1/quartus/../ip/altera/sopc_builder_ip/altera_avalon_pio -- C:/intelfpga_lite/18.1/quartus/../ip/altera/sopc_builder_ip/altera_avalon_pio/generate_rtl.pl --name=nios_system_LEDs --dir=C:/Users/jagumiel/AppData/Local/Temp/alt7829_2647805014727385912.dir/0002_LEDs_gen/ --quartus_dir=C:/intelfpga_lite/18.1/quartus --vhdl --config=C:/Users/jagumiel/AppData/Local/Temp/alt7829_2647805014727385912.dir/0002_LEDs_gen//nios_system_LEDs_component_configuration.pl  --do_build_sim=1    --sim_dir=C:/Users/jagumiel/AppData/Local/Temp/alt7829_2647805014727385912.dir/0002_LEDs_gen
Info: 2018.10.25.09:28:40 Info: LEDs: Done RTL generation for module 'nios_system_LEDs'
Info: 2018.10.25.09:28:40 Info: LEDs: "nios_system" instantiated altera_avalon_pio "LEDs"
Info: 2018.10.25.09:28:40 Info: jtag_uart_0: Starting RTL generation for module 'nios_system_jtag_uart_0'
Info: 2018.10.25.09:28:40 Info: jtag_uart_0:   Generation command is [exec C:/intelfpga_lite/18.1/quartus/bin64/perl/bin/perl.exe -I C:/intelfpga_lite/18.1/quartus/bin64/perl/lib -I C:/intelfpga_lite/18.1/quartus/sopc_builder/bin/europa -I C:/intelfpga_lite/18.1/quartus/sopc_builder/bin/perl_lib -I C:/intelfpga_lite/18.1/quartus/sopc_builder/bin -I C:/intelfpga_lite/18.1/quartus/../ip/altera/sopc_builder_ip/common -I C:/intelfpga_lite/18.1/quartus/../ip/altera/sopc_builder_ip/altera_avalon_jtag_uart -- C:/intelfpga_lite/18.1/quartus/../ip/altera/sopc_builder_ip/altera_avalon_jtag_uart/generate_rtl.pl --name=nios_system_jtag_uart_0 --dir=C:/Users/jagumiel/AppData/Local/Temp/alt7829_2647805014727385912.dir/0003_jtag_uart_0_gen/ --quartus_dir=C:/intelfpga_lite/18.1/quartus --vhdl --config=C:/Users/jagumiel/AppData/Local/Temp/alt7829_2647805014727385912.dir/0003_jtag_uart_0_gen//nios_system_jtag_uart_0_component_configuration.pl  --do_build_sim=1    --sim_dir=C:/Users/jagumiel/AppData/Local/Temp/alt7829_2647805014727385912.dir/0003_jtag_uart_0_gen
Info: 2018.10.25.09:28:41 Info: jtag_uart_0: Done RTL generation for module 'nios_system_jtag_uart_0'
Info: 2018.10.25.09:28:41 Info: jtag_uart_0: "nios_system" instantiated altera_avalon_jtag_uart "jtag_uart_0"
Info: 2018.10.25.09:28:41 Info: nios2_gen2_0: "nios_system" instantiated altera_nios2_gen2 "nios2_gen2_0"
Info: 2018.10.25.09:28:41 Info: onchip_memory2_0: Starting RTL generation for module 'nios_system_onchip_memory2_0'
Info: 2018.10.25.09:28:41 Info: onchip_memory2_0:   Generation command is [exec C:/intelfpga_lite/18.1/quartus/bin64/perl/bin/perl.exe -I C:/intelfpga_lite/18.1/quartus/bin64/perl/lib -I C:/intelfpga_lite/18.1/quartus/sopc_builder/bin/europa -I C:/intelfpga_lite/18.1/quartus/sopc_builder/bin/perl_lib -I C:/intelfpga_lite/18.1/quartus/sopc_builder/bin -I C:/intelfpga_lite/18.1/quartus/../ip/altera/sopc_builder_ip/common -I C:/intelfpga_lite/18.1/quartus/../ip/altera/sopc_builder_ip/altera_avalon_onchip_memory2 -- C:/intelfpga_lite/18.1/quartus/../ip/altera/sopc_builder_ip/altera_avalon_onchip_memory2/generate_rtl.pl --name=nios_system_onchip_memory2_0 --dir=C:/Users/jagumiel/AppData/Local/Temp/alt7829_2647805014727385912.dir/0004_onchip_memory2_0_gen/ --quartus_dir=C:/intelfpga_lite/18.1/quartus --vhdl --config=C:/Users/jagumiel/AppData/Local/Temp/alt7829_2647805014727385912.dir/0004_onchip_memory2_0_gen//nios_system_onchip_memory2_0_component_configuration.pl  --do_build_sim=1    --sim_dir=C:/Users/jagumiel/AppData/Local/Temp/alt7829_2647805014727385912.dir/0004_onchip_memory2_0_gen
Info: 2018.10.25.09:28:41 Info: onchip_memory2_0: Done RTL generation for module 'nios_system_onchip_memory2_0'
Info: 2018.10.25.09:28:41 Info: onchip_memory2_0: "nios_system" instantiated altera_avalon_onchip_memory2 "onchip_memory2_0"
Info: 2018.10.25.09:28:42 Info: switches: Starting RTL generation for module 'nios_system_switches'
Info: 2018.10.25.09:28:42 Info: switches:   Generation command is [exec C:/intelfpga_lite/18.1/quartus/bin64/perl/bin/perl.exe -I C:/intelfpga_lite/18.1/quartus/bin64/perl/lib -I C:/intelfpga_lite/18.1/quartus/sopc_builder/bin/europa -I C:/intelfpga_lite/18.1/quartus/sopc_builder/bin/perl_lib -I C:/intelfpga_lite/18.1/quartus/sopc_builder/bin -I C:/intelfpga_lite/18.1/quartus/../ip/altera/sopc_builder_ip/common -I C:/intelfpga_lite/18.1/quartus/../ip/altera/sopc_builder_ip/altera_avalon_pio -- C:/intelfpga_lite/18.1/quartus/../ip/altera/sopc_builder_ip/altera_avalon_pio/generate_rtl.pl --name=nios_system_switches --dir=C:/Users/jagumiel/AppData/Local/Temp/alt7829_2647805014727385912.dir/0005_switches_gen/ --quartus_dir=C:/intelfpga_lite/18.1/quartus --vhdl --config=C:/Users/jagumiel/AppData/Local/Temp/alt7829_2647805014727385912.dir/0005_switches_gen//nios_system_switches_component_configuration.pl  --do_build_sim=1    --sim_dir=C:/Users/jagumiel/AppData/Local/Temp/alt7829_2647805014727385912.dir/0005_switches_gen
Info: 2018.10.25.09:28:42 Info: switches: Done RTL generation for module 'nios_system_switches'
Info: 2018.10.25.09:28:42 Info: switches: "nios_system" instantiated altera_avalon_pio "switches"
Info: 2018.10.25.09:28:43 Info: avalon_st_adapter: Inserting error_adapter: error_adapter_0
Info: 2018.10.25.09:28:43 Info: avalon_st_adapter_001: Inserting error_adapter: error_adapter_0
Info: 2018.10.25.09:28:44 Info: avalon_st_adapter_002: Inserting error_adapter: error_adapter_0
Info: 2018.10.25.09:28:44 Info: avalon_st_adapter_003: Inserting error_adapter: error_adapter_0
Info: 2018.10.25.09:28:44 Info: avalon_st_adapter_004: Inserting error_adapter: error_adapter_0
Info: 2018.10.25.09:28:45 Info: mm_interconnect_0: "nios_system" instantiated altera_mm_interconnect "mm_interconnect_0"
Info: 2018.10.25.09:28:45 Info: irq_mapper: "nios_system" instantiated altera_irq_mapper "irq_mapper"
Info: 2018.10.25.09:28:45 Info: rst_controller: "nios_system" instantiated altera_reset_controller "rst_controller"
Info: 2018.10.25.09:28:46 Info: cpu: Starting RTL generation for module 'nios_system_nios2_gen2_0_cpu'
Info: 2018.10.25.09:28:46 Info: cpu:   Generation command is [exec C:/intelFPGA_lite/18.1/quartus/bin64//eperlcmd.exe -I C:/intelFPGA_lite/18.1/quartus/bin64//perl/lib -I C:/intelfpga_lite/18.1/quartus/sopc_builder/bin/europa -I C:/intelfpga_lite/18.1/quartus/sopc_builder/bin/perl_lib -I C:/intelfpga_lite/18.1/quartus/sopc_builder/bin -I C:/intelfpga_lite/18.1/quartus/../ip/altera/nios2_ip/altera_nios2_gen2/cpu_lib -I C:/intelfpga_lite/18.1/quartus/../ip/altera/nios2_ip/altera_nios2_gen2/nios_lib -I C:/intelfpga_lite/18.1/quartus/../ip/altera/nios2_ip/altera_nios2_gen2 -I C:/intelfpga_lite/18.1/quartus/../ip/altera/nios2_ip/altera_nios2_gen2 -- C:/intelfpga_lite/18.1/quartus/../ip/altera/nios2_ip/altera_nios2_gen2/generate_rtl.epl --name=nios_system_nios2_gen2_0_cpu --dir=C:/Users/jagumiel/AppData/Local/Temp/alt7829_2647805014727385912.dir/0008_cpu_gen/ --quartus_bindir=C:/intelFPGA_lite/18.1/quartus/bin64/ --verilog --config=C:/Users/jagumiel/AppData/Local/Temp/alt7829_2647805014727385912.dir/0008_cpu_gen//nios_system_nios2_gen2_0_cpu_processor_configuration.pl  --do_build_sim=1    --sim_dir=C:/Users/jagumiel/AppData/Local/Temp/alt7829_2647805014727385912.dir/0008_cpu_gen
Info: 2018.10.25.09:28:50 Info: cpu: # 2018.10.25 09:28:47 (*) Starting Nios II generation
Info: 2018.10.25.09:28:50 Info: cpu: # 2018.10.25 09:28:47 (*)   Checking for plaintext license.
Info: 2018.10.25.09:28:50 Info: cpu: # 2018.10.25 09:28:48 (*)   Couldn't query license setup in Quartus directory C:/intelFPGA_lite/18.1/quartus/bin64
Info: 2018.10.25.09:28:50 Info: cpu: # 2018.10.25 09:28:48 (*)   Defaulting to contents of LM_LICENSE_FILE environment variable
Info: 2018.10.25.09:28:50 Info: cpu: # 2018.10.25 09:28:48 (*)   LM_LICENSE_FILE environment variable is empty
Info: 2018.10.25.09:28:50 Info: cpu: # 2018.10.25 09:28:48 (*)   Plaintext license not found.
Info: 2018.10.25.09:28:50 Info: cpu: # 2018.10.25 09:28:48 (*)   No license required to generate encrypted Nios II
Info: 2018.10.25.09:28:50 Info: cpu: # 2018.10.25 09:28:48 (*)   Elaborating CPU configuration settings
Info: 2018.10.25.09:28:50 Info: cpu: # 2018.10.25 09:28:48 (*)   Creating all objects for CPU
Info: 2018.10.25.09:28:50 Info: cpu: # 2018.10.25 09:28:49 (*)   Creating 'C:/Users/jagumiel/AppData/Local/Temp/alt7829_2647805014727385912.dir/0008_cpu_gen/
Info: 2018.10.25.09:28:50 Info: cpu: # 2018.10.25 09:28:49 (*)   Generating RTL from CPU objects
Info: 2018.10.25.09:28:50 Info: cpu: # 2018.10.25 09:28:49 (*)   Creating plain-text RTL
Info: 2018.10.25.09:28:50 Info: cpu: # 2018.10.25 09:28:50 (*) Done Nios II generation
Info: 2018.10.25.09:28:50 Info: cpu: Done RTL generation for module 'nios_system_nios2_gen2_0_cpu'
Info: 2018.10.25.09:28:50 Info: cpu: "nios2_gen2_0" instantiated altera_nios2_gen2_unit "cpu"
Info: 2018.10.25.09:28:50 Info: nios2_gen2_0_data_master_translator: "mm_interconnect_0" instantiated altera_merlin_master_translator "nios2_gen2_0_data_master_translator"
Info: 2018.10.25.09:28:50 Info: jtag_uart_0_avalon_jtag_slave_translator: "mm_interconnect_0" instantiated altera_merlin_slave_translator "jtag_uart_0_avalon_jtag_slave_translator"
Info: 2018.10.25.09:28:50 Info: nios2_gen2_0_data_master_agent: "mm_interconnect_0" instantiated altera_merlin_master_agent "nios2_gen2_0_data_master_agent"
Info: 2018.10.25.09:28:50 Info: jtag_uart_0_avalon_jtag_slave_agent: "mm_interconnect_0" instantiated altera_merlin_slave_agent "jtag_uart_0_avalon_jtag_slave_agent"
Info: 2018.10.25.09:28:50 Info: jtag_uart_0_avalon_jtag_slave_agent_rsp_fifo: "mm_interconnect_0" instantiated altera_avalon_sc_fifo "jtag_uart_0_avalon_jtag_slave_agent_rsp_fifo"
Info: 2018.10.25.09:28:50 Info: router: "mm_interconnect_0" instantiated altera_merlin_router "router"
Info: 2018.10.25.09:28:50 Info: router_001: "mm_interconnect_0" instantiated altera_merlin_router "router_001"
Info: 2018.10.25.09:28:50 Info: router_002: "mm_interconnect_0" instantiated altera_merlin_router "router_002"
Info: 2018.10.25.09:28:50 Info: router_003: "mm_interconnect_0" instantiated altera_merlin_router "router_003"
Info: 2018.10.25.09:28:50 Info: cmd_demux: "mm_interconnect_0" instantiated altera_merlin_demultiplexer "cmd_demux"
Info: 2018.10.25.09:28:50 Info: cmd_demux_001: "mm_interconnect_0" instantiated altera_merlin_demultiplexer "cmd_demux_001"
Info: 2018.10.25.09:28:50 Info: cmd_mux: "mm_interconnect_0" instantiated altera_merlin_multiplexer "cmd_mux"
Info: 2018.10.25.09:28:50 Info: cmd_mux_001: "mm_interconnect_0" instantiated altera_merlin_multiplexer "cmd_mux_001"
Info: 2018.10.25.09:28:50 Info: Reusing file D:/Users/jagumiel/Desktop/DE1-Nano/misPruebas/pruebaQsys/nios_system/simulation/submodules
Info: 2018.10.25.09:28:50 Info: rsp_demux: "mm_interconnect_0" instantiated altera_merlin_demultiplexer "rsp_demux"
Info: 2018.10.25.09:28:50 Info: rsp_mux: "mm_interconnect_0" instantiated altera_merlin_multiplexer "rsp_mux"
Info: 2018.10.25.09:28:50 Info: Reusing file D:/Users/jagumiel/Desktop/DE1-Nano/misPruebas/pruebaQsys/nios_system/simulation/submodules
Info: 2018.10.25.09:28:50 Info: rsp_mux_001: "mm_interconnect_0" instantiated altera_merlin_multiplexer "rsp_mux_001"
Info: 2018.10.25.09:28:50 Info: Reusing file D:/Users/jagumiel/Desktop/DE1-Nano/misPruebas/pruebaQsys/nios_system/simulation/submodules
Info: 2018.10.25.09:28:51 Info: avalon_st_adapter: "mm_interconnect_0" instantiated altera_avalon_st_adapter "avalon_st_adapter"
Info: 2018.10.25.09:28:51 Info: error_adapter_0: "avalon_st_adapter" instantiated error_adapter "error_adapter_0"
Info: 2018.10.25.09:28:51 Info: nios_system: Done "nios_system" with 28 modules, 50 files
Info: 2018.10.25.09:28:51 Info: qsys-generate succeeded.
Info: 2018.10.25.09:28:51 Info: Finished: Create simulation model
Info: 2018.10.25.09:28:51 Info: Starting: Create Modelsim Project.
Info: 2018.10.25.09:28:51 Info: sim-script-gen --spd=D:\Users\jagumiel\Desktop\DE1-Nano\misPruebas\pruebaQsys\nios_system\nios_system.spd --output-directory=D:/Users/jagumiel/Desktop/DE1-Nano/misPruebas/pruebaQsys/nios_system/simulation
Info: 2018.10.25.09:28:51 Info: Doing: ip-make-simscript --spd=D:\Users\jagumiel\Desktop\DE1-Nano\misPruebas\pruebaQsys\nios_system\nios_system.spd --output-directory=D:/Users/jagumiel/Desktop/DE1-Nano/misPruebas/pruebaQsys/nios_system/simulation
Info: 2018.10.25.09:28:52 Info: Generating the following file(s) for MODELSIM simulator in D:/Users/jagumiel/Desktop/DE1-Nano/misPruebas/pruebaQsys/nios_system/simulation
Info: 2018.10.25.09:28:52 Info:     mentor
Info: 2018.10.25.09:28:52 Info: Skipping VCS script generation since VHDL file $QUARTUS_INSTALL_DIR/eda/sim_lib
Info: 2018.10.25.09:28:52 Info: Generating the following file(s) for VCSMX simulator in D:/Users/jagumiel/Desktop/DE1-Nano/misPruebas/pruebaQsys/nios_system/simulation
Info: 2018.10.25.09:28:52 Info:     synopsys/vcsmx
Info: 2018.10.25.09:28:52 Info:     synopsys/vcsmx
Info: 2018.10.25.09:28:52 Info: Generating the following file(s) for NCSIM simulator in D:/Users/jagumiel/Desktop/DE1-Nano/misPruebas/pruebaQsys/nios_system/simulation
Info: 2018.10.25.09:28:52 Info:     cadence
Info: 2018.10.25.09:28:52 Info:     cadence
Info: 2018.10.25.09:28:52 Info:     cadence
Info: 2018.10.25.09:28:52 Info:     27 .cds.lib files in cadence/cds_libs
Info: 2018.10.25.09:28:52 Info: Generating the following file(s) for RIVIERA simulator in D:/Users/jagumiel/Desktop/DE1-Nano/misPruebas/pruebaQsys/nios_system/simulation
Info: 2018.10.25.09:28:52 Info:     aldec
Info: 2018.10.25.09:28:52 Info: For information on how to simulate your IP, see the explanatory comments in the simulator-specific subdirectories under D:/Users/jagumiel/Desktop/DE1-Nano/misPruebas/pruebaQsys/nios_system/simulation
Info: 2018.10.25.09:28:52 Info: Regenerate these scripts whenever you make any change to any Quartus-generated IP in your project.
Info: 2018.10.25.09:28:52 Info: Finished: Create Modelsim Project.
Info: 2018.10.25.09:28:52 Info: Starting: Create block symbol file (.bsf)
Info: 2018.10.25.09:28:52 Info: qsys-generate D:\Users\jagumiel\Desktop\DE1-Nano\misPruebas\pruebaQsys\nios_system.qsys --block-symbol-file --output-directory=D:\Users\jagumiel\Desktop\DE1-Nano\misPruebas\pruebaQsys\nios_system --family="Cyclone V" --part=5CSEBA6U23I7
Info: 2018.10.25.09:28:52 Info: Loading pruebaQsys
Info: 2018.10.25.09:28:52 Info: Reading input file
Info: 2018.10.25.09:28:52 Info: Adding LEDs [altera_avalon_pio 18.1]
Info: 2018.10.25.09:28:52 Info: Parameterizing module LEDs
Info: 2018.10.25.09:28:52 Info: Adding clk_0 [clock_source 18.1]
Info: 2018.10.25.09:28:52 Info: Parameterizing module clk_0
Info: 2018.10.25.09:28:52 Info: Adding jtag_uart_0 [altera_avalon_jtag_uart 18.1]
Info: 2018.10.25.09:28:52 Info: Parameterizing module jtag_uart_0
Info: 2018.10.25.09:28:52 Info: Adding nios2_gen2_0 [altera_nios2_gen2 18.1]
Info: 2018.10.25.09:28:52 Info: Parameterizing module nios2_gen2_0
Info: 2018.10.25.09:28:52 Info: Adding onchip_memory2_0 [altera_avalon_onchip_memory2 18.1]
Info: 2018.10.25.09:28:52 Info: Parameterizing module onchip_memory2_0
Info: 2018.10.25.09:28:52 Info: Adding switches [altera_avalon_pio 18.1]
Info: 2018.10.25.09:28:52 Info: Parameterizing module switches
Info: 2018.10.25.09:28:52 Info: Building connections
Info: 2018.10.25.09:28:52 Info: Parameterizing connections
Info: 2018.10.25.09:28:52 Info: Validating
Info: 2018.10.25.09:28:52 Info: Done reading input file
Info: 2018.10.25.09:28:53 Info: nios_system.jtag_uart_0: JTAG UART IP input clock need to be at least double (2x) the operating frequency of JTAG TCK on board
Info: 2018.10.25.09:28:53 Info: nios_system.switches: PIO inputs are not hardwired in test bench. Undefined values will be read from PIO inputs during simulation.
Info: 2018.10.25.09:28:53 Info: qsys-generate succeeded.
Info: 2018.10.25.09:28:53 Info: Finished: Create block symbol file (.bsf)
Info: 2018.10.25.09:28:53 Info:
Info: 2018.10.25.09:28:53 Info: Starting: Create HDL design files for synthesis
Info: 2018.10.25.09:28:53 Info: qsys-generate D:\Users\jagumiel\Desktop\DE1-Nano\misPruebas\pruebaQsys\nios_system.qsys --synthesis=VHDL --output-directory=D:\Users\jagumiel\Desktop\DE1-Nano\misPruebas\pruebaQsys\nios_system\synthesis --family="Cyclone V" --part=5CSEBA6U23I7
Info: 2018.10.25.09:28:53 Info: Loading pruebaQsys
Info: 2018.10.25.09:28:53 Info: Reading input file
Info: 2018.10.25.09:28:53 Info: Adding LEDs [altera_avalon_pio 18.1]
Info: 2018.10.25.09:28:53 Info: Parameterizing module LEDs
Info: 2018.10.25.09:28:53 Info: Adding clk_0 [clock_source 18.1]
Info: 2018.10.25.09:28:53 Info: Parameterizing module clk_0
Info: 2018.10.25.09:28:53 Info: Adding jtag_uart_0 [altera_avalon_jtag_uart 18.1]
Info: 2018.10.25.09:28:53 Info: Parameterizing module jtag_uart_0
Info: 2018.10.25.09:28:53 Info: Adding nios2_gen2_0 [altera_nios2_gen2 18.1]
Info: 2018.10.25.09:28:53 Info: Parameterizing module nios2_gen2_0
Info: 2018.10.25.09:28:54 Info: Adding onchip_memory2_0 [altera_avalon_onchip_memory2 18.1]
Info: 2018.10.25.09:28:54 Info: Parameterizing module onchip_memory2_0
Info: 2018.10.25.09:28:54 Info: Adding switches [altera_avalon_pio 18.1]
Info: 2018.10.25.09:28:54 Info: Parameterizing module switches
Info: 2018.10.25.09:28:54 Info: Building connections
Info: 2018.10.25.09:28:54 Info: Parameterizing connections
Info: 2018.10.25.09:28:54 Info: Validating
Info: 2018.10.25.09:28:54 Info: Done reading input file
Info: 2018.10.25.09:28:54 Info: nios_system.jtag_uart_0: JTAG UART IP input clock need to be at least double (2x) the operating frequency of JTAG TCK on board
Info: 2018.10.25.09:28:54 Info: nios_system.switches: PIO inputs are not hardwired in test bench. Undefined values will be read from PIO inputs during simulation.
Info: 2018.10.25.09:28:54 Info: nios_system: Generating nios_system "nios_system" for QUARTUS_SYNTH
Info: 2018.10.25.09:28:56 Info: LEDs: Starting RTL generation for module 'nios_system_LEDs'
Info: 2018.10.25.09:28:56 Info: LEDs:   Generation command is [exec C:/intelfpga_lite/18.1/quartus/bin64/perl/bin/perl.exe -I C:/intelfpga_lite/18.1/quartus/bin64/perl/lib -I C:/intelfpga_lite/18.1/quartus/sopc_builder/bin/europa -I C:/intelfpga_lite/18.1/quartus/sopc_builder/bin/perl_lib -I C:/intelfpga_lite/18.1/quartus/sopc_builder/bin -I C:/intelfpga_lite/18.1/quartus/../ip/altera/sopc_builder_ip/common -I C:/intelfpga_lite/18.1/quartus/../ip/altera/sopc_builder_ip/altera_avalon_pio -- C:/intelfpga_lite/18.1/quartus/../ip/altera/sopc_builder_ip/altera_avalon_pio/generate_rtl.pl --name=nios_system_LEDs --dir=C:/Users/jagumiel/AppData/Local/Temp/alt7829_2647805014727385912.dir/0027_LEDs_gen/ --quartus_dir=C:/intelfpga_lite/18.1/quartus --verilog --config=C:/Users/jagumiel/AppData/Local/Temp/alt7829_2647805014727385912.dir/0027_LEDs_gen/
Info: 2018.10.25.09:28:56 Info: LEDs: Done RTL generation for module 'nios_system_LEDs'
Info: 2018.10.25.09:28:56 Info: LEDs: "nios_system" instantiated altera_avalon_pio "LEDs"
Info: 2018.10.25.09:28:56 Info: jtag_uart_0: Starting RTL generation for module 'nios_system_jtag_uart_0'
Info: 2018.10.25.09:28:56 Info: jtag_uart_0:   Generation command is [exec C:/intelfpga_lite/18.1/quartus/bin64/perl/bin/perl.exe -I C:/intelfpga_lite/18.1/quartus/bin64/perl/lib -I C:/intelfpga_lite/18.1/quartus/sopc_builder/bin/europa -I C:/intelfpga_lite/18.1/quartus/sopc_builder/bin/perl_lib -I C:/intelfpga_lite/18.1/quartus/sopc_builder/bin -I C:/intelfpga_lite/18.1/quartus/../ip/altera/sopc_builder_ip/common -I C:/intelfpga_lite/18.1/quartus/../ip/altera/sopc_builder_ip/altera_avalon_jtag_uart -- C:/intelfpga_lite/18.1/quartus/../ip/altera/sopc_builder_ip/altera_avalon_jtag_uart/generate_rtl.pl --name=nios_system_jtag_uart_0 --dir=C:/Users/jagumiel/AppData/Local/Temp/alt7829_2647805014727385912.dir/0028_jtag_uart_0_gen/ --quartus_dir=C:/intelfpga_lite/18.1/quartus --verilog --config=C:/Users/jagumiel/AppData/Local/Temp/alt7829_2647805014727385912.dir/0028_jtag_uart_0_gen/
Info: 2018.10.25.09:28:57 Info: jtag_uart_0: Done RTL generation for module 'nios_system_jtag_uart_0'
Info: 2018.10.25.09:28:57 Info: jtag_uart_0: "nios_system" instantiated altera_avalon_jtag_uart "jtag_uart_0"
Info: 2018.10.25.09:28:57 Info: nios2_gen2_0: "nios_system" instantiated altera_nios2_gen2 "nios2_gen2_0"
Info: 2018.10.25.09:28:57 Info: onchip_memory2_0: Starting RTL generation for module 'nios_system_onchip_memory2_0'
Info: 2018.10.25.09:28:57 Info: onchip_memory2_0:   Generation command is [exec C:/intelfpga_lite/18.1/quartus/bin64/perl/bin/perl.exe -I C:/intelfpga_lite/18.1/quartus/bin64/perl/lib -I C:/intelfpga_lite/18.1/quartus/sopc_builder/bin/europa -I C:/intelfpga_lite/18.1/quartus/sopc_builder/bin/perl_lib -I C:/intelfpga_lite/18.1/quartus/sopc_builder/bin -I C:/intelfpga_lite/18.1/quartus/../ip/altera/sopc_builder_ip/common -I C:/intelfpga_lite/18.1/quartus/../ip/altera/sopc_builder_ip/altera_avalon_onchip_memory2 -- C:/intelfpga_lite/18.1/quartus/../ip/altera/sopc_builder_ip/altera_avalon_onchip_memory2/generate_rtl.pl --name=nios_system_onchip_memory2_0 --dir=C:/Users/jagumiel/AppData/Local/Temp/alt7829_2647805014727385912.dir/0029_onchip_memory2_0_gen/ --quartus_dir=C:/intelfpga_lite/18.1/quartus --verilog --config=C:/Users/jagumiel/AppData/Local/Temp/alt7829_2647805014727385912.dir/0029_onchip_memory2_0_gen/
Info: 2018.10.25.09:28:57 Info: onchip_memory2_0: Done RTL generation for module 'nios_system_onchip_memory2_0'
Info: 2018.10.25.09:28:57 Info: onchip_memory2_0: "nios_system" instantiated altera_avalon_onchip_memory2 "onchip_memory2_0"
Info: 2018.10.25.09:28:57 Info: switches: Starting RTL generation for module 'nios_system_switches'
Info: 2018.10.25.09:28:57 Info: switches:   Generation command is [exec C:/intelfpga_lite/18.1/quartus/bin64/perl/bin/perl.exe -I C:/intelfpga_lite/18.1/quartus/bin64/perl/lib -I C:/intelfpga_lite/18.1/quartus/sopc_builder/bin/europa -I C:/intelfpga_lite/18.1/quartus/sopc_builder/bin/perl_lib -I C:/intelfpga_lite/18.1/quartus/sopc_builder/bin -I C:/intelfpga_lite/18.1/quartus/../ip/altera/sopc_builder_ip/common -I C:/intelfpga_lite/18.1/quartus/../ip/altera/sopc_builder_ip/altera_avalon_pio -- C:/intelfpga_lite/18.1/quartus/../ip/altera/sopc_builder_ip/altera_avalon_pio/generate_rtl.pl --name=nios_system_switches --dir=C:/Users/jagumiel/AppData/Local/Temp/alt7829_2647805014727385912.dir/0030_switches_gen/ --quartus_dir=C:/intelfpga_lite/18.1/quartus --verilog --config=C:/Users/jagumiel/AppData/Local/Temp/alt7829_2647805014727385912.dir/0030_switches_gen/
Info: 2018.10.25.09:28:58 Info: switches: Done RTL generation for module 'nios_system_switches'
Info: 2018.10.25.09:28:58 Info: switches: "nios_system" instantiated altera_avalon_pio "switches"
Info: 2018.10.25.09:28:59 Info: avalon_st_adapter: Inserting error_adapter: error_adapter_0
Info: 2018.10.25.09:28:59 Info: avalon_st_adapter_001: Inserting error_adapter: error_adapter_0
Info: 2018.10.25.09:28:59 Info: avalon_st_adapter_002: Inserting error_adapter: error_adapter_0
Info: 2018.10.25.09:28:59 Info: avalon_st_adapter_003: Inserting error_adapter: error_adapter_0
Info: 2018.10.25.09:28:59 Info: avalon_st_adapter_004: Inserting error_adapter: error_adapter_0
Info: 2018.10.25.09:29:00 Info: mm_interconnect_0: "nios_system" instantiated altera_mm_interconnect "mm_interconnect_0"
Info: 2018.10.25.09:29:00 Info: irq_mapper: "nios_system" instantiated altera_irq_mapper "irq_mapper"
Info: 2018.10.25.09:29:00 Info: rst_controller: "nios_system" instantiated altera_reset_controller "rst_controller"
Info: 2018.10.25.09:29:00 Info: cpu: Starting RTL generation for module 'nios_system_nios2_gen2_0_cpu'
Info: 2018.10.25.09:29:00 Info: cpu:   Generation command is [exec C:/intelFPGA_lite/18.1/quartus/bin64//eperlcmd.exe -I C:/intelFPGA_lite/18.1/quartus/bin64//perl/lib -I C:/intelfpga_lite/18.1/quartus/sopc_builder/bin/europa -I C:/intelfpga_lite/18.1/quartus/sopc_builder/bin/perl_lib -I C:/intelfpga_lite/18.1/quartus/sopc_builder/bin -I C:/intelfpga_lite/18.1/quartus/../ip/altera/nios2_ip/altera_nios2_gen2/cpu_lib -I C:/intelfpga_lite/18.1/quartus/../ip/altera/nios2_ip/altera_nios2_gen2/nios_lib -I C:/intelfpga_lite/18.1/quartus/../ip/altera/nios2_ip/altera_nios2_gen2 -I C:/intelfpga_lite/18.1/quartus/../ip/altera/nios2_ip/altera_nios2_gen2 -- C:/intelfpga_lite/18.1/quartus/../ip/altera/nios2_ip/altera_nios2_gen2/generate_rtl.epl --name=nios_system_nios2_gen2_0_cpu --dir=C:/Users/jagumiel/AppData/Local/Temp/alt7829_2647805014727385912.dir/0033_cpu_gen/ --quartus_bindir=C:/intelFPGA_lite/18.1/quartus/bin64/ --verilog --config=C:/Users/jagumiel/AppData/Local/Temp/alt7829_2647805014727385912.dir/0033_cpu_gen/
Info: 2018.10.25.09:29:03 Info: cpu: # 2018.10.25 09:29:01 (*) Starting Nios II generation
Info: 2018.10.25.09:29:03 Info: cpu: # 2018.10.25 09:29:01 (*)   Checking for plaintext license.
Info: 2018.10.25.09:29:03 Info: cpu: # 2018.10.25 09:29:02 (*)   Couldn't query license setup in Quartus directory C:/intelFPGA_lite/18.1/quartus/bin64
Info: 2018.10.25.09:29:03 Info: cpu: # 2018.10.25 09:29:02 (*)   Defaulting to contents of LM_LICENSE_FILE environment variable
Info: 2018.10.25.09:29:03 Info: cpu: # 2018.10.25 09:29:02 (*)   LM_LICENSE_FILE environment variable is empty
Info: 2018.10.25.09:29:03 Info: cpu: # 2018.10.25 09:29:02 (*)   Plaintext license not found.
Info: 2018.10.25.09:29:03 Info: cpu: # 2018.10.25 09:29:02 (*)   No license required to generate encrypted Nios II
Info: 2018.10.25.09:29:03 Info: cpu: # 2018.10.25 09:29:02 (*)   Elaborating CPU configuration settings
Info: 2018.10.25.09:29:03 Info: cpu: # 2018.10.25 09:29:02 (*)   Creating all objects for CPU
Info: 2018.10.25.09:29:03 Info: cpu: # 2018.10.25 09:29:03 (*)   Generating RTL from CPU objects
Info: 2018.10.25.09:29:03 Info: cpu: # 2018.10.25 09:29:03 (*)   Creating plain-text RTL
Info: 2018.10.25.09:29:03 Info: cpu: # 2018.10.25 09:29:03 (*) Done Nios II generation
Info: 2018.10.25.09:29:03 Info: cpu: Done RTL generation for module 'nios_system_nios2_gen2_0_cpu'
Info: 2018.10.25.09:29:03 Info: cpu: "nios2_gen2_0" instantiated altera_nios2_gen2_unit "cpu"
Info: 2018.10.25.09:29:03 Info: nios2_gen2_0_data_master_translator: "mm_interconnect_0" instantiated altera_merlin_master_translator "nios2_gen2_0_data_master_translator"
Info: 2018.10.25.09:29:03 Info: jtag_uart_0_avalon_jtag_slave_translator: "mm_interconnect_0" instantiated altera_merlin_slave_translator "jtag_uart_0_avalon_jtag_slave_translator"
Info: 2018.10.25.09:29:03 Info: nios2_gen2_0_data_master_agent: "mm_interconnect_0" instantiated altera_merlin_master_agent "nios2_gen2_0_data_master_agent"
Info: 2018.10.25.09:29:03 Info: jtag_uart_0_avalon_jtag_slave_agent: "mm_interconnect_0" instantiated altera_merlin_slave_agent "jtag_uart_0_avalon_jtag_slave_agent"
Info: 2018.10.25.09:29:03 Info: jtag_uart_0_avalon_jtag_slave_agent_rsp_fifo: "mm_interconnect_0" instantiated altera_avalon_sc_fifo "jtag_uart_0_avalon_jtag_slave_agent_rsp_fifo"
Info: 2018.10.25.09:29:03 Info: router: "mm_interconnect_0" instantiated altera_merlin_router "router"
Info: 2018.10.25.09:29:03 Info: router_001: "mm_interconnect_0" instantiated altera_merlin_router "router_001"
Info: 2018.10.25.09:29:03 Info: router_002: "mm_interconnect_0" instantiated altera_merlin_router "router_002"
Info: 2018.10.25.09:29:03 Info: router_003: "mm_interconnect_0" instantiated altera_merlin_router "router_003"
Info: 2018.10.25.09:29:03 Info: cmd_demux: "mm_interconnect_0" instantiated altera_merlin_demultiplexer "cmd_demux"
Info: 2018.10.25.09:29:03 Info: cmd_demux_001: "mm_interconnect_0" instantiated altera_merlin_demultiplexer "cmd_demux_001"
Info: 2018.10.25.09:29:03 Info: cmd_mux: "mm_interconnect_0" instantiated altera_merlin_multiplexer "cmd_mux"
Info: 2018.10.25.09:29:04 Info: cmd_mux_001: "mm_interconnect_0" instantiated altera_merlin_multiplexer "cmd_mux_001"
Info: 2018.10.25.09:29:04 Info: Reusing file D:/Users/jagumiel/Desktop/DE1-Nano/misPruebas/pruebaQsys/nios_system/synthesis/submodules
Info: 2018.10.25.09:29:04 Info: rsp_demux: "mm_interconnect_0" instantiated altera_merlin_demultiplexer "rsp_demux"
Info: 2018.10.25.09:29:04 Info: rsp_mux: "mm_interconnect_0" instantiated altera_merlin_multiplexer "rsp_mux"
Info: 2018.10.25.09:29:04 Info: Reusing file D:/Users/jagumiel/Desktop/DE1-Nano/misPruebas/pruebaQsys/nios_system/synthesis/submodules
Info: 2018.10.25.09:29:04 Info: rsp_mux_001: "mm_interconnect_0" instantiated altera_merlin_multiplexer "rsp_mux_001"
Info: 2018.10.25.09:29:04 Info: Reusing file D:/Users/jagumiel/Desktop/DE1-Nano/misPruebas/pruebaQsys/nios_system/synthesis/submodules
Info: 2018.10.25.09:29:04 Info: avalon_st_adapter: "mm_interconnect_0" instantiated altera_avalon_st_adapter "avalon_st_adapter"
Info: 2018.10.25.09:29:04 Info: error_adapter_0: "avalon_st_adapter" instantiated error_adapter "error_adapter_0"
Info: 2018.10.25.09:29:04 Info: nios_system: Done "nios_system" with 28 modules, 43 files
Info: 2018.10.25.09:29:04 Info: qsys-generate succeeded.
Info: 2018.10.25.09:29:04 Info: Finished: Create HDL design files for synthesis
Info (11131): Completed upgrading IP component Qsys with file "nios_system.qsys"
Info (23030): Evaluation of Tcl script c:/intelfpga_lite/18.1/quartus/common/tcl/internal/ip_regen/ip_regen.tcl was successful
Info: Quartus Prime Shell was successful. 0 errors, 0 warnings
    Info: Peak virtual memory: 743 megabytes
    Info: Processing ended: Thu Oct 25 09:29:06 2018
    Info: Elapsed time: 00:01:00
    Info: Total CPU time (on all processors): 00:01:46


