Analysis & Synthesis report for temp_ctrl
Mon Jun 03 16:32:47 2019
Quartus Prime Version 18.1.0 Build 625 09/12/2018 SJ Lite Edition


---------------------
; Table of Contents ;
---------------------
  1. Legal Notice
  2. Analysis & Synthesis Summary
  3. Analysis & Synthesis Settings
  4. Parallel Compilation
  5. Analysis & Synthesis Source Files Read
  6. Analysis & Synthesis Resource Usage Summary
  7. Analysis & Synthesis Resource Utilization by Entity
  8. State Machine - |temp_ctrl|es
  9. State Machine - |temp_ctrl|ADS1248_drv:inst1|ep
 10. Registers Removed During Synthesis
 11. Removed Registers Triggering Further Register Optimizations
 12. General Register Statistics
 13. Inverted Register Statistics
 14. Multiplexer Restructuring Statistics (Restructuring Performed)
 15. Port Connectivity Checks: "ADS1248_drv:inst1"
 16. Post-Synthesis Netlist Statistics for Top Partition
 17. Elapsed Time Per Partition
 18. Analysis & Synthesis Messages



----------------
; Legal Notice ;
----------------
Copyright (C) 2018  Intel Corporation. All rights reserved.
Your use of Intel Corporation's design tools, logic functions 
and other software and tools, and its AMPP partner logic 
functions, and any output files from any of the foregoing 
(including device programming or simulation files), and any 
associated documentation or information are expressly subject 
to the terms and conditions of the Intel Program License 
Subscription Agreement, the Intel Quartus Prime License Agreement,
the Intel FPGA IP License Agreement, or other applicable license
agreement, including, without limitation, that your use is for
the sole purpose of programming logic devices manufactured by
Intel and sold by Intel or its authorized distributors.  Please
refer to the applicable agreement for further details.



+-------------------------------------------------------------------------------+
; Analysis & Synthesis Summary                                                  ;
+---------------------------------+---------------------------------------------+
; Analysis & Synthesis Status     ; Successful - Mon Jun 03 16:32:47 2019       ;
; Quartus Prime Version           ; 18.1.0 Build 625 09/12/2018 SJ Lite Edition ;
; Revision Name                   ; temp_ctrl                                   ;
; Top-level Entity Name           ; temp_ctrl                                   ;
; Family                          ; Cyclone V                                   ;
; Logic utilization (in ALMs)     ; N/A                                         ;
; Total registers                 ; 109                                         ;
; Total pins                      ; 20                                          ;
; Total virtual pins              ; 0                                           ;
; Total block memory bits         ; 0                                           ;
; Total DSP Blocks                ; 0                                           ;
; Total HSSI RX PCSs              ; 0                                           ;
; Total HSSI PMA RX Deserializers ; 0                                           ;
; Total HSSI TX PCSs              ; 0                                           ;
; Total HSSI PMA TX Serializers   ; 0                                           ;
; Total PLLs                      ; 0                                           ;
; Total DLLs                      ; 0                                           ;
+---------------------------------+---------------------------------------------+


+---------------------------------------------------------------------------------------------------------------------------+
; Analysis & Synthesis Settings                                                                                             ;
+---------------------------------------------------------------------------------+--------------------+--------------------+
; Option                                                                          ; Setting            ; Default Value      ;
+---------------------------------------------------------------------------------+--------------------+--------------------+
; Device                                                                          ; 5CSEBA6U23I7       ;                    ;
; Top-level entity name                                                           ; temp_ctrl          ; temp_ctrl          ;
; Family name                                                                     ; Cyclone V          ; Cyclone V          ;
; Use smart compilation                                                           ; Off                ; Off                ;
; Enable parallel Assembler and Timing Analyzer during compilation                ; On                 ; On                 ;
; Enable compact report table                                                     ; Off                ; Off                ;
; Restructure Multiplexers                                                        ; Auto               ; Auto               ;
; MLAB Add Timing Constraints For Mixed-Port Feed-Through Mode Setting Don't Care ; Off                ; Off                ;
; Create Debugging Nodes for IP Cores                                             ; Off                ; Off                ;
; Preserve fewer node names                                                       ; On                 ; On                 ;
; Intel FPGA IP Evaluation Mode                                                   ; Enable             ; Enable             ;
; Verilog Version                                                                 ; Verilog_2001       ; Verilog_2001       ;
; VHDL Version                                                                    ; VHDL_1993          ; VHDL_1993          ;
; State Machine Processing                                                        ; Auto               ; Auto               ;
; Safe State Machine                                                              ; Off                ; Off                ;
; Extract Verilog State Machines                                                  ; On                 ; On                 ;
; Extract VHDL State Machines                                                     ; On                 ; On                 ;
; Ignore Verilog initial constructs                                               ; Off                ; Off                ;
; Iteration limit for constant Verilog loops                                      ; 5000               ; 5000               ;
; Iteration limit for non-constant Verilog loops                                  ; 250                ; 250                ;
; Add Pass-Through Logic to Inferred RAMs                                         ; On                 ; On                 ;
; Infer RAMs from Raw Logic                                                       ; On                 ; On                 ;
; Parallel Synthesis                                                              ; On                 ; On                 ;
; DSP Block Balancing                                                             ; Auto               ; Auto               ;
; NOT Gate Push-Back                                                              ; On                 ; On                 ;
; Power-Up Don't Care                                                             ; On                 ; On                 ;
; Remove Redundant Logic Cells                                                    ; Off                ; Off                ;
; Remove Duplicate Registers                                                      ; On                 ; On                 ;
; Ignore CARRY Buffers                                                            ; Off                ; Off                ;
; Ignore CASCADE Buffers                                                          ; Off                ; Off                ;
; Ignore GLOBAL Buffers                                                           ; Off                ; Off                ;
; Ignore ROW GLOBAL Buffers                                                       ; Off                ; Off                ;
; Ignore LCELL Buffers                                                            ; Off                ; Off                ;
; Ignore SOFT Buffers                                                             ; On                 ; On                 ;
; Limit AHDL Integers to 32 Bits                                                  ; Off                ; Off                ;
; Optimization Technique                                                          ; Balanced           ; Balanced           ;
; Carry Chain Length                                                              ; 70                 ; 70                 ;
; Auto Carry Chains                                                               ; On                 ; On                 ;
; Auto Open-Drain Pins                                                            ; On                 ; On                 ;
; Perform WYSIWYG Primitive Resynthesis                                           ; Off                ; Off                ;
; Auto ROM Replacement                                                            ; On                 ; On                 ;
; Auto RAM Replacement                                                            ; On                 ; On                 ;
; Auto DSP Block Replacement                                                      ; On                 ; On                 ;
; Auto Shift Register Replacement                                                 ; Auto               ; Auto               ;
; Allow Shift Register Merging across Hierarchies                                 ; Auto               ; Auto               ;
; Auto Clock Enable Replacement                                                   ; On                 ; On                 ;
; Strict RAM Replacement                                                          ; Off                ; Off                ;
; Allow Synchronous Control Signals                                               ; On                 ; On                 ;
; Force Use of Synchronous Clear Signals                                          ; Off                ; Off                ;
; Auto Resource Sharing                                                           ; Off                ; Off                ;
; Allow Any RAM Size For Recognition                                              ; Off                ; Off                ;
; Allow Any ROM Size For Recognition                                              ; Off                ; Off                ;
; Allow Any Shift Register Size For Recognition                                   ; Off                ; Off                ;
; Use LogicLock Constraints during Resource Balancing                             ; On                 ; On                 ;
; Ignore translate_off and synthesis_off directives                               ; Off                ; Off                ;
; Timing-Driven Synthesis                                                         ; On                 ; On                 ;
; Report Parameter Settings                                                       ; On                 ; On                 ;
; Report Source Assignments                                                       ; On                 ; On                 ;
; Report Connectivity Checks                                                      ; On                 ; On                 ;
; Ignore Maximum Fan-Out Assignments                                              ; Off                ; Off                ;
; Synchronization Register Chain Length                                           ; 3                  ; 3                  ;
; Power Optimization During Synthesis                                             ; Normal compilation ; Normal compilation ;
; HDL message level                                                               ; Level2             ; Level2             ;
; Suppress Register Optimization Related Messages                                 ; Off                ; Off                ;
; Number of Removed Registers Reported in Synthesis Report                        ; 5000               ; 5000               ;
; Number of Swept Nodes Reported in Synthesis Report                              ; 5000               ; 5000               ;
; Number of Inverted Registers Reported in Synthesis Report                       ; 100                ; 100                ;
; Clock MUX Protection                                                            ; On                 ; On                 ;
; Auto Gated Clock Conversion                                                     ; Off                ; Off                ;
; Block Design Naming                                                             ; Auto               ; Auto               ;
; SDC constraint protection                                                       ; Off                ; Off                ;
; Synthesis Effort                                                                ; Auto               ; Auto               ;
; Shift Register Replacement - Allow Asynchronous Clear Signal                    ; On                 ; On                 ;
; Pre-Mapping Resynthesis Optimization                                            ; Off                ; Off                ;
; Analysis & Synthesis Message Level                                              ; Medium             ; Medium             ;
; Disable Register Merging Across Hierarchies                                     ; Auto               ; Auto               ;
; Resource Aware Inference For Block RAM                                          ; On                 ; On                 ;
; Automatic Parallel Synthesis                                                    ; On                 ; On                 ;
; Partial Reconfiguration Bitstream ID                                            ; Off                ; Off                ;
+---------------------------------------------------------------------------------+--------------------+--------------------+


+------------------------------------------+
; Parallel Compilation                     ;
+----------------------------+-------------+
; Processors                 ; Number      ;
+----------------------------+-------------+
; Number detected on machine ; 8           ;
; Maximum allowed            ; 4           ;
;                            ;             ;
; Average used               ; 1.00        ;
; Maximum used               ; 4           ;
;                            ;             ;
; Usage by Processor         ; % Time Used ;
;     Processor 1            ; 100.0%      ;
;     Processors 2-4         ;   0.0%      ;
+----------------------------+-------------+


+----------------------------------------------------------------------------------------------------------------------------------------------------------+
; Analysis & Synthesis Source Files Read                                                                                                                   ;
+----------------------------------+-----------------+-----------------+-------------------------------------------------------------------------+---------+
; File Name with User-Entered Path ; Used in Netlist ; File Type       ; File Name with Absolute Path                                            ; Library ;
+----------------------------------+-----------------+-----------------+-------------------------------------------------------------------------+---------+
; ADS1248_drv.vhd                  ; yes             ; User VHDL File  ; D:/Users/jagumiel/Desktop/DE1-Nano/misPruebas/temp_ctrl/ADS1248_drv.vhd ;         ;
; temp_ctrl.vhd                    ; yes             ; User VHDL File  ; D:/Users/jagumiel/Desktop/DE1-Nano/misPruebas/temp_ctrl/temp_ctrl.vhd   ;         ;
+----------------------------------+-----------------+-----------------+-------------------------------------------------------------------------+---------+


+------------------------------------------------------------------+
; Analysis & Synthesis Resource Usage Summary                      ;
+---------------------------------------------+--------------------+
; Resource                                    ; Usage              ;
+---------------------------------------------+--------------------+
; Estimate of Logic utilization (ALMs needed) ; 146                ;
;                                             ;                    ;
; Combinational ALUT usage for logic          ; 237                ;
;     -- 7 input functions                    ; 0                  ;
;     -- 6 input functions                    ; 53                 ;
;     -- 5 input functions                    ; 39                 ;
;     -- 4 input functions                    ; 36                 ;
;     -- <=3 input functions                  ; 109                ;
;                                             ;                    ;
; Dedicated logic registers                   ; 109                ;
;                                             ;                    ;
; I/O pins                                    ; 20                 ;
;                                             ;                    ;
; Total DSP Blocks                            ; 0                  ;
;                                             ;                    ;
; Maximum fan-out node                        ; FPGA_CLK1_50~input ;
; Maximum fan-out                             ; 101                ;
; Total fan-out                               ; 1264               ;
; Average fan-out                             ; 3.27               ;
+---------------------------------------------+--------------------+


+-------------------------------------------------------------------------------------------------------------------------------------------------------------------------------------------------+
; Analysis & Synthesis Resource Utilization by Entity                                                                                                                                             ;
+----------------------------+---------------------+---------------------------+-------------------+------------+------+--------------+------------------------------+-------------+--------------+
; Compilation Hierarchy Node ; Combinational ALUTs ; Dedicated Logic Registers ; Block Memory Bits ; DSP Blocks ; Pins ; Virtual Pins ; Full Hierarchy Name          ; Entity Name ; Library Name ;
+----------------------------+---------------------+---------------------------+-------------------+------------+------+--------------+------------------------------+-------------+--------------+
; |temp_ctrl                 ; 237 (5)             ; 109 (8)                   ; 0                 ; 0          ; 20   ; 0            ; |temp_ctrl                   ; temp_ctrl   ; work         ;
;    |ADS1248_drv:inst1|     ; 232 (232)           ; 101 (101)                 ; 0                 ; 0          ; 0    ; 0            ; |temp_ctrl|ADS1248_drv:inst1 ; ADS1248_drv ; work         ;
+----------------------------+---------------------+---------------------------+-------------------+------------+------+--------------+------------------------------+-------------+--------------+
Note: For table entries with two numbers listed, the numbers in parentheses indicate the number of resources of the given type used by the specific entity alone. The numbers listed outside of parentheses indicate the total resources of the given type used by the specific entity and all of its sub-entities in the hierarchy.


Encoding Type:  One-Hot
+-------------------------------+
; State Machine - |temp_ctrl|es ;
+-------+-------+-------+-------+
; Name  ; es.e2 ; es.e1 ; es.e0 ;
+-------+-------+-------+-------+
; es.e0 ; 0     ; 0     ; 0     ;
; es.e1 ; 0     ; 1     ; 1     ;
; es.e2 ; 1     ; 0     ; 1     ;
+-------+-------+-------+-------+


Encoding Type:  One-Hot
+---------------------------------------------------------------+
; State Machine - |temp_ctrl|ADS1248_drv:inst1|ep               ;
+-------+-------+-------+-------+-------+-------+-------+-------+
; Name  ; ep.e6 ; ep.e5 ; ep.e4 ; ep.e3 ; ep.e2 ; ep.e1 ; ep.e0 ;
+-------+-------+-------+-------+-------+-------+-------+-------+
; ep.e0 ; 0     ; 0     ; 0     ; 0     ; 0     ; 0     ; 0     ;
; ep.e1 ; 0     ; 0     ; 0     ; 0     ; 0     ; 1     ; 1     ;
; ep.e2 ; 0     ; 0     ; 0     ; 0     ; 1     ; 0     ; 1     ;
; ep.e3 ; 0     ; 0     ; 0     ; 1     ; 0     ; 0     ; 1     ;
; ep.e4 ; 0     ; 0     ; 1     ; 0     ; 0     ; 0     ; 1     ;
; ep.e5 ; 0     ; 1     ; 0     ; 0     ; 0     ; 0     ; 1     ;
; ep.e6 ; 1     ; 0     ; 0     ; 0     ; 0     ; 0     ; 1     ;
+-------+-------+-------+-------+-------+-------+-------+-------+


+----------------------------------------------------------------------------------+
; Registers Removed During Synthesis                                               ;
+-----------------------------------------+----------------------------------------+
; Register name                           ; Reason for Removal                     ;
+-----------------------------------------+----------------------------------------+
; tramaRead[31]                           ; Stuck at GND due to stuck port data_in ;
; CS[0]                                   ; Stuck at GND due to stuck port data_in ;
; tramaRead[29,30]                        ; Stuck at GND due to stuck port data_in ;
; tramaRead[28]                           ; Stuck at VCC due to stuck port data_in ;
; tramaRead[26,27]                        ; Stuck at GND due to stuck port data_in ;
; tramaRead[0..25]                        ; Stuck at VCC due to stuck port data_in ;
; tramaConf[8..15]                        ; Stuck at GND due to stuck port data_in ;
; tramaConf[16,17]                        ; Stuck at VCC due to stuck port data_in ;
; tramaConf[18]                           ; Stuck at GND due to stuck port data_in ;
; tramaConf[19]                           ; Stuck at VCC due to stuck port data_in ;
; tramaConf[20,21]                        ; Stuck at GND due to stuck port data_in ;
; tramaConf[22]                           ; Stuck at VCC due to stuck port data_in ;
; tramaConf[23,24]                        ; Stuck at GND due to stuck port data_in ;
; tramaConf[25,26]                        ; Stuck at VCC due to stuck port data_in ;
; tramaConf[27..40]                       ; Stuck at GND due to stuck port data_in ;
; tramaConf[41]                           ; Stuck at VCC due to stuck port data_in ;
; tramaConf[42]                           ; Stuck at GND due to stuck port data_in ;
; tramaConf[43]                           ; Stuck at VCC due to stuck port data_in ;
; tramaConf[44,45]                        ; Stuck at GND due to stuck port data_in ;
; tramaConf[46]                           ; Stuck at VCC due to stuck port data_in ;
; tramaConf[47..51]                       ; Stuck at GND due to stuck port data_in ;
; tramaConf[52,53]                        ; Stuck at VCC due to stuck port data_in ;
; tramaConf[54..63]                       ; Stuck at GND due to stuck port data_in ;
; tramaConf[64,65]                        ; Stuck at VCC due to stuck port data_in ;
; tramaConf[66..69]                       ; Stuck at GND due to stuck port data_in ;
; tramaConf[70]                           ; Stuck at VCC due to stuck port data_in ;
; tramaConf[71..76]                       ; Stuck at GND due to stuck port data_in ;
; tramaConf[77]                           ; Stuck at VCC due to stuck port data_in ;
; tramaConf[78..88]                       ; Stuck at GND due to stuck port data_in ;
; tramaConf[89]                           ; Stuck at VCC due to stuck port data_in ;
; tramaConf[90..93]                       ; Stuck at GND due to stuck port data_in ;
; tramaConf[94]                           ; Stuck at VCC due to stuck port data_in ;
; tramaConf[95,104..117]                  ; Stuck at GND due to stuck port data_in ;
; tramaConf[118]                          ; Stuck at VCC due to stuck port data_in ;
; tramaConf[119]                          ; Stuck at GND due to stuck port data_in ;
; auxIDAC1[0]                             ; Stuck at VCC due to stuck port data_in ;
; auxIDAC1[1,2]                           ; Stuck at GND due to stuck port data_in ;
; auxIDAC1[3]                             ; Stuck at VCC due to stuck port data_in ;
; auxMUX0[6,7]                            ; Stuck at GND due to stuck port data_in ;
; CS[1]                                   ; Stuck at GND due to stuck port data_in ;
; tramaConf[3]                            ; Stuck at VCC due to stuck port data_in ;
; tramaConf[1,2]                          ; Stuck at GND due to stuck port data_in ;
; tramaConf[0]                            ; Stuck at VCC due to stuck port data_in ;
; tramaConf[102,103]                      ; Stuck at GND due to stuck port data_in ;
; auxIDAC1[6]                             ; Merged with auxIDAC1[4]                ;
; auxMUX0[1,5]                            ; Merged with auxIDAC1[4]                ;
; auxMUX0[0,3]                            ; Merged with auxIDAC1[5]                ;
; auxMUX0[2,4]                            ; Merged with auxIDAC1[7]                ;
; tramaConf[6,97,101]                     ; Merged with tramaConf[4]               ;
; tramaConf[96,99]                        ; Merged with tramaConf[5]               ;
; tramaConf[98,100]                       ; Merged with tramaConf[7]               ;
; es.e0                                   ; Lost fanout                            ;
; es.e1                                   ; Lost fanout                            ;
; es.e2                                   ; Lost fanout                            ;
; Total Number of Removed Registers = 167 ;                                        ;
+-----------------------------------------+----------------------------------------+


+------------------------------------------------------------------------------------+
; Removed Registers Triggering Further Register Optimizations                        ;
+---------------+---------------------------+----------------------------------------+
; Register name ; Reason for Removal        ; Registers Removed due to This Register ;
+---------------+---------------------------+----------------------------------------+
; auxIDAC1[0]   ; Stuck at VCC              ; tramaConf[0]                           ;
;               ; due to stuck port data_in ;                                        ;
; auxIDAC1[1]   ; Stuck at GND              ; tramaConf[1]                           ;
;               ; due to stuck port data_in ;                                        ;
; auxIDAC1[2]   ; Stuck at GND              ; tramaConf[2]                           ;
;               ; due to stuck port data_in ;                                        ;
; auxIDAC1[3]   ; Stuck at VCC              ; tramaConf[3]                           ;
;               ; due to stuck port data_in ;                                        ;
; auxMUX0[6]    ; Stuck at GND              ; tramaConf[102]                         ;
;               ; due to stuck port data_in ;                                        ;
; auxMUX0[7]    ; Stuck at GND              ; tramaConf[103]                         ;
;               ; due to stuck port data_in ;                                        ;
+---------------+---------------------------+----------------------------------------+


+------------------------------------------------------+
; General Register Statistics                          ;
+----------------------------------------------+-------+
; Statistic                                    ; Value ;
+----------------------------------------------+-------+
; Total registers                              ; 109   ;
; Number of registers using Synchronous Clear  ; 50    ;
; Number of registers using Synchronous Load   ; 0     ;
; Number of registers using Asynchronous Clear ; 0     ;
; Number of registers using Asynchronous Load  ; 0     ;
; Number of registers using Clock Enable       ; 72    ;
; Number of registers using Preset             ; 0     ;
+----------------------------------------------+-------+


+---------------------------------------------------+
; Inverted Register Statistics                      ;
+-----------------------------------------+---------+
; Inverted Register                       ; Fan out ;
+-----------------------------------------+---------+
; ADS1248_drv:inst1|confBitsCnt[2]        ; 6       ;
; ADS1248_drv:inst1|confBitsCnt[0]        ; 9       ;
; ADS1248_drv:inst1|confBitsCnt[6]        ; 9       ;
; ADS1248_drv:inst1|confBitsCnt[1]        ; 9       ;
; ADS1248_drv:inst1|confBitsCnt[4]        ; 3       ;
; ADS1248_drv:inst1|confBitsCnt[5]        ; 6       ;
; ADS1248_drv:inst1|cont_prep[0]          ; 7       ;
; ADS1248_drv:inst1|cont_prep[1]          ; 6       ;
; ADS1248_drv:inst1|cont_prep[2]          ; 5       ;
; ADS1248_drv:inst1|cont_prep[4]          ; 4       ;
; ADS1248_drv:inst1|cont_ceros[3]         ; 3       ;
; ADS1248_drv:inst1|cont_ceros[2]         ; 4       ;
; ADS1248_drv:inst1|cont_ceros[1]         ; 4       ;
; ADS1248_drv:inst1|cont_ceros[0]         ; 5       ;
; ADS1248_drv:inst1|dataBitsCnt[5]        ; 3       ;
; auxIDAC1[7]                             ; 1       ;
; registro[0]                             ; 4       ;
; Total number of inverted registers = 17 ;         ;
+-----------------------------------------+---------+


+------------------------------------------------------------------------------------------------------------------------------------------------------------+
; Multiplexer Restructuring Statistics (Restructuring Performed)                                                                                             ;
+--------------------+-----------+---------------+----------------------+------------------------+------------+----------------------------------------------+
; Multiplexer Inputs ; Bus Width ; Baseline Area ; Area if Restructured ; Saving if Restructured ; Registered ; Example Multiplexer Output                   ;
+--------------------+-----------+---------------+----------------------+------------------------+------------+----------------------------------------------+
; 3:1                ; 24 bits   ; 48 LEs        ; 0 LEs                ; 48 LEs                 ; Yes        ; |temp_ctrl|ADS1248_drv:inst1|conv_time[22]   ;
; 3:1                ; 2 bits    ; 4 LEs         ; 2 LEs                ; 2 LEs                  ; Yes        ; |temp_ctrl|ADS1248_drv:inst1|confBitsCnt[7]  ;
; 3:1                ; 2 bits    ; 4 LEs         ; 2 LEs                ; 2 LEs                  ; Yes        ; |temp_ctrl|ADS1248_drv:inst1|cont_prep[3]    ;
; 3:1                ; 6 bits    ; 12 LEs        ; 6 LEs                ; 6 LEs                  ; Yes        ; |temp_ctrl|ADS1248_drv:inst1|dataBitsCnt[2]  ;
; 7:1                ; 6 bits    ; 24 LEs        ; 12 LEs               ; 12 LEs                 ; Yes        ; |temp_ctrl|ADS1248_drv:inst1|cont_parcial[0] ;
; 17:1               ; 18 bits   ; 198 LEs       ; 0 LEs                ; 198 LEs                ; Yes        ; |temp_ctrl|ADS1248_drv:inst1|quiet_time[3]   ;
; 3:1                ; 6 bits    ; 12 LEs        ; 6 LEs                ; 6 LEs                  ; Yes        ; |temp_ctrl|ADS1248_drv:inst1|confBitsCnt[6]  ;
; 3:1                ; 4 bits    ; 8 LEs         ; 4 LEs                ; 4 LEs                  ; Yes        ; |temp_ctrl|ADS1248_drv:inst1|cont_ceros[1]   ;
; 3:1                ; 4 bits    ; 8 LEs         ; 4 LEs                ; 4 LEs                  ; Yes        ; |temp_ctrl|ADS1248_drv:inst1|cont_prep[0]    ;
+--------------------+-----------+---------------+----------------------+------------------------+------------+----------------------------------------------+


+----------------------------------------------------------------------------------------------------------------------+
; Port Connectivity Checks: "ADS1248_drv:inst1"                                                                        ;
+------------+--------+----------+-------------------------------------------------------------------------------------+
; Port       ; Type   ; Severity ; Details                                                                             ;
+------------+--------+----------+-------------------------------------------------------------------------------------+
; rst        ; Input  ; Info     ; Stuck at GND                                                                        ;
; speed      ; Input  ; Info     ; Stuck at VCC                                                                        ;
; cpol       ; Input  ; Info     ; Stuck at VCC                                                                        ;
; cpha       ; Input  ; Info     ; Stuck at VCC                                                                        ;
; out_conf   ; Output ; Info     ; Connected to dangling logic. Logic that only feeds a dangling port will be removed. ;
; out_rd_nop ; Output ; Info     ; Connected to dangling logic. Logic that only feeds a dangling port will be removed. ;
+------------+--------+----------+-------------------------------------------------------------------------------------+


+-----------------------------------------------------+
; Post-Synthesis Netlist Statistics for Top Partition ;
+-----------------------+-----------------------------+
; Type                  ; Count                       ;
+-----------------------+-----------------------------+
; arriav_ff             ; 109                         ;
;     ENA               ; 22                          ;
;     ENA SCLR          ; 50                          ;
;     plain             ; 37                          ;
; arriav_lcell_comb     ; 239                         ;
;     arith             ; 57                          ;
;         1 data inputs ; 57                          ;
;     normal            ; 182                         ;
;         0 data inputs ; 2                           ;
;         1 data inputs ; 1                           ;
;         2 data inputs ; 21                          ;
;         3 data inputs ; 30                          ;
;         4 data inputs ; 36                          ;
;         5 data inputs ; 39                          ;
;         6 data inputs ; 53                          ;
; boundary_port         ; 20                          ;
;                       ;                             ;
; Max LUT depth         ; 4.00                        ;
; Average LUT depth     ; 2.76                        ;
+-----------------------+-----------------------------+


+-------------------------------+
; Elapsed Time Per Partition    ;
+----------------+--------------+
; Partition Name ; Elapsed Time ;
+----------------+--------------+
; Top            ; 00:00:00     ;
+----------------+--------------+


+-------------------------------+
; Analysis & Synthesis Messages ;
+-------------------------------+
Info: *******************************************************************
Info: Running Quartus Prime Analysis & Synthesis
    Info: Version 18.1.0 Build 625 09/12/2018 SJ Lite Edition
    Info: Processing started: Mon Jun 03 16:32:34 2019
Info: Command: quartus_map --read_settings_files=on --write_settings_files=off temp_ctrl -c temp_ctrl
Warning (18236): Number of processors has not been specified which may cause overloading on shared machines.  Set the global assignment NUM_PARALLEL_PROCESSORS in your QSF to an appropriate value for best performance.
Info (20030): Parallel compilation is enabled and will use 4 of the 4 processors detected
Info (12021): Found 2 design units, including 1 entities, in source file ads1248_drv.vhd
    Info (12022): Found design unit 1: ADS1248_drv-a File: D:/Users/jagumiel/Desktop/DE1-Nano/misPruebas/temp_ctrl/ADS1248_drv.vhd Line: 29
    Info (12023): Found entity 1: ADS1248_drv File: D:/Users/jagumiel/Desktop/DE1-Nano/misPruebas/temp_ctrl/ADS1248_drv.vhd Line: 6
Info (12021): Found 2 design units, including 1 entities, in source file temp_ctrl.vhd
    Info (12022): Found design unit 1: temp_ctrl-a File: D:/Users/jagumiel/Desktop/DE1-Nano/misPruebas/temp_ctrl/temp_ctrl.vhd Line: 23
    Info (12023): Found entity 1: temp_ctrl File: D:/Users/jagumiel/Desktop/DE1-Nano/misPruebas/temp_ctrl/temp_ctrl.vhd Line: 6
Info (12127): Elaborating entity "temp_ctrl" for the top level hierarchy
Warning (10540): VHDL Signal Declaration warning at temp_ctrl.vhd(51): used explicit default value for signal "ep" because signal was never assigned a value File: D:/Users/jagumiel/Desktop/DE1-Nano/misPruebas/temp_ctrl/temp_ctrl.vhd Line: 51
Warning (10036): Verilog HDL or VHDL warning at temp_ctrl.vhd(52): object "es" assigned a value but never read File: D:/Users/jagumiel/Desktop/DE1-Nano/misPruebas/temp_ctrl/temp_ctrl.vhd Line: 52
Warning (10036): Verilog HDL or VHDL warning at temp_ctrl.vhd(58): object "datoConv" assigned a value but never read File: D:/Users/jagumiel/Desktop/DE1-Nano/misPruebas/temp_ctrl/temp_ctrl.vhd Line: 58
Warning (10540): VHDL Signal Declaration warning at temp_ctrl.vhd(77): used explicit default value for signal "temp1" because signal was never assigned a value File: D:/Users/jagumiel/Desktop/DE1-Nano/misPruebas/temp_ctrl/temp_ctrl.vhd Line: 77
Warning (10540): VHDL Signal Declaration warning at temp_ctrl.vhd(78): used explicit default value for signal "temp2" because signal was never assigned a value File: D:/Users/jagumiel/Desktop/DE1-Nano/misPruebas/temp_ctrl/temp_ctrl.vhd Line: 78
Warning (10540): VHDL Signal Declaration warning at temp_ctrl.vhd(79): used explicit default value for signal "temp3" because signal was never assigned a value File: D:/Users/jagumiel/Desktop/DE1-Nano/misPruebas/temp_ctrl/temp_ctrl.vhd Line: 79
Warning (10492): VHDL Process Statement warning at temp_ctrl.vhd(184): signal "temp1" is read inside the Process Statement but isn't in the Process Statement's sensitivity list File: D:/Users/jagumiel/Desktop/DE1-Nano/misPruebas/temp_ctrl/temp_ctrl.vhd Line: 184
Warning (10492): VHDL Process Statement warning at temp_ctrl.vhd(186): signal "temp2" is read inside the Process Statement but isn't in the Process Statement's sensitivity list File: D:/Users/jagumiel/Desktop/DE1-Nano/misPruebas/temp_ctrl/temp_ctrl.vhd Line: 186
Warning (10492): VHDL Process Statement warning at temp_ctrl.vhd(188): signal "temp3" is read inside the Process Statement but isn't in the Process Statement's sensitivity list File: D:/Users/jagumiel/Desktop/DE1-Nano/misPruebas/temp_ctrl/temp_ctrl.vhd Line: 188
Info (12128): Elaborating entity "ADS1248_drv" for hierarchy "ADS1248_drv:inst1" File: D:/Users/jagumiel/Desktop/DE1-Nano/misPruebas/temp_ctrl/temp_ctrl.vhd Line: 153
Warning (10540): VHDL Signal Declaration warning at ADS1248_drv.vhd(76): used explicit default value for signal "preparacion" because signal was never assigned a value File: D:/Users/jagumiel/Desktop/DE1-Nano/misPruebas/temp_ctrl/ADS1248_drv.vhd Line: 76
Warning (10540): VHDL Signal Declaration warning at ADS1248_drv.vhd(78): used explicit default value for signal "ceros" because signal was never assigned a value File: D:/Users/jagumiel/Desktop/DE1-Nano/misPruebas/temp_ctrl/ADS1248_drv.vhd Line: 78
Warning (13024): Output pins are stuck at VCC or GND
    Warning (13410): Pin "LED[0]" is stuck at GND File: D:/Users/jagumiel/Desktop/DE1-Nano/misPruebas/temp_ctrl/temp_ctrl.vhd Line: 10
    Warning (13410): Pin "LED[1]" is stuck at GND File: D:/Users/jagumiel/Desktop/DE1-Nano/misPruebas/temp_ctrl/temp_ctrl.vhd Line: 10
    Warning (13410): Pin "LED[2]" is stuck at GND File: D:/Users/jagumiel/Desktop/DE1-Nano/misPruebas/temp_ctrl/temp_ctrl.vhd Line: 10
    Warning (13410): Pin "LED[3]" is stuck at GND File: D:/Users/jagumiel/Desktop/DE1-Nano/misPruebas/temp_ctrl/temp_ctrl.vhd Line: 10
    Warning (13410): Pin "LED[4]" is stuck at GND File: D:/Users/jagumiel/Desktop/DE1-Nano/misPruebas/temp_ctrl/temp_ctrl.vhd Line: 10
    Warning (13410): Pin "LED[5]" is stuck at GND File: D:/Users/jagumiel/Desktop/DE1-Nano/misPruebas/temp_ctrl/temp_ctrl.vhd Line: 10
    Warning (13410): Pin "LED[6]" is stuck at GND File: D:/Users/jagumiel/Desktop/DE1-Nano/misPruebas/temp_ctrl/temp_ctrl.vhd Line: 10
    Warning (13410): Pin "LED[7]" is stuck at GND File: D:/Users/jagumiel/Desktop/DE1-Nano/misPruebas/temp_ctrl/temp_ctrl.vhd Line: 10
    Warning (13410): Pin "SS2" is stuck at VCC File: D:/Users/jagumiel/Desktop/DE1-Nano/misPruebas/temp_ctrl/temp_ctrl.vhd Line: 17
    Warning (13410): Pin "SS3" is stuck at VCC File: D:/Users/jagumiel/Desktop/DE1-Nano/misPruebas/temp_ctrl/temp_ctrl.vhd Line: 18
    Warning (13410): Pin "RESET_ADC" is stuck at VCC File: D:/Users/jagumiel/Desktop/DE1-Nano/misPruebas/temp_ctrl/temp_ctrl.vhd Line: 19
Info (286030): Timing-Driven Synthesis is running
Info (17049): 3 registers lost all their fanouts during netlist optimizations.
Info (16010): Generating hard_block partition "hard_block:auto_generated_inst"
    Info (16011): Adding 0 node(s), including 0 DDIO, 0 PLL, 0 transceiver and 0 LCELL
Warning (21074): Design contains 4 input pin(s) that do not drive logic
    Warning (15610): No output dependent on input pin "KEY[0]" File: D:/Users/jagumiel/Desktop/DE1-Nano/misPruebas/temp_ctrl/temp_ctrl.vhd Line: 9
    Warning (15610): No output dependent on input pin "SW[0]" File: D:/Users/jagumiel/Desktop/DE1-Nano/misPruebas/temp_ctrl/temp_ctrl.vhd Line: 11
    Warning (15610): No output dependent on input pin "SW[1]" File: D:/Users/jagumiel/Desktop/DE1-Nano/misPruebas/temp_ctrl/temp_ctrl.vhd Line: 11
    Warning (15610): No output dependent on input pin "MISO" File: D:/Users/jagumiel/Desktop/DE1-Nano/misPruebas/temp_ctrl/temp_ctrl.vhd Line: 14
Info (21057): Implemented 262 device resources after synthesis - the final resource count might be different
    Info (21058): Implemented 5 input pins
    Info (21059): Implemented 15 output pins
    Info (21061): Implemented 242 logic cells
Info: Quartus Prime Analysis & Synthesis was successful. 0 errors, 29 warnings
    Info: Peak virtual memory: 745 megabytes
    Info: Processing ended: Mon Jun 03 16:32:47 2019
    Info: Elapsed time: 00:00:13
    Info: Total CPU time (on all processors): 00:00:23


