Assembler report for demo_led_sw_hps
Thu Jan 24 13:34:15 2019
Quartus Prime Version 18.1.0 Build 625 09/12/2018 SJ Lite Edition


---------------------
; Table of Contents ;
---------------------
  1. Legal Notice
  2. Assembler Summary
  3. Assembler Settings
  4. Assembler Generated Files
  5. Assembler Device Options: D:/Users/jagumiel/Desktop/DE1-Nano/misPruebas/HPS-FPGA-SoC/demo_led_sw_hps/output_files/demo_led_sw_hps.sof
  6. Assembler Messages



----------------
; Legal Notice ;
----------------
Copyright (C) 2018  Intel Corporation. All rights reserved.
Your use of Intel Corporation's design tools, logic functions 
and other software and tools, and its AMPP partner logic 
functions, and any output files from any of the foregoing 
(including device programming or simulation files), and any 
associated documentation or information are expressly subject 
to the terms and conditions of the Intel Program License 
Subscription Agreement, the Intel Quartus Prime License Agreement,
the Intel FPGA IP License Agreement, or other applicable license
agreement, including, without limitation, that your use is for
the sole purpose of programming logic devices manufactured by
Intel and sold by Intel or its authorized distributors.  Please
refer to the applicable agreement for further details.



+---------------------------------------------------------------+
; Assembler Summary                                             ;
+-----------------------+---------------------------------------+
; Assembler Status      ; Successful - Thu Jan 24 13:34:15 2019 ;
; Revision Name         ; demo_led_sw_hps                       ;
; Top-level Entity Name ; demo_led_sw_hps                       ;
; Family                ; Cyclone V                             ;
; Device                ; 5CSEBA6U23I7                          ;
+-----------------------+---------------------------------------+


+----------------------------------+
; Assembler Settings               ;
+--------+---------+---------------+
; Option ; Setting ; Default Value ;
+--------+---------+---------------+


+-------------------------------------------------------------------------------------------------------------+
; Assembler Generated Files                                                                                   ;
+-------------------------------------------------------------------------------------------------------------+
; File Name                                                                                                   ;
+-------------------------------------------------------------------------------------------------------------+
; D:/Users/jagumiel/Desktop/DE1-Nano/misPruebas/HPS-FPGA-SoC/demo_led_sw_hps/output_files/demo_led_sw_hps.sof ;
+-------------------------------------------------------------------------------------------------------------+


+---------------------------------------------------------------------------------------------------------------------------------------+
; Assembler Device Options: D:/Users/jagumiel/Desktop/DE1-Nano/misPruebas/HPS-FPGA-SoC/demo_led_sw_hps/output_files/demo_led_sw_hps.sof ;
+----------------+----------------------------------------------------------------------------------------------------------------------+
; Option         ; Setting                                                                                                              ;
+----------------+----------------------------------------------------------------------------------------------------------------------+
; JTAG usercode  ; 0x00B9279F                                                                                                           ;
; Checksum       ; 0x00B9279F                                                                                                           ;
+----------------+----------------------------------------------------------------------------------------------------------------------+


+--------------------+
; Assembler Messages ;
+--------------------+
Info: *******************************************************************
Info: Running Quartus Prime Assembler
    Info: Version 18.1.0 Build 625 09/12/2018 SJ Lite Edition
    Info: Processing started: Thu Jan 24 13:34:06 2019
Info: Command: quartus_asm --read_settings_files=off --write_settings_files=off demo_led_sw_hps -c demo_led_sw_hps
Warning (18236): Number of processors has not been specified which may cause overloading on shared machines.  Set the global assignment NUM_PARALLEL_PROCESSORS in your QSF to an appropriate value for best performance.
Info (115030): Assembler is generating device programming files
Info (11878): Hard Processor Subsystem configuration has not changed and a Preloader software update is not required
Info: Quartus Prime Assembler was successful. 0 errors, 1 warning
    Info: Peak virtual memory: 751 megabytes
    Info: Processing ended: Thu Jan 24 13:34:15 2019
    Info: Elapsed time: 00:00:09
    Info: Total CPU time (on all processors): 00:00:09


