Info: Starting: Create block symbol file (.bsf)
Info: qsys-generate D:\Users\jagumiel\Desktop\DE1-Nano\misPruebas\HPS-FPGA-SoC\pingPong\hps.qsys --block-symbol-file --output-directory=D:\Users\jagumiel\Desktop\DE1-Nano\misPruebas\HPS-FPGA-SoC\pingPong\hps --family="Cyclone V" --part=5CSEBA6U23I7
Progress: Loading pingPong/hps.qsys
Progress: Reading input file
Progress: Adding clk_0 [clock_source 18.1]
Progress: Parameterizing module clk_0
Progress: Adding fpga_to_hps [altera_avalon_pio 18.1]
Progress: Parameterizing module fpga_to_hps
Progress: Adding hps_0 [altera_hps 18.1]
Progress: Parameterizing module hps_0
Progress: Adding hps_to_fpga [altera_avalon_pio 18.1]
Progress: Parameterizing module hps_to_fpga
Progress: Building connections
Progress: Parameterizing connections
Progress: Validating
Progress: Done reading input file
Info: hps.hps_0: HPS Main PLL counter settings: n = 0  m = 63
Info: hps.hps_0: HPS peripherial PLL counter settings: n = 0  m = 39
Info: hps.hps_to_fpga: PIO inputs are not hardwired in test bench. Undefined values will be read from PIO inputs during simulation.
Info: qsys-generate succeeded.
Info: Finished: Create block symbol file (.bsf)
Info: 
Info: Starting: Create HDL design files for synthesis
Info: qsys-generate D:\Users\jagumiel\Desktop\DE1-Nano\misPruebas\HPS-FPGA-SoC\pingPong\hps.qsys --synthesis=VHDL --output-directory=D:\Users\jagumiel\Desktop\DE1-Nano\misPruebas\HPS-FPGA-SoC\pingPong\hps\synthesis --family="Cyclone V" --part=5CSEBA6U23I7
Progress: Loading pingPong/hps.qsys
Progress: Reading input file
Progress: Adding clk_0 [clock_source 18.1]
Progress: Parameterizing module clk_0
Progress: Adding fpga_to_hps [altera_avalon_pio 18.1]
Progress: Parameterizing module fpga_to_hps
Progress: Adding hps_0 [altera_hps 18.1]
Progress: Parameterizing module hps_0
Progress: Adding hps_to_fpga [altera_avalon_pio 18.1]
Progress: Parameterizing module hps_to_fpga
Progress: Building connections
Progress: Parameterizing connections
Progress: Validating
Progress: Done reading input file
Info: hps.hps_0: HPS Main PLL counter settings: n = 0  m = 63
Info: hps.hps_0: HPS peripherial PLL counter settings: n = 0  m = 39
Info: hps.hps_to_fpga: PIO inputs are not hardwired in test bench. Undefined values will be read from PIO inputs during simulation.
Info: hps: Generating hps "hps" for QUARTUS_SYNTH
Info: fpga_to_hps: Starting RTL generation for module 'hps_fpga_to_hps'
Info: fpga_to_hps:   Generation command is [exec C:/intelfpga_lite/18.1/quartus/bin64/perl/bin/perl.exe -I C:/intelfpga_lite/18.1/quartus/bin64/perl/lib -I C:/intelfpga_lite/18.1/quartus/sopc_builder/bin/europa -I C:/intelfpga_lite/18.1/quartus/sopc_builder/bin/perl_lib -I C:/intelfpga_lite/18.1/quartus/sopc_builder/bin -I C:/intelfpga_lite/18.1/quartus/../ip/altera/sopc_builder_ip/common -I C:/intelfpga_lite/18.1/quartus/../ip/altera/sopc_builder_ip/altera_avalon_pio -- C:/intelfpga_lite/18.1/quartus/../ip/altera/sopc_builder_ip/altera_avalon_pio/generate_rtl.pl --name=hps_fpga_to_hps --dir=C:/Users/jagumiel/AppData/Local/Temp/alt7942_7962584090420172367.dir/0002_fpga_to_hps_gen/ --quartus_dir=C:/intelfpga_lite/18.1/quartus --verilog --config=C:/Users/jagumiel/AppData/Local/Temp/alt7942_7962584090420172367.dir/0002_fpga_to_hps_gen//hps_fpga_to_hps_component_configuration.pl  --do_build_sim=0  ]
Info: fpga_to_hps: Done RTL generation for module 'hps_fpga_to_hps'
Info: fpga_to_hps: "hps" instantiated altera_avalon_pio "fpga_to_hps"
Info: hps_0: "Running  for module: hps_0"
Info: hps_0: HPS Main PLL counter settings: n = 0  m = 63
Info: hps_0: HPS peripherial PLL counter settings: n = 0  m = 39
Info: hps_0: "hps" instantiated altera_hps "hps_0"
Info: hps_to_fpga: Starting RTL generation for module 'hps_hps_to_fpga'
Info: hps_to_fpga:   Generation command is [exec C:/intelfpga_lite/18.1/quartus/bin64/perl/bin/perl.exe -I C:/intelfpga_lite/18.1/quartus/bin64/perl/lib -I C:/intelfpga_lite/18.1/quartus/sopc_builder/bin/europa -I C:/intelfpga_lite/18.1/quartus/sopc_builder/bin/perl_lib -I C:/intelfpga_lite/18.1/quartus/sopc_builder/bin -I C:/intelfpga_lite/18.1/quartus/../ip/altera/sopc_builder_ip/common -I C:/intelfpga_lite/18.1/quartus/../ip/altera/sopc_builder_ip/altera_avalon_pio -- C:/intelfpga_lite/18.1/quartus/../ip/altera/sopc_builder_ip/altera_avalon_pio/generate_rtl.pl --name=hps_hps_to_fpga --dir=C:/Users/jagumiel/AppData/Local/Temp/alt7942_7962584090420172367.dir/0003_hps_to_fpga_gen/ --quartus_dir=C:/intelfpga_lite/18.1/quartus --verilog --config=C:/Users/jagumiel/AppData/Local/Temp/alt7942_7962584090420172367.dir/0003_hps_to_fpga_gen//hps_hps_to_fpga_component_configuration.pl  --do_build_sim=0  ]
Info: hps_to_fpga: Done RTL generation for module 'hps_hps_to_fpga'
Info: hps_to_fpga: "hps" instantiated altera_avalon_pio "hps_to_fpga"
Info: avalon_st_adapter: Inserting error_adapter: error_adapter_0
Info: avalon_st_adapter_001: Inserting error_adapter: error_adapter_0
Info: mm_interconnect_0: "hps" instantiated altera_mm_interconnect "mm_interconnect_0"
Info: rst_controller: "hps" instantiated altera_reset_controller "rst_controller"
Info: fpga_interfaces: "hps_0" instantiated altera_interface_generator "fpga_interfaces"
Info: hps_io: "hps_0" instantiated altera_hps_io "hps_io"
Info: fpga_to_hps_s1_translator: "mm_interconnect_0" instantiated altera_merlin_slave_translator "fpga_to_hps_s1_translator"
Info: hps_0_h2f_lw_axi_master_agent: "mm_interconnect_0" instantiated altera_merlin_axi_master_ni "hps_0_h2f_lw_axi_master_agent"
Info: fpga_to_hps_s1_agent: "mm_interconnect_0" instantiated altera_merlin_slave_agent "fpga_to_hps_s1_agent"
Info: fpga_to_hps_s1_agent_rsp_fifo: "mm_interconnect_0" instantiated altera_avalon_sc_fifo "fpga_to_hps_s1_agent_rsp_fifo"
Info: router: "mm_interconnect_0" instantiated altera_merlin_router "router"
Info: router_002: "mm_interconnect_0" instantiated altera_merlin_router "router_002"
Info: hps_0_h2f_lw_axi_master_wr_limiter: "mm_interconnect_0" instantiated altera_merlin_traffic_limiter "hps_0_h2f_lw_axi_master_wr_limiter"
Info: Reusing file D:/Users/jagumiel/Desktop/DE1-Nano/misPruebas/HPS-FPGA-SoC/pingPong/hps/synthesis/submodules/altera_avalon_sc_fifo.v
Info: fpga_to_hps_s1_burst_adapter: "mm_interconnect_0" instantiated altera_merlin_burst_adapter "fpga_to_hps_s1_burst_adapter"
Info: Reusing file D:/Users/jagumiel/Desktop/DE1-Nano/misPruebas/HPS-FPGA-SoC/pingPong/hps/synthesis/submodules/altera_merlin_address_alignment.sv
Info: Reusing file D:/Users/jagumiel/Desktop/DE1-Nano/misPruebas/HPS-FPGA-SoC/pingPong/hps/synthesis/submodules/altera_avalon_st_pipeline_base.v
Info: cmd_demux: "mm_interconnect_0" instantiated altera_merlin_demultiplexer "cmd_demux"
Info: cmd_mux: "mm_interconnect_0" instantiated altera_merlin_multiplexer "cmd_mux"
Info: rsp_demux: "mm_interconnect_0" instantiated altera_merlin_demultiplexer "rsp_demux"
Info: rsp_mux: "mm_interconnect_0" instantiated altera_merlin_multiplexer "rsp_mux"
Info: Reusing file D:/Users/jagumiel/Desktop/DE1-Nano/misPruebas/HPS-FPGA-SoC/pingPong/hps/synthesis/submodules/altera_merlin_arbitrator.sv
Info: avalon_st_adapter: "mm_interconnect_0" instantiated altera_avalon_st_adapter "avalon_st_adapter"
Info: border: "hps_io" instantiated altera_interface_generator "border"
Info: error_adapter_0: "avalon_st_adapter" instantiated error_adapter "error_adapter_0"
Info: hps: Done "hps" with 23 modules, 80 files
Info: qsys-generate succeeded.
Info: Finished: Create HDL design files for synthesis
