TimeQuest Timing Analyzer report for pruebaOnBoardADC
Fri Oct 05 13:35:19 2018
Quartus Prime Version 17.1.0 Build 590 10/25/2017 SJ Lite Edition


---------------------
; Table of Contents ;
---------------------
  1. Legal Notice
  2. TimeQuest Timing Analyzer Summary
  3. Parallel Compilation
  4. Clocks
  5. Slow 1100mV 100C Model Fmax Summary
  6. Timing Closure Recommendations
  7. Slow 1100mV 100C Model Setup Summary
  8. Slow 1100mV 100C Model Hold Summary
  9. Slow 1100mV 100C Model Recovery Summary
 10. Slow 1100mV 100C Model Removal Summary
 11. Slow 1100mV 100C Model Minimum Pulse Width Summary
 12. Slow 1100mV 100C Model Metastability Summary
 13. Slow 1100mV -40C Model Fmax Summary
 14. Slow 1100mV -40C Model Setup Summary
 15. Slow 1100mV -40C Model Hold Summary
 16. Slow 1100mV -40C Model Recovery Summary
 17. Slow 1100mV -40C Model Removal Summary
 18. Slow 1100mV -40C Model Minimum Pulse Width Summary
 19. Slow 1100mV -40C Model Metastability Summary
 20. Fast 1100mV 100C Model Setup Summary
 21. Fast 1100mV 100C Model Hold Summary
 22. Fast 1100mV 100C Model Recovery Summary
 23. Fast 1100mV 100C Model Removal Summary
 24. Fast 1100mV 100C Model Minimum Pulse Width Summary
 25. Fast 1100mV 100C Model Metastability Summary
 26. Fast 1100mV -40C Model Setup Summary
 27. Fast 1100mV -40C Model Hold Summary
 28. Fast 1100mV -40C Model Recovery Summary
 29. Fast 1100mV -40C Model Removal Summary
 30. Fast 1100mV -40C Model Minimum Pulse Width Summary
 31. Fast 1100mV -40C Model Metastability Summary
 32. Multicorner Timing Analysis Summary
 33. Board Trace Model Assignments
 34. Input Transition Times
 35. Signal Integrity Metrics (Slow 1100mv n40c Model)
 36. Signal Integrity Metrics (Slow 1100mv 100c Model)
 37. Signal Integrity Metrics (Fast 1100mv n40c Model)
 38. Signal Integrity Metrics (Fast 1100mv 100c Model)
 39. Setup Transfers
 40. Hold Transfers
 41. Report TCCS
 42. Report RSKM
 43. Unconstrained Paths Summary
 44. Clock Status Summary
 45. Unconstrained Input Ports
 46. Unconstrained Output Ports
 47. Unconstrained Input Ports
 48. Unconstrained Output Ports
 49. TimeQuest Timing Analyzer Messages



----------------
; Legal Notice ;
----------------
Copyright (C) 2017  Intel Corporation. All rights reserved.
Your use of Intel Corporation's design tools, logic functions 
and other software and tools, and its AMPP partner logic 
functions, and any output files from any of the foregoing 
(including device programming or simulation files), and any 
associated documentation or information are expressly subject 
to the terms and conditions of the Intel Program License 
Subscription Agreement, the Intel Quartus Prime License Agreement,
the Intel FPGA IP License Agreement, or other applicable license
agreement, including, without limitation, that your use is for
the sole purpose of programming logic devices manufactured by
Intel and sold by Intel or its authorized distributors.  Please
refer to the applicable agreement for further details.



+-----------------------------------------------------------------------------+
; TimeQuest Timing Analyzer Summary                                           ;
+-----------------------+-----------------------------------------------------+
; Quartus Prime Version ; Version 17.1.0 Build 590 10/25/2017 SJ Lite Edition ;
; Timing Analyzer       ; TimeQuest                                           ;
; Revision Name         ; pruebaOnBoardADC                                    ;
; Device Family         ; Cyclone V                                           ;
; Device Name           ; 5CSEBA6U23I7                                        ;
; Timing Models         ; Final                                               ;
; Delay Model           ; Combined                                            ;
; Rise/Fall Delays      ; Enabled                                             ;
+-----------------------+-----------------------------------------------------+


+------------------------------------------+
; Parallel Compilation                     ;
+----------------------------+-------------+
; Processors                 ; Number      ;
+----------------------------+-------------+
; Number detected on machine ; 8           ;
; Maximum allowed            ; 4           ;
;                            ;             ;
; Average used               ; 1.07        ;
; Maximum used               ; 4           ;
;                            ;             ;
; Usage by Processor         ; % Time Used ;
;     Processor 1            ; 100.0%      ;
;     Processor 2            ;   2.4%      ;
;     Processor 3            ;   2.3%      ;
;     Processor 4            ;   2.3%      ;
+----------------------------+-------------+


+--------------------------------------------------------------------------------------------------------------------------------------------------------------------------------------------------------------------------------+
; Clocks                                                                                                                                                                                                                         ;
+--------------------------------+------+--------+------------+-------+-------+------------+-----------+-------------+-------+--------+-----------+------------+----------+--------+--------+------------------------------------+
; Clock Name                     ; Type ; Period ; Frequency  ; Rise  ; Fall  ; Duty Cycle ; Divide by ; Multiply by ; Phase ; Offset ; Edge List ; Edge Shift ; Inverted ; Master ; Source ; Targets                            ;
+--------------------------------+------+--------+------------+-------+-------+------------+-----------+-------------+-------+--------+-----------+------------+----------+--------+--------+------------------------------------+
; AD7928_cyclic:inst1|clkdiv[11] ; Base ; 1.000  ; 1000.0 MHz ; 0.000 ; 0.500 ;            ;           ;             ;       ;        ;           ;            ;          ;        ;        ; { AD7928_cyclic:inst1|clkdiv[11] } ;
; FPGA_CLK1_50                   ; Base ; 1.000  ; 1000.0 MHz ; 0.000 ; 0.500 ;            ;           ;             ;       ;        ;           ;            ;          ;        ;        ; { FPGA_CLK1_50 }                   ;
+--------------------------------+------+--------+------------+-------+-------+------------+-----------+-------------+-------+--------+-----------+------------+----------+--------+--------+------------------------------------+


+----------------------------------------------------------------------+
; Slow 1100mV 100C Model Fmax Summary                                  ;
+------------+-----------------+--------------------------------+------+
; Fmax       ; Restricted Fmax ; Clock Name                     ; Note ;
+------------+-----------------+--------------------------------+------+
; 279.33 MHz ; 279.33 MHz      ; FPGA_CLK1_50                   ;      ;
; 324.89 MHz ; 324.89 MHz      ; AD7928_cyclic:inst1|clkdiv[11] ;      ;
+------------+-----------------+--------------------------------+------+
This panel reports FMAX for every clock in the design, regardless of the user-specified clock periods.  FMAX is only computed for paths where the source and destination registers or ports are driven by the same clock.  Paths of different clocks, including generated clocks, are ignored.  For paths between a clock and its inversion, FMAX is computed as if the rising and falling edges are scaled along with FMAX, such that the duty cycle (in terms of a percentage) is maintained. Altera recommends that you always use clock constraints and other slack reports for sign-off analysis.


----------------------------------
; Timing Closure Recommendations ;
----------------------------------
HTML report is unavailable in plain text report export.


+---------------------------------------------------------+
; Slow 1100mV 100C Model Setup Summary                    ;
+--------------------------------+--------+---------------+
; Clock                          ; Slack  ; End Point TNS ;
+--------------------------------+--------+---------------+
; FPGA_CLK1_50                   ; -4.452 ; -17.723       ;
; AD7928_cyclic:inst1|clkdiv[11] ; -2.078 ; -95.092       ;
+--------------------------------+--------+---------------+


+--------------------------------------------------------+
; Slow 1100mV 100C Model Hold Summary                    ;
+--------------------------------+-------+---------------+
; Clock                          ; Slack ; End Point TNS ;
+--------------------------------+-------+---------------+
; FPGA_CLK1_50                   ; 0.437 ; 0.000         ;
; AD7928_cyclic:inst1|clkdiv[11] ; 0.567 ; 0.000         ;
+--------------------------------+-------+---------------+


-------------------------------------------
; Slow 1100mV 100C Model Recovery Summary ;
-------------------------------------------
No paths to report.


------------------------------------------
; Slow 1100mV 100C Model Removal Summary ;
------------------------------------------
No paths to report.


+---------------------------------------------------------+
; Slow 1100mV 100C Model Minimum Pulse Width Summary      ;
+--------------------------------+--------+---------------+
; Clock                          ; Slack  ; End Point TNS ;
+--------------------------------+--------+---------------+
; AD7928_cyclic:inst1|clkdiv[11] ; -0.538 ; -45.370       ;
; FPGA_CLK1_50                   ; -0.538 ; -9.598        ;
+--------------------------------+--------+---------------+


------------------------------------------------
; Slow 1100mV 100C Model Metastability Summary ;
------------------------------------------------
Design MTBF is not calculated because the design doesn't meet its timing requirements.



+----------------------------------------------------------------------+
; Slow 1100mV -40C Model Fmax Summary                                  ;
+------------+-----------------+--------------------------------+------+
; Fmax       ; Restricted Fmax ; Clock Name                     ; Note ;
+------------+-----------------+--------------------------------+------+
; 247.04 MHz ; 247.04 MHz      ; FPGA_CLK1_50                   ;      ;
; 322.79 MHz ; 322.79 MHz      ; AD7928_cyclic:inst1|clkdiv[11] ;      ;
+------------+-----------------+--------------------------------+------+
This panel reports FMAX for every clock in the design, regardless of the user-specified clock periods.  FMAX is only computed for paths where the source and destination registers or ports are driven by the same clock.  Paths of different clocks, including generated clocks, are ignored.  For paths between a clock and its inversion, FMAX is computed as if the rising and falling edges are scaled along with FMAX, such that the duty cycle (in terms of a percentage) is maintained. Altera recommends that you always use clock constraints and other slack reports for sign-off analysis.


+---------------------------------------------------------+
; Slow 1100mV -40C Model Setup Summary                    ;
+--------------------------------+--------+---------------+
; Clock                          ; Slack  ; End Point TNS ;
+--------------------------------+--------+---------------+
; FPGA_CLK1_50                   ; -4.192 ; -19.142       ;
; AD7928_cyclic:inst1|clkdiv[11] ; -2.098 ; -91.041       ;
+--------------------------------+--------+---------------+


+--------------------------------------------------------+
; Slow 1100mV -40C Model Hold Summary                    ;
+--------------------------------+-------+---------------+
; Clock                          ; Slack ; End Point TNS ;
+--------------------------------+-------+---------------+
; FPGA_CLK1_50                   ; 0.458 ; 0.000         ;
; AD7928_cyclic:inst1|clkdiv[11] ; 0.621 ; 0.000         ;
+--------------------------------+-------+---------------+


-------------------------------------------
; Slow 1100mV -40C Model Recovery Summary ;
-------------------------------------------
No paths to report.


------------------------------------------
; Slow 1100mV -40C Model Removal Summary ;
------------------------------------------
No paths to report.


+---------------------------------------------------------+
; Slow 1100mV -40C Model Minimum Pulse Width Summary      ;
+--------------------------------+--------+---------------+
; Clock                          ; Slack  ; End Point TNS ;
+--------------------------------+--------+---------------+
; AD7928_cyclic:inst1|clkdiv[11] ; -0.538 ; -45.278       ;
; FPGA_CLK1_50                   ; -0.538 ; -10.102       ;
+--------------------------------+--------+---------------+


------------------------------------------------
; Slow 1100mV -40C Model Metastability Summary ;
------------------------------------------------
Design MTBF is not calculated because the design doesn't meet its timing requirements.



+---------------------------------------------------------+
; Fast 1100mV 100C Model Setup Summary                    ;
+--------------------------------+--------+---------------+
; Clock                          ; Slack  ; End Point TNS ;
+--------------------------------+--------+---------------+
; FPGA_CLK1_50                   ; -3.327 ; -4.922        ;
; AD7928_cyclic:inst1|clkdiv[11] ; -0.780 ; -33.311       ;
+--------------------------------+--------+---------------+


+--------------------------------------------------------+
; Fast 1100mV 100C Model Hold Summary                    ;
+--------------------------------+-------+---------------+
; Clock                          ; Slack ; End Point TNS ;
+--------------------------------+-------+---------------+
; AD7928_cyclic:inst1|clkdiv[11] ; 0.181 ; 0.000         ;
; FPGA_CLK1_50                   ; 0.188 ; 0.000         ;
+--------------------------------+-------+---------------+


-------------------------------------------
; Fast 1100mV 100C Model Recovery Summary ;
-------------------------------------------
No paths to report.


------------------------------------------
; Fast 1100mV 100C Model Removal Summary ;
------------------------------------------
No paths to report.


+---------------------------------------------------------+
; Fast 1100mV 100C Model Minimum Pulse Width Summary      ;
+--------------------------------+--------+---------------+
; Clock                          ; Slack  ; End Point TNS ;
+--------------------------------+--------+---------------+
; FPGA_CLK1_50                   ; -0.393 ; -1.439        ;
; AD7928_cyclic:inst1|clkdiv[11] ; -0.015 ; -0.132        ;
+--------------------------------+--------+---------------+


------------------------------------------------
; Fast 1100mV 100C Model Metastability Summary ;
------------------------------------------------
Design MTBF is not calculated because the design doesn't meet its timing requirements.



+---------------------------------------------------------+
; Fast 1100mV -40C Model Setup Summary                    ;
+--------------------------------+--------+---------------+
; Clock                          ; Slack  ; End Point TNS ;
+--------------------------------+--------+---------------+
; FPGA_CLK1_50                   ; -2.489 ; -3.551        ;
; AD7928_cyclic:inst1|clkdiv[11] ; -0.628 ; -23.631       ;
+--------------------------------+--------+---------------+


+--------------------------------------------------------+
; Fast 1100mV -40C Model Hold Summary                    ;
+--------------------------------+-------+---------------+
; Clock                          ; Slack ; End Point TNS ;
+--------------------------------+-------+---------------+
; AD7928_cyclic:inst1|clkdiv[11] ; 0.159 ; 0.000         ;
; FPGA_CLK1_50                   ; 0.174 ; 0.000         ;
+--------------------------------+-------+---------------+


-------------------------------------------
; Fast 1100mV -40C Model Recovery Summary ;
-------------------------------------------
No paths to report.


------------------------------------------
; Fast 1100mV -40C Model Removal Summary ;
------------------------------------------
No paths to report.


+---------------------------------------------------------+
; Fast 1100mV -40C Model Minimum Pulse Width Summary      ;
+--------------------------------+--------+---------------+
; Clock                          ; Slack  ; End Point TNS ;
+--------------------------------+--------+---------------+
; FPGA_CLK1_50                   ; -0.367 ; -1.387        ;
; AD7928_cyclic:inst1|clkdiv[11] ; 0.030  ; 0.000         ;
+--------------------------------+--------+---------------+


------------------------------------------------
; Fast 1100mV -40C Model Metastability Summary ;
------------------------------------------------
Design MTBF is not calculated because the design doesn't meet its timing requirements.



+-----------------------------------------------------------------------------------------------+
; Multicorner Timing Analysis Summary                                                           ;
+---------------------------------+----------+-------+----------+---------+---------------------+
; Clock                           ; Setup    ; Hold  ; Recovery ; Removal ; Minimum Pulse Width ;
+---------------------------------+----------+-------+----------+---------+---------------------+
; Worst-case Slack                ; -4.452   ; 0.159 ; N/A      ; N/A     ; -0.538              ;
;  AD7928_cyclic:inst1|clkdiv[11] ; -2.098   ; 0.159 ; N/A      ; N/A     ; -0.538              ;
;  FPGA_CLK1_50                   ; -4.452   ; 0.174 ; N/A      ; N/A     ; -0.538              ;
; Design-wide TNS                 ; -112.815 ; 0.0   ; 0.0      ; 0.0     ; -55.38              ;
;  AD7928_cyclic:inst1|clkdiv[11] ; -95.092  ; 0.000 ; N/A      ; N/A     ; -45.370             ;
;  FPGA_CLK1_50                   ; -19.142  ; 0.000 ; N/A      ; N/A     ; -10.102             ;
+---------------------------------+----------+-------+----------+---------+---------------------+


+---------------------------------------------------------------------------------------------------------------------------------------------------------------------------------------------------------------------------------------------------------------------------------------------------------------------------------------------------------------------------------------------------------------+
; Board Trace Model Assignments                                                                                                                                                                                                                                                                                                                                                                                 ;
+------------+--------------+-------------------+-------------------------+-------------------------+---------------+---------------------+----------------+------------------+--------+------------------+------------------------+------------------------+--------------+---------------+-----------------+-------+---------------------+--------------------+---------------+-----------------+-------------+
; Pin        ; I/O Standard ; Near Tline Length ; Near Tline L per Length ; Near Tline C per Length ; Near Series R ; Near Differential R ; Near Pull-up R ; Near Pull-down R ; Near C ; Far Tline Length ; Far Tline L per Length ; Far Tline C per Length ; Far Series R ; Far Pull-up R ; Far Pull-down R ; Far C ; Termination Voltage ; Far Differential R ; EBD File Name ; EBD Signal Name ; EBD Far-end ;
+------------+--------------+-------------------+-------------------------+-------------------------+---------------+---------------------+----------------+------------------+--------+------------------+------------------------+------------------------+--------------+---------------+-----------------+-------+---------------------+--------------------+---------------+-----------------+-------------+
; LED[0]     ; 2.5 V        ; 0 in              ; 0 H/in                  ; 0 F/in                  ; short         ; -                   ; open           ; open             ; open   ; 0 in             ; 0 H/in                 ; 0 F/in                 ; short        ; open          ; open            ; open  ; 0 V                 ; -                  ; n/a           ; n/a             ; n/a         ;
; LED[1]     ; 2.5 V        ; 0 in              ; 0 H/in                  ; 0 F/in                  ; short         ; -                   ; open           ; open             ; open   ; 0 in             ; 0 H/in                 ; 0 F/in                 ; short        ; open          ; open            ; open  ; 0 V                 ; -                  ; n/a           ; n/a             ; n/a         ;
; LED[2]     ; 2.5 V        ; 0 in              ; 0 H/in                  ; 0 F/in                  ; short         ; -                   ; open           ; open             ; open   ; 0 in             ; 0 H/in                 ; 0 F/in                 ; short        ; open          ; open            ; open  ; 0 V                 ; -                  ; n/a           ; n/a             ; n/a         ;
; LED[3]     ; 2.5 V        ; 0 in              ; 0 H/in                  ; 0 F/in                  ; short         ; -                   ; open           ; open             ; open   ; 0 in             ; 0 H/in                 ; 0 F/in                 ; short        ; open          ; open            ; open  ; 0 V                 ; -                  ; n/a           ; n/a             ; n/a         ;
; LED[4]     ; 2.5 V        ; 0 in              ; 0 H/in                  ; 0 F/in                  ; short         ; -                   ; open           ; open             ; open   ; 0 in             ; 0 H/in                 ; 0 F/in                 ; short        ; open          ; open            ; open  ; 0 V                 ; -                  ; n/a           ; n/a             ; n/a         ;
; LED[5]     ; 2.5 V        ; 0 in              ; 0 H/in                  ; 0 F/in                  ; short         ; -                   ; open           ; open             ; open   ; 0 in             ; 0 H/in                 ; 0 F/in                 ; short        ; open          ; open            ; open  ; 0 V                 ; -                  ; n/a           ; n/a             ; n/a         ;
; LED[6]     ; 2.5 V        ; 0 in              ; 0 H/in                  ; 0 F/in                  ; short         ; -                   ; open           ; open             ; open   ; 0 in             ; 0 H/in                 ; 0 F/in                 ; short        ; open          ; open            ; open  ; 0 V                 ; -                  ; n/a           ; n/a             ; n/a         ;
; LED[7]     ; 2.5 V        ; 0 in              ; 0 H/in                  ; 0 F/in                  ; short         ; -                   ; open           ; open             ; open   ; 0 in             ; 0 H/in                 ; 0 F/in                 ; short        ; open          ; open            ; open  ; 0 V                 ; -                  ; n/a           ; n/a             ; n/a         ;
; ADC_SCK    ; 2.5 V        ; 0 in              ; 0 H/in                  ; 0 F/in                  ; short         ; -                   ; open           ; open             ; open   ; 0 in             ; 0 H/in                 ; 0 F/in                 ; short        ; open          ; open            ; open  ; 0 V                 ; -                  ; n/a           ; n/a             ; n/a         ;
; ADC_CONVST ; 2.5 V        ; 0 in              ; 0 H/in                  ; 0 F/in                  ; short         ; -                   ; open           ; open             ; open   ; 0 in             ; 0 H/in                 ; 0 F/in                 ; short        ; open          ; open            ; open  ; 0 V                 ; -                  ; n/a           ; n/a             ; n/a         ;
; ADC_SDI    ; 2.5 V        ; 0 in              ; 0 H/in                  ; 0 F/in                  ; short         ; -                   ; open           ; open             ; open   ; 0 in             ; 0 H/in                 ; 0 F/in                 ; short        ; open          ; open            ; open  ; 0 V                 ; -                  ; n/a           ; n/a             ; n/a         ;
+------------+--------------+-------------------+-------------------------+-------------------------+---------------+---------------------+----------------+------------------+--------+------------------+------------------------+------------------------+--------------+---------------+-----------------+-------+---------------------+--------------------+---------------+-----------------+-------------+


+-----------------------------------------------------------------+
; Input Transition Times                                          ;
+--------------+--------------+-----------------+-----------------+
; Pin          ; I/O Standard ; 10-90 Rise Time ; 90-10 Fall Time ;
+--------------+--------------+-----------------+-----------------+
; KEY[0]       ; 2.5 V        ; 2000 ps         ; 2000 ps         ;
; FPGA_CLK1_50 ; 2.5 V        ; 2000 ps         ; 2000 ps         ;
; ADC_SDO      ; 2.5 V        ; 2000 ps         ; 2000 ps         ;
+--------------+--------------+-----------------+-----------------+


+-----------------------------------------------------------------------------------------------------------------------------------------------------------------------------------------------------------------------------------------------------------------------------------------------------------------------------------------------------------------------------------------------------------------------------------------------------------------------------------------------------------------------------------------------------------------------------------------------------------------------------------------------------------------------------------------+
; Signal Integrity Metrics (Slow 1100mv n40c Model)                                                                                                                                                                                                                                                                                                                                                                                                                                                                                                                                                                                                                                       ;
+------------+--------------+---------------------+---------------------+------------------------------+------------------------------+---------------------+---------------------+--------------------------------------+--------------------------------------+-----------------------------+-----------------------------+----------------------------+----------------------------+-----------------------------+-----------------------------+--------------------+--------------------+-------------------------------------+-------------------------------------+----------------------------+----------------------------+---------------------------+---------------------------+
; Pin        ; I/O Standard ; Board Delay on Rise ; Board Delay on Fall ; Steady State Voh at FPGA Pin ; Steady State Vol at FPGA Pin ; Voh Max at FPGA Pin ; Vol Min at FPGA Pin ; Ringback Voltage on Rise at FPGA Pin ; Ringback Voltage on Fall at FPGA Pin ; 10-90 Rise Time at FPGA Pin ; 90-10 Fall Time at FPGA Pin ; Monotonic Rise at FPGA Pin ; Monotonic Fall at FPGA Pin ; Steady State Voh at Far-end ; Steady State Vol at Far-end ; Voh Max at Far-end ; Vol Min at Far-end ; Ringback Voltage on Rise at Far-end ; Ringback Voltage on Fall at Far-end ; 10-90 Rise Time at Far-end ; 90-10 Fall Time at Far-end ; Monotonic Rise at Far-end ; Monotonic Fall at Far-end ;
+------------+--------------+---------------------+---------------------+------------------------------+------------------------------+---------------------+---------------------+--------------------------------------+--------------------------------------+-----------------------------+-----------------------------+----------------------------+----------------------------+-----------------------------+-----------------------------+--------------------+--------------------+-------------------------------------+-------------------------------------+----------------------------+----------------------------+---------------------------+---------------------------+
; LED[0]     ; 2.5 V        ; 0 s                 ; 0 s                 ; 2.32 V                       ; 1.33e-08 V                   ; 2.36 V              ; -0.0253 V           ; 0.132 V                              ; 0.078 V                              ; 4.45e-10 s                  ; 4.26e-10 s                  ; No                         ; Yes                        ; 2.32 V                      ; 1.33e-08 V                  ; 2.36 V             ; -0.0253 V          ; 0.132 V                             ; 0.078 V                             ; 4.45e-10 s                 ; 4.26e-10 s                 ; No                        ; Yes                       ;
; LED[1]     ; 2.5 V        ; 0 s                 ; 0 s                 ; 2.32 V                       ; 1.56e-08 V                   ; 2.43 V              ; -0.0617 V           ; 0.35 V                               ; 0.107 V                              ; 3.1e-10 s                   ; 4.28e-10 s                  ; No                         ; No                         ; 2.32 V                      ; 1.56e-08 V                  ; 2.43 V             ; -0.0617 V          ; 0.35 V                              ; 0.107 V                             ; 3.1e-10 s                  ; 4.28e-10 s                 ; No                        ; No                        ;
; LED[2]     ; 2.5 V        ; 0 s                 ; 0 s                 ; 2.32 V                       ; 1.6e-08 V                    ; 2.42 V              ; -0.0509 V           ; 0.197 V                              ; 0.118 V                              ; 4.57e-10 s                  ; 4.47e-10 s                  ; No                         ; Yes                        ; 2.32 V                      ; 1.6e-08 V                   ; 2.42 V             ; -0.0509 V          ; 0.197 V                             ; 0.118 V                             ; 4.57e-10 s                 ; 4.47e-10 s                 ; No                        ; Yes                       ;
; LED[3]     ; 2.5 V        ; 0 s                 ; 0 s                 ; 2.32 V                       ; 1.33e-08 V                   ; 2.36 V              ; -0.0253 V           ; 0.132 V                              ; 0.078 V                              ; 4.45e-10 s                  ; 4.26e-10 s                  ; No                         ; Yes                        ; 2.32 V                      ; 1.33e-08 V                  ; 2.36 V             ; -0.0253 V          ; 0.132 V                             ; 0.078 V                             ; 4.45e-10 s                 ; 4.26e-10 s                 ; No                        ; Yes                       ;
; LED[4]     ; 2.5 V        ; 0 s                 ; 0 s                 ; 2.32 V                       ; 1.56e-08 V                   ; 2.43 V              ; -0.0617 V           ; 0.35 V                               ; 0.107 V                              ; 3.1e-10 s                   ; 4.28e-10 s                  ; No                         ; No                         ; 2.32 V                      ; 1.56e-08 V                  ; 2.43 V             ; -0.0617 V          ; 0.35 V                              ; 0.107 V                             ; 3.1e-10 s                  ; 4.28e-10 s                 ; No                        ; No                        ;
; LED[5]     ; 2.5 V        ; 0 s                 ; 0 s                 ; 2.32 V                       ; 1.56e-08 V                   ; 2.43 V              ; -0.0607 V           ; 0.35 V                               ; 0.108 V                              ; 3.1e-10 s                   ; 4.28e-10 s                  ; No                         ; No                         ; 2.32 V                      ; 1.56e-08 V                  ; 2.43 V             ; -0.0607 V          ; 0.35 V                              ; 0.108 V                             ; 3.1e-10 s                  ; 4.28e-10 s                 ; No                        ; No                        ;
; LED[6]     ; 2.5 V        ; 0 s                 ; 0 s                 ; 2.32 V                       ; 1.56e-08 V                   ; 2.43 V              ; -0.0607 V           ; 0.35 V                               ; 0.108 V                              ; 3.1e-10 s                   ; 4.28e-10 s                  ; No                         ; No                         ; 2.32 V                      ; 1.56e-08 V                  ; 2.43 V             ; -0.0607 V          ; 0.35 V                              ; 0.108 V                             ; 3.1e-10 s                  ; 4.28e-10 s                 ; No                        ; No                        ;
; LED[7]     ; 2.5 V        ; 0 s                 ; 0 s                 ; 2.32 V                       ; 1.56e-08 V                   ; 2.43 V              ; -0.0617 V           ; 0.35 V                               ; 0.107 V                              ; 3.1e-10 s                   ; 4.28e-10 s                  ; No                         ; No                         ; 2.32 V                      ; 1.56e-08 V                  ; 2.43 V             ; -0.0617 V          ; 0.35 V                              ; 0.107 V                             ; 3.1e-10 s                  ; 4.28e-10 s                 ; No                        ; No                        ;
; ADC_SCK    ; 2.5 V        ; 0 s                 ; 0 s                 ; 2.32 V                       ; 1.33e-08 V                   ; 2.36 V              ; -0.0253 V           ; 0.132 V                              ; 0.078 V                              ; 4.45e-10 s                  ; 4.26e-10 s                  ; No                         ; Yes                        ; 2.32 V                      ; 1.33e-08 V                  ; 2.36 V             ; -0.0253 V          ; 0.132 V                             ; 0.078 V                             ; 4.45e-10 s                 ; 4.26e-10 s                 ; No                        ; Yes                       ;
; ADC_CONVST ; 2.5 V        ; 0 s                 ; 0 s                 ; 2.32 V                       ; 1.6e-08 V                    ; 2.42 V              ; -0.0509 V           ; 0.197 V                              ; 0.118 V                              ; 4.57e-10 s                  ; 4.47e-10 s                  ; No                         ; Yes                        ; 2.32 V                      ; 1.6e-08 V                   ; 2.42 V             ; -0.0509 V          ; 0.197 V                             ; 0.118 V                             ; 4.57e-10 s                 ; 4.47e-10 s                 ; No                        ; Yes                       ;
; ADC_SDI    ; 2.5 V        ; 0 s                 ; 0 s                 ; 2.32 V                       ; 1.56e-08 V                   ; 2.43 V              ; -0.0617 V           ; 0.35 V                               ; 0.107 V                              ; 3.1e-10 s                   ; 4.28e-10 s                  ; No                         ; No                         ; 2.32 V                      ; 1.56e-08 V                  ; 2.43 V             ; -0.0617 V          ; 0.35 V                              ; 0.107 V                             ; 3.1e-10 s                  ; 4.28e-10 s                 ; No                        ; No                        ;
+------------+--------------+---------------------+---------------------+------------------------------+------------------------------+---------------------+---------------------+--------------------------------------+--------------------------------------+-----------------------------+-----------------------------+----------------------------+----------------------------+-----------------------------+-----------------------------+--------------------+--------------------+-------------------------------------+-------------------------------------+----------------------------+----------------------------+---------------------------+---------------------------+


+-----------------------------------------------------------------------------------------------------------------------------------------------------------------------------------------------------------------------------------------------------------------------------------------------------------------------------------------------------------------------------------------------------------------------------------------------------------------------------------------------------------------------------------------------------------------------------------------------------------------------------------------------------------------------------------------+
; Signal Integrity Metrics (Slow 1100mv 100c Model)                                                                                                                                                                                                                                                                                                                                                                                                                                                                                                                                                                                                                                       ;
+------------+--------------+---------------------+---------------------+------------------------------+------------------------------+---------------------+---------------------+--------------------------------------+--------------------------------------+-----------------------------+-----------------------------+----------------------------+----------------------------+-----------------------------+-----------------------------+--------------------+--------------------+-------------------------------------+-------------------------------------+----------------------------+----------------------------+---------------------------+---------------------------+
; Pin        ; I/O Standard ; Board Delay on Rise ; Board Delay on Fall ; Steady State Voh at FPGA Pin ; Steady State Vol at FPGA Pin ; Voh Max at FPGA Pin ; Vol Min at FPGA Pin ; Ringback Voltage on Rise at FPGA Pin ; Ringback Voltage on Fall at FPGA Pin ; 10-90 Rise Time at FPGA Pin ; 90-10 Fall Time at FPGA Pin ; Monotonic Rise at FPGA Pin ; Monotonic Fall at FPGA Pin ; Steady State Voh at Far-end ; Steady State Vol at Far-end ; Voh Max at Far-end ; Vol Min at Far-end ; Ringback Voltage on Rise at Far-end ; Ringback Voltage on Fall at Far-end ; 10-90 Rise Time at Far-end ; 90-10 Fall Time at Far-end ; Monotonic Rise at Far-end ; Monotonic Fall at Far-end ;
+------------+--------------+---------------------+---------------------+------------------------------+------------------------------+---------------------+---------------------+--------------------------------------+--------------------------------------+-----------------------------+-----------------------------+----------------------------+----------------------------+-----------------------------+-----------------------------+--------------------+--------------------+-------------------------------------+-------------------------------------+----------------------------+----------------------------+---------------------------+---------------------------+
; LED[0]     ; 2.5 V        ; 0 s                 ; 0 s                 ; 2.32 V                       ; 4.28e-05 V                   ; 2.34 V              ; -0.00773 V          ; 0.214 V                              ; 0.065 V                              ; 5.06e-10 s                  ; 5.4e-10 s                   ; Yes                        ; Yes                        ; 2.32 V                      ; 4.28e-05 V                  ; 2.34 V             ; -0.00773 V         ; 0.214 V                             ; 0.065 V                             ; 5.06e-10 s                 ; 5.4e-10 s                  ; Yes                       ; Yes                       ;
; LED[1]     ; 2.5 V        ; 0 s                 ; 0 s                 ; 2.32 V                       ; 4.73e-05 V                   ; 2.38 V              ; -0.0301 V           ; 0.21 V                               ; 0.2 V                                ; 4.78e-10 s                  ; 4.96e-10 s                  ; No                         ; Yes                        ; 2.32 V                      ; 4.73e-05 V                  ; 2.38 V             ; -0.0301 V          ; 0.21 V                              ; 0.2 V                               ; 4.78e-10 s                 ; 4.96e-10 s                 ; No                        ; Yes                       ;
; LED[2]     ; 2.5 V        ; 0 s                 ; 0 s                 ; 2.32 V                       ; 4.81e-05 V                   ; 2.37 V              ; -0.0242 V           ; 0.257 V                              ; 0.097 V                              ; 5.03e-10 s                  ; 6.18e-10 s                  ; No                         ; Yes                        ; 2.32 V                      ; 4.81e-05 V                  ; 2.37 V             ; -0.0242 V          ; 0.257 V                             ; 0.097 V                             ; 5.03e-10 s                 ; 6.18e-10 s                 ; No                        ; Yes                       ;
; LED[3]     ; 2.5 V        ; 0 s                 ; 0 s                 ; 2.32 V                       ; 4.28e-05 V                   ; 2.34 V              ; -0.00773 V          ; 0.214 V                              ; 0.065 V                              ; 5.06e-10 s                  ; 5.4e-10 s                   ; Yes                        ; Yes                        ; 2.32 V                      ; 4.28e-05 V                  ; 2.34 V             ; -0.00773 V         ; 0.214 V                             ; 0.065 V                             ; 5.06e-10 s                 ; 5.4e-10 s                  ; Yes                       ; Yes                       ;
; LED[4]     ; 2.5 V        ; 0 s                 ; 0 s                 ; 2.32 V                       ; 4.73e-05 V                   ; 2.38 V              ; -0.0301 V           ; 0.21 V                               ; 0.2 V                                ; 4.78e-10 s                  ; 4.96e-10 s                  ; No                         ; Yes                        ; 2.32 V                      ; 4.73e-05 V                  ; 2.38 V             ; -0.0301 V          ; 0.21 V                              ; 0.2 V                               ; 4.78e-10 s                 ; 4.96e-10 s                 ; No                        ; Yes                       ;
; LED[5]     ; 2.5 V        ; 0 s                 ; 0 s                 ; 2.32 V                       ; 4.73e-05 V                   ; 2.38 V              ; -0.0297 V           ; 0.21 V                               ; 0.199 V                              ; 4.77e-10 s                  ; 4.97e-10 s                  ; No                         ; Yes                        ; 2.32 V                      ; 4.73e-05 V                  ; 2.38 V             ; -0.0297 V          ; 0.21 V                              ; 0.199 V                             ; 4.77e-10 s                 ; 4.97e-10 s                 ; No                        ; Yes                       ;
; LED[6]     ; 2.5 V        ; 0 s                 ; 0 s                 ; 2.32 V                       ; 4.73e-05 V                   ; 2.38 V              ; -0.0297 V           ; 0.21 V                               ; 0.199 V                              ; 4.77e-10 s                  ; 4.97e-10 s                  ; No                         ; Yes                        ; 2.32 V                      ; 4.73e-05 V                  ; 2.38 V             ; -0.0297 V          ; 0.21 V                              ; 0.199 V                             ; 4.77e-10 s                 ; 4.97e-10 s                 ; No                        ; Yes                       ;
; LED[7]     ; 2.5 V        ; 0 s                 ; 0 s                 ; 2.32 V                       ; 4.73e-05 V                   ; 2.38 V              ; -0.0301 V           ; 0.21 V                               ; 0.2 V                                ; 4.78e-10 s                  ; 4.96e-10 s                  ; No                         ; Yes                        ; 2.32 V                      ; 4.73e-05 V                  ; 2.38 V             ; -0.0301 V          ; 0.21 V                              ; 0.2 V                               ; 4.78e-10 s                 ; 4.96e-10 s                 ; No                        ; Yes                       ;
; ADC_SCK    ; 2.5 V        ; 0 s                 ; 0 s                 ; 2.32 V                       ; 4.28e-05 V                   ; 2.34 V              ; -0.00773 V          ; 0.214 V                              ; 0.065 V                              ; 5.06e-10 s                  ; 5.4e-10 s                   ; Yes                        ; Yes                        ; 2.32 V                      ; 4.28e-05 V                  ; 2.34 V             ; -0.00773 V         ; 0.214 V                             ; 0.065 V                             ; 5.06e-10 s                 ; 5.4e-10 s                  ; Yes                       ; Yes                       ;
; ADC_CONVST ; 2.5 V        ; 0 s                 ; 0 s                 ; 2.32 V                       ; 4.81e-05 V                   ; 2.37 V              ; -0.0242 V           ; 0.257 V                              ; 0.097 V                              ; 5.03e-10 s                  ; 6.18e-10 s                  ; No                         ; Yes                        ; 2.32 V                      ; 4.81e-05 V                  ; 2.37 V             ; -0.0242 V          ; 0.257 V                             ; 0.097 V                             ; 5.03e-10 s                 ; 6.18e-10 s                 ; No                        ; Yes                       ;
; ADC_SDI    ; 2.5 V        ; 0 s                 ; 0 s                 ; 2.32 V                       ; 4.73e-05 V                   ; 2.38 V              ; -0.0301 V           ; 0.21 V                               ; 0.2 V                                ; 4.78e-10 s                  ; 4.96e-10 s                  ; No                         ; Yes                        ; 2.32 V                      ; 4.73e-05 V                  ; 2.38 V             ; -0.0301 V          ; 0.21 V                              ; 0.2 V                               ; 4.78e-10 s                 ; 4.96e-10 s                 ; No                        ; Yes                       ;
+------------+--------------+---------------------+---------------------+------------------------------+------------------------------+---------------------+---------------------+--------------------------------------+--------------------------------------+-----------------------------+-----------------------------+----------------------------+----------------------------+-----------------------------+-----------------------------+--------------------+--------------------+-------------------------------------+-------------------------------------+----------------------------+----------------------------+---------------------------+---------------------------+


+-----------------------------------------------------------------------------------------------------------------------------------------------------------------------------------------------------------------------------------------------------------------------------------------------------------------------------------------------------------------------------------------------------------------------------------------------------------------------------------------------------------------------------------------------------------------------------------------------------------------------------------------------------------------------------------------+
; Signal Integrity Metrics (Fast 1100mv n40c Model)                                                                                                                                                                                                                                                                                                                                                                                                                                                                                                                                                                                                                                       ;
+------------+--------------+---------------------+---------------------+------------------------------+------------------------------+---------------------+---------------------+--------------------------------------+--------------------------------------+-----------------------------+-----------------------------+----------------------------+----------------------------+-----------------------------+-----------------------------+--------------------+--------------------+-------------------------------------+-------------------------------------+----------------------------+----------------------------+---------------------------+---------------------------+
; Pin        ; I/O Standard ; Board Delay on Rise ; Board Delay on Fall ; Steady State Voh at FPGA Pin ; Steady State Vol at FPGA Pin ; Voh Max at FPGA Pin ; Vol Min at FPGA Pin ; Ringback Voltage on Rise at FPGA Pin ; Ringback Voltage on Fall at FPGA Pin ; 10-90 Rise Time at FPGA Pin ; 90-10 Fall Time at FPGA Pin ; Monotonic Rise at FPGA Pin ; Monotonic Fall at FPGA Pin ; Steady State Voh at Far-end ; Steady State Vol at Far-end ; Voh Max at Far-end ; Vol Min at Far-end ; Ringback Voltage on Rise at Far-end ; Ringback Voltage on Fall at Far-end ; 10-90 Rise Time at Far-end ; 90-10 Fall Time at Far-end ; Monotonic Rise at Far-end ; Monotonic Fall at Far-end ;
+------------+--------------+---------------------+---------------------+------------------------------+------------------------------+---------------------+---------------------+--------------------------------------+--------------------------------------+-----------------------------+-----------------------------+----------------------------+----------------------------+-----------------------------+-----------------------------+--------------------+--------------------+-------------------------------------+-------------------------------------+----------------------------+----------------------------+---------------------------+---------------------------+
; LED[0]     ; 2.5 V        ; 0 s                 ; 0 s                 ; 2.75 V                       ; 1.99e-07 V                   ; 2.83 V              ; -0.0718 V           ; 0.269 V                              ; 0.234 V                              ; 2.77e-10 s                  ; 2.75e-10 s                  ; Yes                        ; Yes                        ; 2.75 V                      ; 1.99e-07 V                  ; 2.83 V             ; -0.0718 V          ; 0.269 V                             ; 0.234 V                             ; 2.77e-10 s                 ; 2.75e-10 s                 ; Yes                       ; Yes                       ;
; LED[1]     ; 2.5 V        ; 0 s                 ; 0 s                 ; 2.75 V                       ; 2.38e-07 V                   ; 2.94 V              ; -0.135 V            ; 0.31 V                               ; 0.268 V                              ; 2.65e-10 s                  ; 2.64e-10 s                  ; No                         ; Yes                        ; 2.75 V                      ; 2.38e-07 V                  ; 2.94 V             ; -0.135 V           ; 0.31 V                              ; 0.268 V                             ; 2.65e-10 s                 ; 2.64e-10 s                 ; No                        ; Yes                       ;
; LED[2]     ; 2.5 V        ; 0 s                 ; 0 s                 ; 2.75 V                       ; 2.45e-07 V                   ; 2.93 V              ; -0.127 V            ; 0.351 V                              ; 0.317 V                              ; 2.74e-10 s                  ; 2.82e-10 s                  ; No                         ; No                         ; 2.75 V                      ; 2.45e-07 V                  ; 2.93 V             ; -0.127 V           ; 0.351 V                             ; 0.317 V                             ; 2.74e-10 s                 ; 2.82e-10 s                 ; No                        ; No                        ;
; LED[3]     ; 2.5 V        ; 0 s                 ; 0 s                 ; 2.75 V                       ; 1.99e-07 V                   ; 2.83 V              ; -0.0718 V           ; 0.269 V                              ; 0.234 V                              ; 2.77e-10 s                  ; 2.75e-10 s                  ; Yes                        ; Yes                        ; 2.75 V                      ; 1.99e-07 V                  ; 2.83 V             ; -0.0718 V          ; 0.269 V                             ; 0.234 V                             ; 2.77e-10 s                 ; 2.75e-10 s                 ; Yes                       ; Yes                       ;
; LED[4]     ; 2.5 V        ; 0 s                 ; 0 s                 ; 2.75 V                       ; 2.38e-07 V                   ; 2.94 V              ; -0.135 V            ; 0.31 V                               ; 0.268 V                              ; 2.65e-10 s                  ; 2.64e-10 s                  ; No                         ; Yes                        ; 2.75 V                      ; 2.38e-07 V                  ; 2.94 V             ; -0.135 V           ; 0.31 V                              ; 0.268 V                             ; 2.65e-10 s                 ; 2.64e-10 s                 ; No                        ; Yes                       ;
; LED[5]     ; 2.5 V        ; 0 s                 ; 0 s                 ; 2.75 V                       ; 2.38e-07 V                   ; 2.94 V              ; -0.139 V            ; 0.31 V                               ; 0.268 V                              ; 2.65e-10 s                  ; 2.63e-10 s                  ; No                         ; Yes                        ; 2.75 V                      ; 2.38e-07 V                  ; 2.94 V             ; -0.139 V           ; 0.31 V                              ; 0.268 V                             ; 2.65e-10 s                 ; 2.63e-10 s                 ; No                        ; Yes                       ;
; LED[6]     ; 2.5 V        ; 0 s                 ; 0 s                 ; 2.75 V                       ; 2.38e-07 V                   ; 2.94 V              ; -0.139 V            ; 0.31 V                               ; 0.268 V                              ; 2.65e-10 s                  ; 2.63e-10 s                  ; No                         ; Yes                        ; 2.75 V                      ; 2.38e-07 V                  ; 2.94 V             ; -0.139 V           ; 0.31 V                              ; 0.268 V                             ; 2.65e-10 s                 ; 2.63e-10 s                 ; No                        ; Yes                       ;
; LED[7]     ; 2.5 V        ; 0 s                 ; 0 s                 ; 2.75 V                       ; 2.38e-07 V                   ; 2.94 V              ; -0.135 V            ; 0.31 V                               ; 0.268 V                              ; 2.65e-10 s                  ; 2.64e-10 s                  ; No                         ; Yes                        ; 2.75 V                      ; 2.38e-07 V                  ; 2.94 V             ; -0.135 V           ; 0.31 V                              ; 0.268 V                             ; 2.65e-10 s                 ; 2.64e-10 s                 ; No                        ; Yes                       ;
; ADC_SCK    ; 2.5 V        ; 0 s                 ; 0 s                 ; 2.75 V                       ; 1.99e-07 V                   ; 2.83 V              ; -0.0718 V           ; 0.269 V                              ; 0.234 V                              ; 2.77e-10 s                  ; 2.75e-10 s                  ; Yes                        ; Yes                        ; 2.75 V                      ; 1.99e-07 V                  ; 2.83 V             ; -0.0718 V          ; 0.269 V                             ; 0.234 V                             ; 2.77e-10 s                 ; 2.75e-10 s                 ; Yes                       ; Yes                       ;
; ADC_CONVST ; 2.5 V        ; 0 s                 ; 0 s                 ; 2.75 V                       ; 2.45e-07 V                   ; 2.93 V              ; -0.127 V            ; 0.351 V                              ; 0.317 V                              ; 2.74e-10 s                  ; 2.82e-10 s                  ; No                         ; No                         ; 2.75 V                      ; 2.45e-07 V                  ; 2.93 V             ; -0.127 V           ; 0.351 V                             ; 0.317 V                             ; 2.74e-10 s                 ; 2.82e-10 s                 ; No                        ; No                        ;
; ADC_SDI    ; 2.5 V        ; 0 s                 ; 0 s                 ; 2.75 V                       ; 2.38e-07 V                   ; 2.94 V              ; -0.135 V            ; 0.31 V                               ; 0.268 V                              ; 2.65e-10 s                  ; 2.64e-10 s                  ; No                         ; Yes                        ; 2.75 V                      ; 2.38e-07 V                  ; 2.94 V             ; -0.135 V           ; 0.31 V                              ; 0.268 V                             ; 2.65e-10 s                 ; 2.64e-10 s                 ; No                        ; Yes                       ;
+------------+--------------+---------------------+---------------------+------------------------------+------------------------------+---------------------+---------------------+--------------------------------------+--------------------------------------+-----------------------------+-----------------------------+----------------------------+----------------------------+-----------------------------+-----------------------------+--------------------+--------------------+-------------------------------------+-------------------------------------+----------------------------+----------------------------+---------------------------+---------------------------+


+-----------------------------------------------------------------------------------------------------------------------------------------------------------------------------------------------------------------------------------------------------------------------------------------------------------------------------------------------------------------------------------------------------------------------------------------------------------------------------------------------------------------------------------------------------------------------------------------------------------------------------------------------------------------------------------------+
; Signal Integrity Metrics (Fast 1100mv 100c Model)                                                                                                                                                                                                                                                                                                                                                                                                                                                                                                                                                                                                                                       ;
+------------+--------------+---------------------+---------------------+------------------------------+------------------------------+---------------------+---------------------+--------------------------------------+--------------------------------------+-----------------------------+-----------------------------+----------------------------+----------------------------+-----------------------------+-----------------------------+--------------------+--------------------+-------------------------------------+-------------------------------------+----------------------------+----------------------------+---------------------------+---------------------------+
; Pin        ; I/O Standard ; Board Delay on Rise ; Board Delay on Fall ; Steady State Voh at FPGA Pin ; Steady State Vol at FPGA Pin ; Voh Max at FPGA Pin ; Vol Min at FPGA Pin ; Ringback Voltage on Rise at FPGA Pin ; Ringback Voltage on Fall at FPGA Pin ; 10-90 Rise Time at FPGA Pin ; 90-10 Fall Time at FPGA Pin ; Monotonic Rise at FPGA Pin ; Monotonic Fall at FPGA Pin ; Steady State Voh at Far-end ; Steady State Vol at Far-end ; Voh Max at Far-end ; Vol Min at Far-end ; Ringback Voltage on Rise at Far-end ; Ringback Voltage on Fall at Far-end ; 10-90 Rise Time at Far-end ; 90-10 Fall Time at Far-end ; Monotonic Rise at Far-end ; Monotonic Fall at Far-end ;
+------------+--------------+---------------------+---------------------+------------------------------+------------------------------+---------------------+---------------------+--------------------------------------+--------------------------------------+-----------------------------+-----------------------------+----------------------------+----------------------------+-----------------------------+-----------------------------+--------------------+--------------------+-------------------------------------+-------------------------------------+----------------------------+----------------------------+---------------------------+---------------------------+
; LED[0]     ; 2.5 V        ; 0 s                 ; 0 s                 ; 2.75 V                       ; 0.000362 V                   ; 2.79 V              ; -0.0303 V           ; 0.139 V                              ; 0.127 V                              ; 4.44e-10 s                  ; 4.38e-10 s                  ; No                         ; Yes                        ; 2.75 V                      ; 0.000362 V                  ; 2.79 V             ; -0.0303 V          ; 0.139 V                             ; 0.127 V                             ; 4.44e-10 s                 ; 4.38e-10 s                 ; No                        ; Yes                       ;
; LED[1]     ; 2.5 V        ; 0 s                 ; 0 s                 ; 2.75 V                       ; 0.00041 V                    ; 2.85 V              ; -0.076 V            ; 0.363 V                              ; 0.16 V                               ; 3.08e-10 s                  ; 4.37e-10 s                  ; No                         ; No                         ; 2.75 V                      ; 0.00041 V                   ; 2.85 V             ; -0.076 V           ; 0.363 V                             ; 0.16 V                              ; 3.08e-10 s                 ; 4.37e-10 s                 ; No                        ; No                        ;
; LED[2]     ; 2.5 V        ; 0 s                 ; 0 s                 ; 2.75 V                       ; 0.000419 V                   ; 2.85 V              ; -0.0671 V           ; 0.203 V                              ; 0.19 V                               ; 4.57e-10 s                  ; 4.54e-10 s                  ; No                         ; No                         ; 2.75 V                      ; 0.000419 V                  ; 2.85 V             ; -0.0671 V          ; 0.203 V                             ; 0.19 V                              ; 4.57e-10 s                 ; 4.54e-10 s                 ; No                        ; No                        ;
; LED[3]     ; 2.5 V        ; 0 s                 ; 0 s                 ; 2.75 V                       ; 0.000362 V                   ; 2.79 V              ; -0.0303 V           ; 0.139 V                              ; 0.127 V                              ; 4.44e-10 s                  ; 4.38e-10 s                  ; No                         ; Yes                        ; 2.75 V                      ; 0.000362 V                  ; 2.79 V             ; -0.0303 V          ; 0.139 V                             ; 0.127 V                             ; 4.44e-10 s                 ; 4.38e-10 s                 ; No                        ; Yes                       ;
; LED[4]     ; 2.5 V        ; 0 s                 ; 0 s                 ; 2.75 V                       ; 0.00041 V                    ; 2.85 V              ; -0.076 V            ; 0.363 V                              ; 0.16 V                               ; 3.08e-10 s                  ; 4.37e-10 s                  ; No                         ; No                         ; 2.75 V                      ; 0.00041 V                   ; 2.85 V             ; -0.076 V           ; 0.363 V                             ; 0.16 V                              ; 3.08e-10 s                 ; 4.37e-10 s                 ; No                        ; No                        ;
; LED[5]     ; 2.5 V        ; 0 s                 ; 0 s                 ; 2.75 V                       ; 0.00041 V                    ; 2.85 V              ; -0.0763 V           ; 0.365 V                              ; 0.161 V                              ; 3.08e-10 s                  ; 4.37e-10 s                  ; No                         ; No                         ; 2.75 V                      ; 0.00041 V                   ; 2.85 V             ; -0.0763 V          ; 0.365 V                             ; 0.161 V                             ; 3.08e-10 s                 ; 4.37e-10 s                 ; No                        ; No                        ;
; LED[6]     ; 2.5 V        ; 0 s                 ; 0 s                 ; 2.75 V                       ; 0.00041 V                    ; 2.85 V              ; -0.0763 V           ; 0.365 V                              ; 0.161 V                              ; 3.08e-10 s                  ; 4.37e-10 s                  ; No                         ; No                         ; 2.75 V                      ; 0.00041 V                   ; 2.85 V             ; -0.0763 V          ; 0.365 V                             ; 0.161 V                             ; 3.08e-10 s                 ; 4.37e-10 s                 ; No                        ; No                        ;
; LED[7]     ; 2.5 V        ; 0 s                 ; 0 s                 ; 2.75 V                       ; 0.00041 V                    ; 2.85 V              ; -0.076 V            ; 0.363 V                              ; 0.16 V                               ; 3.08e-10 s                  ; 4.37e-10 s                  ; No                         ; No                         ; 2.75 V                      ; 0.00041 V                   ; 2.85 V             ; -0.076 V           ; 0.363 V                             ; 0.16 V                              ; 3.08e-10 s                 ; 4.37e-10 s                 ; No                        ; No                        ;
; ADC_SCK    ; 2.5 V        ; 0 s                 ; 0 s                 ; 2.75 V                       ; 0.000362 V                   ; 2.79 V              ; -0.0303 V           ; 0.139 V                              ; 0.127 V                              ; 4.44e-10 s                  ; 4.38e-10 s                  ; No                         ; Yes                        ; 2.75 V                      ; 0.000362 V                  ; 2.79 V             ; -0.0303 V          ; 0.139 V                             ; 0.127 V                             ; 4.44e-10 s                 ; 4.38e-10 s                 ; No                        ; Yes                       ;
; ADC_CONVST ; 2.5 V        ; 0 s                 ; 0 s                 ; 2.75 V                       ; 0.000419 V                   ; 2.85 V              ; -0.0671 V           ; 0.203 V                              ; 0.19 V                               ; 4.57e-10 s                  ; 4.54e-10 s                  ; No                         ; No                         ; 2.75 V                      ; 0.000419 V                  ; 2.85 V             ; -0.0671 V          ; 0.203 V                             ; 0.19 V                              ; 4.57e-10 s                 ; 4.54e-10 s                 ; No                        ; No                        ;
; ADC_SDI    ; 2.5 V        ; 0 s                 ; 0 s                 ; 2.75 V                       ; 0.00041 V                    ; 2.85 V              ; -0.076 V            ; 0.363 V                              ; 0.16 V                               ; 3.08e-10 s                  ; 4.37e-10 s                  ; No                         ; No                         ; 2.75 V                      ; 0.00041 V                   ; 2.85 V             ; -0.076 V           ; 0.363 V                             ; 0.16 V                              ; 3.08e-10 s                 ; 4.37e-10 s                 ; No                        ; No                        ;
+------------+--------------+---------------------+---------------------+------------------------------+------------------------------+---------------------+---------------------+--------------------------------------+--------------------------------------+-----------------------------+-----------------------------+----------------------------+----------------------------+-----------------------------+-----------------------------+--------------------+--------------------+-------------------------------------+-------------------------------------+----------------------------+----------------------------+---------------------------+---------------------------+


+-------------------------------------------------------------------------------------------------------------+
; Setup Transfers                                                                                             ;
+--------------------------------+--------------------------------+----------+----------+----------+----------+
; From Clock                     ; To Clock                       ; RR Paths ; FR Paths ; RF Paths ; FF Paths ;
+--------------------------------+--------------------------------+----------+----------+----------+----------+
; AD7928_cyclic:inst1|clkdiv[11] ; AD7928_cyclic:inst1|clkdiv[11] ; 210      ; 0        ; 0        ; 0        ;
; AD7928_cyclic:inst1|clkdiv[11] ; FPGA_CLK1_50                   ; 1        ; 1        ; 0        ; 0        ;
; FPGA_CLK1_50                   ; FPGA_CLK1_50                   ; 77       ; 0        ; 0        ; 0        ;
+--------------------------------+--------------------------------+----------+----------+----------+----------+
Entries labeled "false path" only account for clock-to-clock false paths and not path-based false paths. As a result, actual path counts may be lower than reported.


+-------------------------------------------------------------------------------------------------------------+
; Hold Transfers                                                                                              ;
+--------------------------------+--------------------------------+----------+----------+----------+----------+
; From Clock                     ; To Clock                       ; RR Paths ; FR Paths ; RF Paths ; FF Paths ;
+--------------------------------+--------------------------------+----------+----------+----------+----------+
; AD7928_cyclic:inst1|clkdiv[11] ; AD7928_cyclic:inst1|clkdiv[11] ; 210      ; 0        ; 0        ; 0        ;
; AD7928_cyclic:inst1|clkdiv[11] ; FPGA_CLK1_50                   ; 1        ; 1        ; 0        ; 0        ;
; FPGA_CLK1_50                   ; FPGA_CLK1_50                   ; 77       ; 0        ; 0        ; 0        ;
+--------------------------------+--------------------------------+----------+----------+----------+----------+
Entries labeled "false path" only account for clock-to-clock false paths and not path-based false paths. As a result, actual path counts may be lower than reported.


---------------
; Report TCCS ;
---------------
No dedicated SERDES Transmitter circuitry present in device or used in design


---------------
; Report RSKM ;
---------------
No non-DPA dedicated SERDES Receiver circuitry present in device or used in design


+------------------------------------------------+
; Unconstrained Paths Summary                    ;
+---------------------------------+-------+------+
; Property                        ; Setup ; Hold ;
+---------------------------------+-------+------+
; Illegal Clocks                  ; 0     ; 0    ;
; Unconstrained Clocks            ; 0     ; 0    ;
; Unconstrained Input Ports       ; 2     ; 2    ;
; Unconstrained Input Port Paths  ; 70    ; 70   ;
; Unconstrained Output Ports      ; 11    ; 11   ;
; Unconstrained Output Port Paths ; 13    ; 13   ;
+---------------------------------+-------+------+


+--------------------------------------------------------------------------------------+
; Clock Status Summary                                                                 ;
+--------------------------------+--------------------------------+------+-------------+
; Target                         ; Clock                          ; Type ; Status      ;
+--------------------------------+--------------------------------+------+-------------+
; AD7928_cyclic:inst1|clkdiv[11] ; AD7928_cyclic:inst1|clkdiv[11] ; Base ; Constrained ;
; FPGA_CLK1_50                   ; FPGA_CLK1_50                   ; Base ; Constrained ;
+--------------------------------+--------------------------------+------+-------------+


+---------------------------------------------------------------------------------------------------+
; Unconstrained Input Ports                                                                         ;
+------------+--------------------------------------------------------------------------------------+
; Input Port ; Comment                                                                              ;
+------------+--------------------------------------------------------------------------------------+
; ADC_SDO    ; No input delay, min/max delays, false-path exceptions, or max skew assignments found ;
; KEY[0]     ; No input delay, min/max delays, false-path exceptions, or max skew assignments found ;
+------------+--------------------------------------------------------------------------------------+


+-----------------------------------------------------------------------------------------------------+
; Unconstrained Output Ports                                                                          ;
+-------------+---------------------------------------------------------------------------------------+
; Output Port ; Comment                                                                               ;
+-------------+---------------------------------------------------------------------------------------+
; ADC_CONVST  ; No output delay, min/max delays, false-path exceptions, or max skew assignments found ;
; ADC_SCK     ; No output delay, min/max delays, false-path exceptions, or max skew assignments found ;
; ADC_SDI     ; No output delay, min/max delays, false-path exceptions, or max skew assignments found ;
; LED[0]      ; No output delay, min/max delays, false-path exceptions, or max skew assignments found ;
; LED[1]      ; No output delay, min/max delays, false-path exceptions, or max skew assignments found ;
; LED[2]      ; No output delay, min/max delays, false-path exceptions, or max skew assignments found ;
; LED[3]      ; No output delay, min/max delays, false-path exceptions, or max skew assignments found ;
; LED[4]      ; No output delay, min/max delays, false-path exceptions, or max skew assignments found ;
; LED[5]      ; No output delay, min/max delays, false-path exceptions, or max skew assignments found ;
; LED[6]      ; No output delay, min/max delays, false-path exceptions, or max skew assignments found ;
; LED[7]      ; No output delay, min/max delays, false-path exceptions, or max skew assignments found ;
+-------------+---------------------------------------------------------------------------------------+


+---------------------------------------------------------------------------------------------------+
; Unconstrained Input Ports                                                                         ;
+------------+--------------------------------------------------------------------------------------+
; Input Port ; Comment                                                                              ;
+------------+--------------------------------------------------------------------------------------+
; ADC_SDO    ; No input delay, min/max delays, false-path exceptions, or max skew assignments found ;
; KEY[0]     ; No input delay, min/max delays, false-path exceptions, or max skew assignments found ;
+------------+--------------------------------------------------------------------------------------+


+-----------------------------------------------------------------------------------------------------+
; Unconstrained Output Ports                                                                          ;
+-------------+---------------------------------------------------------------------------------------+
; Output Port ; Comment                                                                               ;
+-------------+---------------------------------------------------------------------------------------+
; ADC_CONVST  ; No output delay, min/max delays, false-path exceptions, or max skew assignments found ;
; ADC_SCK     ; No output delay, min/max delays, false-path exceptions, or max skew assignments found ;
; ADC_SDI     ; No output delay, min/max delays, false-path exceptions, or max skew assignments found ;
; LED[0]      ; No output delay, min/max delays, false-path exceptions, or max skew assignments found ;
; LED[1]      ; No output delay, min/max delays, false-path exceptions, or max skew assignments found ;
; LED[2]      ; No output delay, min/max delays, false-path exceptions, or max skew assignments found ;
; LED[3]      ; No output delay, min/max delays, false-path exceptions, or max skew assignments found ;
; LED[4]      ; No output delay, min/max delays, false-path exceptions, or max skew assignments found ;
; LED[5]      ; No output delay, min/max delays, false-path exceptions, or max skew assignments found ;
; LED[6]      ; No output delay, min/max delays, false-path exceptions, or max skew assignments found ;
; LED[7]      ; No output delay, min/max delays, false-path exceptions, or max skew assignments found ;
+-------------+---------------------------------------------------------------------------------------+


+------------------------------------+
; TimeQuest Timing Analyzer Messages ;
+------------------------------------+
Info: *******************************************************************
Info: Running Quartus Prime TimeQuest Timing Analyzer
    Info: Version 17.1.0 Build 590 10/25/2017 SJ Lite Edition
    Info: Processing started: Fri Oct 05 13:35:12 2018
Info: Command: quartus_sta pruebaOnBoardADC -c pruebaOnBoardADC
Info: qsta_default_script.tcl version: #3
Warning (18236): Number of processors has not been specified which may cause overloading on shared machines.  Set the global assignment NUM_PARALLEL_PROCESSORS in your QSF to an appropriate value for best performance.
Info (20030): Parallel compilation is enabled and will use 4 of the 4 processors detected
Info (21077): Low junction temperature is -40 degrees C
Info (21077): High junction temperature is 100 degrees C
Critical Warning (332012): Synopsys Design Constraints File file not found: 'pruebaOnBoardADC.sdc'. A Synopsys Design Constraints File is required by the TimeQuest Timing Analyzer to get proper timing constraints. Without it, the Compiler will not properly optimize the design.
Info (332142): No user constrained base clocks found in the design. Calling "derive_clocks -period 1.0"
Info (332105): Deriving Clocks
    Info (332105): create_clock -period 1.000 -name FPGA_CLK1_50 FPGA_CLK1_50
    Info (332105): create_clock -period 1.000 -name AD7928_cyclic:inst1|clkdiv[11] AD7928_cyclic:inst1|clkdiv[11]
Info (332143): No user constrained clock uncertainty found in the design. Calling "derive_clock_uncertainty"
Info (332123): Deriving Clock Uncertainty. Please refer to report_sdc in TimeQuest to see clock uncertainties.
Info: Found TIMEQUEST_REPORT_SCRIPT_INCLUDE_DEFAULT_ANALYSIS = ON
Info: Analyzing Slow 1100mV 100C Model
Critical Warning (332148): Timing requirements not met
    Info (11105): For recommendations on closing timing, run Report Timing Closure Recommendations in the TimeQuest Timing Analyzer.
Info (332146): Worst-case setup slack is -4.452
    Info (332119):     Slack       End Point TNS Clock 
    Info (332119): ========= =================== =====================
    Info (332119):    -4.452             -17.723 FPGA_CLK1_50 
    Info (332119):    -2.078             -95.092 AD7928_cyclic:inst1|clkdiv[11] 
Info (332146): Worst-case hold slack is 0.437
    Info (332119):     Slack       End Point TNS Clock 
    Info (332119): ========= =================== =====================
    Info (332119):     0.437               0.000 FPGA_CLK1_50 
    Info (332119):     0.567               0.000 AD7928_cyclic:inst1|clkdiv[11] 
Info (332140): No Recovery paths to report
Info (332140): No Removal paths to report
Info (332146): Worst-case minimum pulse width slack is -0.538
    Info (332119):     Slack       End Point TNS Clock 
    Info (332119): ========= =================== =====================
    Info (332119):    -0.538             -45.370 AD7928_cyclic:inst1|clkdiv[11] 
    Info (332119):    -0.538              -9.598 FPGA_CLK1_50 
Info (332114): Report Metastability: Found 1 synchronizer chains.
    Info (332114): Design MTBF is not calculated because the design doesn't meet its timing requirements.
Info: Analyzing Slow 1100mV -40C Model
Info (334003): Started post-fitting delay annotation
Info (334004): Delay annotation completed successfully
Info (332123): Deriving Clock Uncertainty. Please refer to report_sdc in TimeQuest to see clock uncertainties.
Critical Warning (332148): Timing requirements not met
    Info (11105): For recommendations on closing timing, run Report Timing Closure Recommendations in the TimeQuest Timing Analyzer.
Info (332146): Worst-case setup slack is -4.192
    Info (332119):     Slack       End Point TNS Clock 
    Info (332119): ========= =================== =====================
    Info (332119):    -4.192             -19.142 FPGA_CLK1_50 
    Info (332119):    -2.098             -91.041 AD7928_cyclic:inst1|clkdiv[11] 
Info (332146): Worst-case hold slack is 0.458
    Info (332119):     Slack       End Point TNS Clock 
    Info (332119): ========= =================== =====================
    Info (332119):     0.458               0.000 FPGA_CLK1_50 
    Info (332119):     0.621               0.000 AD7928_cyclic:inst1|clkdiv[11] 
Info (332140): No Recovery paths to report
Info (332140): No Removal paths to report
Info (332146): Worst-case minimum pulse width slack is -0.538
    Info (332119):     Slack       End Point TNS Clock 
    Info (332119): ========= =================== =====================
    Info (332119):    -0.538             -45.278 AD7928_cyclic:inst1|clkdiv[11] 
    Info (332119):    -0.538             -10.102 FPGA_CLK1_50 
Info (332114): Report Metastability: Found 1 synchronizer chains.
    Info (332114): Design MTBF is not calculated because the design doesn't meet its timing requirements.
Info: Analyzing Fast 1100mV 100C Model
Info (334003): Started post-fitting delay annotation
Info (334004): Delay annotation completed successfully
Info (332123): Deriving Clock Uncertainty. Please refer to report_sdc in TimeQuest to see clock uncertainties.
Critical Warning (332148): Timing requirements not met
    Info (11105): For recommendations on closing timing, run Report Timing Closure Recommendations in the TimeQuest Timing Analyzer.
Info (332146): Worst-case setup slack is -3.327
    Info (332119):     Slack       End Point TNS Clock 
    Info (332119): ========= =================== =====================
    Info (332119):    -3.327              -4.922 FPGA_CLK1_50 
    Info (332119):    -0.780             -33.311 AD7928_cyclic:inst1|clkdiv[11] 
Info (332146): Worst-case hold slack is 0.181
    Info (332119):     Slack       End Point TNS Clock 
    Info (332119): ========= =================== =====================
    Info (332119):     0.181               0.000 AD7928_cyclic:inst1|clkdiv[11] 
    Info (332119):     0.188               0.000 FPGA_CLK1_50 
Info (332140): No Recovery paths to report
Info (332140): No Removal paths to report
Info (332146): Worst-case minimum pulse width slack is -0.393
    Info (332119):     Slack       End Point TNS Clock 
    Info (332119): ========= =================== =====================
    Info (332119):    -0.393              -1.439 FPGA_CLK1_50 
    Info (332119):    -0.015              -0.132 AD7928_cyclic:inst1|clkdiv[11] 
Info (332114): Report Metastability: Found 1 synchronizer chains.
    Info (332114): Design MTBF is not calculated because the design doesn't meet its timing requirements.
Info: Analyzing Fast 1100mV -40C Model
Info (332123): Deriving Clock Uncertainty. Please refer to report_sdc in TimeQuest to see clock uncertainties.
Critical Warning (332148): Timing requirements not met
    Info (11105): For recommendations on closing timing, run Report Timing Closure Recommendations in the TimeQuest Timing Analyzer.
Info (332146): Worst-case setup slack is -2.489
    Info (332119):     Slack       End Point TNS Clock 
    Info (332119): ========= =================== =====================
    Info (332119):    -2.489              -3.551 FPGA_CLK1_50 
    Info (332119):    -0.628             -23.631 AD7928_cyclic:inst1|clkdiv[11] 
Info (332146): Worst-case hold slack is 0.159
    Info (332119):     Slack       End Point TNS Clock 
    Info (332119): ========= =================== =====================
    Info (332119):     0.159               0.000 AD7928_cyclic:inst1|clkdiv[11] 
    Info (332119):     0.174               0.000 FPGA_CLK1_50 
Info (332140): No Recovery paths to report
Info (332140): No Removal paths to report
Info (332146): Worst-case minimum pulse width slack is -0.367
    Info (332119):     Slack       End Point TNS Clock 
    Info (332119): ========= =================== =====================
    Info (332119):    -0.367              -1.387 FPGA_CLK1_50 
    Info (332119):     0.030               0.000 AD7928_cyclic:inst1|clkdiv[11] 
Info (332114): Report Metastability: Found 1 synchronizer chains.
    Info (332114): Design MTBF is not calculated because the design doesn't meet its timing requirements.
Info (332102): Design is not fully constrained for setup requirements
Info (332102): Design is not fully constrained for hold requirements
Info: Quartus Prime TimeQuest Timing Analyzer was successful. 0 errors, 6 warnings
    Info: Peak virtual memory: 1007 megabytes
    Info: Processing ended: Fri Oct 05 13:35:19 2018
    Info: Elapsed time: 00:00:07
    Info: Total CPU time (on all processors): 00:00:06


