Flow report for hps_adc_IPCore
Mon Jan 28 09:49:13 2019
Quartus Prime Version 18.1.0 Build 625 09/12/2018 SJ Lite Edition


---------------------
; Table of Contents ;
---------------------
  1. Legal Notice
  2. Flow Summary
  3. Flow Settings
  4. Flow Non-Default Global Settings
  5. Flow Elapsed Time
  6. Flow OS Summary
  7. Flow Log
  8. Flow Messages
  9. Flow Suppressed Messages



----------------
; Legal Notice ;
----------------
Copyright (C) 2018  Intel Corporation. All rights reserved.
Your use of Intel Corporation's design tools, logic functions 
and other software and tools, and its AMPP partner logic 
functions, and any output files from any of the foregoing 
(including device programming or simulation files), and any 
associated documentation or information are expressly subject 
to the terms and conditions of the Intel Program License 
Subscription Agreement, the Intel Quartus Prime License Agreement,
the Intel FPGA IP License Agreement, or other applicable license
agreement, including, without limitation, that your use is for
the sole purpose of programming logic devices manufactured by
Intel and sold by Intel or its authorized distributors.  Please
refer to the applicable agreement for further details.



+-------------------------------------------------------------------------------+
; Flow Summary                                                                  ;
+---------------------------------+---------------------------------------------+
; Flow Status                     ; Successful - Mon Jan 28 09:48:39 2019       ;
; Quartus Prime Version           ; 18.1.0 Build 625 09/12/2018 SJ Lite Edition ;
; Revision Name                   ; hps_adc_IPCore                              ;
; Top-level Entity Name           ; hps_adc_IPCore                              ;
; Family                          ; Cyclone V                                   ;
; Device                          ; 5CSEBA6U23I7                                ;
; Timing Models                   ; Final                                       ;
; Logic utilization (in ALMs)     ; 254 / 41,910 ( < 1 % )                      ;
; Total registers                 ; 671                                         ;
; Total pins                      ; 217 / 314 ( 69 % )                          ;
; Total virtual pins              ; 0                                           ;
; Total block memory bits         ; 0 / 5,662,720 ( 0 % )                       ;
; Total DSP Blocks                ; 0 / 112 ( 0 % )                             ;
; Total HSSI RX PCSs              ; 0                                           ;
; Total HSSI PMA RX Deserializers ; 0                                           ;
; Total HSSI TX PCSs              ; 0                                           ;
; Total HSSI PMA TX Serializers   ; 0                                           ;
; Total PLLs                      ; 0 / 6 ( 0 % )                               ;
; Total DLLs                      ; 1 / 4 ( 25 % )                              ;
+---------------------------------+---------------------------------------------+


+-----------------------------------------+
; Flow Settings                           ;
+-------------------+---------------------+
; Option            ; Setting             ;
+-------------------+---------------------+
; Start date & time ; 01/28/2019 09:45:45 ;
; Main task         ; Compilation         ;
; Revision Name     ; hps_adc_IPCore      ;
+-------------------+---------------------+


+--------------------------------------------------------------------------------------------------------------------------------------------------+
; Flow Non-Default Global Settings                                                                                                                 ;
+---------------------------------------+---------------------------------------------------------------+---------------+-------------+------------+
; Assignment Name                       ; Value                                                         ; Default Value ; Entity Name ; Section Id ;
+---------------------------------------+---------------------------------------------------------------+---------------+-------------+------------+
; COMPILER_SIGNATURE_ID                 ; 91758171891.154866514304492                                   ; --            ; --          ; --         ;
; ECO_REGENERATE_REPORT                 ; On                                                            ; Off           ; --          ; --         ;
; MAX_CORE_JUNCTION_TEMP                ; 100                                                           ; --            ; --          ; --         ;
; MIN_CORE_JUNCTION_TEMP                ; -40                                                           ; --            ; --          ; --         ;
; MISC_FILE                             ; adc_control/synthesis/../adc_control.cmp                      ; --            ; --          ; --         ;
; MISC_FILE                             ; adc_control/synthesis/../../adc_control.qsys                  ; --            ; --          ; --         ;
; PARTITION_COLOR                       ; -- (Not supported for targeted family)                        ; --            ; --          ; Top        ;
; PARTITION_FITTER_PRESERVATION_LEVEL   ; -- (Not supported for targeted family)                        ; --            ; --          ; Top        ;
; PARTITION_NETLIST_TYPE                ; -- (Not supported for targeted family)                        ; --            ; --          ; Top        ;
; POWER_BOARD_THERMAL_MODEL             ; None (CONSERVATIVE)                                           ; --            ; --          ; --         ;
; POWER_PRESET_COOLING_SOLUTION         ; 23 MM HEAT SINK WITH 200 LFPM AIRFLOW                         ; --            ; --          ; --         ;
; PROJECT_OUTPUT_DIRECTORY              ; output_files                                                  ; --            ; --          ; --         ;
; SLD_FILE                              ; adc_control/synthesis/adc_control.debuginfo                   ; --            ; --          ; --         ;
; SLD_INFO                              ; QSYS_NAME adc_control HAS_SOPCINFO 1 GENERATION_ID 1548659543 ; --            ; adc_control ; --         ;
; SOPCINFO_FILE                         ; adc_control/synthesis/../../adc_control.sopcinfo              ; --            ; --          ; --         ;
; SYNTHESIS_ONLY_QIP                    ; On                                                            ; --            ; --          ; --         ;
; USE_DLL_FREQUENCY_FOR_DQS_DELAY_CHAIN ; On                                                            ; Off           ; --          ; --         ;
+---------------------------------------+---------------------------------------------------------------+---------------+-------------+------------+


+--------------------------------------------------------------------------------------------------------------------------+
; Flow Elapsed Time                                                                                                        ;
+----------------------+--------------+-------------------------+---------------------+------------------------------------+
; Module Name          ; Elapsed Time ; Average Processors Used ; Peak Virtual Memory ; Total CPU Time (on all processors) ;
+----------------------+--------------+-------------------------+---------------------+------------------------------------+
; Analysis & Synthesis ; 00:01:15     ; 1.0                     ; 951 MB              ; 00:02:18                           ;
; Fitter               ; 00:01:21     ; 1.0                     ; 3222 MB             ; 00:01:49                           ;
; Assembler            ; 00:00:11     ; 1.0                     ; 752 MB              ; 00:00:09                           ;
; Timing Analyzer      ; 00:00:33     ; 1.1                     ; 1719 MB             ; 00:00:32                           ;
; Total                ; 00:03:20     ; --                      ; --                  ; 00:04:48                           ;
+----------------------+--------------+-------------------------+---------------------+------------------------------------+


+------------------------------------------------------------------------------------+
; Flow OS Summary                                                                    ;
+----------------------+------------------+------------+------------+----------------+
; Module Name          ; Machine Hostname ; OS Name    ; OS Version ; Processor type ;
+----------------------+------------------+------------+------------+----------------+
; Analysis & Synthesis ; jagumiel         ; Windows 10 ; 10.0       ; x86_64         ;
; Fitter               ; jagumiel         ; Windows 10 ; 10.0       ; x86_64         ;
; Assembler            ; jagumiel         ; Windows 10 ; 10.0       ; x86_64         ;
; Timing Analyzer      ; jagumiel         ; Windows 10 ; 10.0       ; x86_64         ;
+----------------------+------------------+------------+------------+----------------+


------------
; Flow Log ;
------------
quartus_map --read_settings_files=on --write_settings_files=off hps_adc_IPCore -c hps_adc_IPCore
quartus_fit --read_settings_files=off --write_settings_files=off hps_adc_IPCore -c hps_adc_IPCore
quartus_asm --read_settings_files=off --write_settings_files=off hps_adc_IPCore -c hps_adc_IPCore
quartus_sta hps_adc_IPCore -c hps_adc_IPCore



