Flow report for adc_demo
Mon Oct 29 13:50:18 2018
Quartus Prime Version 18.1.0 Build 625 09/12/2018 SJ Lite Edition


---------------------
; Table of Contents ;
---------------------
  1. Legal Notice
  2. Flow Summary
  3. Flow Settings
  4. Flow Non-Default Global Settings
  5. Flow Elapsed Time
  6. Flow OS Summary
  7. Flow Log
  8. Flow Messages
  9. Flow Suppressed Messages



----------------
; Legal Notice ;
----------------
Copyright (C) 2018  Intel Corporation. All rights reserved.
Your use of Intel Corporation's design tools, logic functions 
and other software and tools, and its AMPP partner logic 
functions, and any output files from any of the foregoing 
(including device programming or simulation files), and any 
associated documentation or information are expressly subject 
to the terms and conditions of the Intel Program License 
Subscription Agreement, the Intel Quartus Prime License Agreement,
the Intel FPGA IP License Agreement, or other applicable license
agreement, including, without limitation, that your use is for
the sole purpose of programming logic devices manufactured by
Intel and sold by Intel or its authorized distributors.  Please
refer to the applicable agreement for further details.



+-------------------------------------------------------------------------------+
; Flow Summary                                                                  ;
+---------------------------------+---------------------------------------------+
; Flow Status                     ; Successful - Mon Oct 29 13:50:05 2018       ;
; Quartus Prime Version           ; 18.1.0 Build 625 09/12/2018 SJ Lite Edition ;
; Revision Name                   ; adc_demo                                    ;
; Top-level Entity Name           ; adc_demo                                    ;
; Family                          ; Cyclone V                                   ;
; Device                          ; 5CSEBA6U23I7                                ;
; Timing Models                   ; Final                                       ;
; Logic utilization (in ALMs)     ; 655 / 41,910 ( 2 % )                        ;
; Total registers                 ; 1049                                        ;
; Total pins                      ; 14 / 314 ( 4 % )                            ;
; Total virtual pins              ; 0                                           ;
; Total block memory bits         ; 75,776 / 5,662,720 ( 1 % )                  ;
; Total DSP Blocks                ; 0 / 112 ( 0 % )                             ;
; Total HSSI RX PCSs              ; 0                                           ;
; Total HSSI PMA RX Deserializers ; 0                                           ;
; Total HSSI TX PCSs              ; 0                                           ;
; Total HSSI PMA TX Serializers   ; 0                                           ;
; Total PLLs                      ; 0 / 6 ( 0 % )                               ;
; Total DLLs                      ; 0 / 4 ( 0 % )                               ;
+---------------------------------+---------------------------------------------+


+-----------------------------------------+
; Flow Settings                           ;
+-------------------+---------------------+
; Option            ; Setting             ;
+-------------------+---------------------+
; Start date & time ; 10/29/2018 13:43:45 ;
; Main task         ; Compilation         ;
; Revision Name     ; adc_demo            ;
+-------------------+---------------------+


+------------------------------------------------------------------------------------------------------------------------------------------------+
; Flow Non-Default Global Settings                                                                                                               ;
+-------------------------------------+---------------------------------------------------------------+---------------+-------------+------------+
; Assignment Name                     ; Value                                                         ; Default Value ; Entity Name ; Section Id ;
+-------------------------------------+---------------------------------------------------------------+---------------+-------------+------------+
; COMPILER_SIGNATURE_ID               ; 963354629659.154081702407228                                  ; --            ; --          ; --         ;
; MAX_CORE_JUNCTION_TEMP              ; 100                                                           ; --            ; --          ; --         ;
; MIN_CORE_JUNCTION_TEMP              ; -40                                                           ; --            ; --          ; --         ;
; MISC_FILE                           ; nios_system/synthesis/../nios_system.cmp                      ; --            ; --          ; --         ;
; MISC_FILE                           ; nios_system/synthesis/../../nios_system.qsys                  ; --            ; --          ; --         ;
; PARTITION_COLOR                     ; -- (Not supported for targeted family)                        ; --            ; --          ; Top        ;
; PARTITION_FITTER_PRESERVATION_LEVEL ; -- (Not supported for targeted family)                        ; --            ; --          ; Top        ;
; PARTITION_NETLIST_TYPE              ; -- (Not supported for targeted family)                        ; --            ; --          ; Top        ;
; POWER_BOARD_THERMAL_MODEL           ; None (CONSERVATIVE)                                           ; --            ; --          ; --         ;
; POWER_PRESET_COOLING_SOLUTION       ; 23 MM HEAT SINK WITH 200 LFPM AIRFLOW                         ; --            ; --          ; --         ;
; PROJECT_OUTPUT_DIRECTORY            ; output_files                                                  ; --            ; --          ; --         ;
; SLD_FILE                            ; nios_system/synthesis/nios_system.regmap                      ; --            ; --          ; --         ;
; SLD_FILE                            ; nios_system/synthesis/nios_system.debuginfo                   ; --            ; --          ; --         ;
; SLD_INFO                            ; QSYS_NAME nios_system HAS_SOPCINFO 1 GENERATION_ID 1540816689 ; --            ; nios_system ; --         ;
; SOPCINFO_FILE                       ; nios_system/synthesis/../../nios_system.sopcinfo              ; --            ; --          ; --         ;
; SYNTHESIS_ONLY_QIP                  ; On                                                            ; --            ; --          ; --         ;
+-------------------------------------+---------------------------------------------------------------+---------------+-------------+------------+


+--------------------------------------------------------------------------------------------------------------------------+
; Flow Elapsed Time                                                                                                        ;
+----------------------+--------------+-------------------------+---------------------+------------------------------------+
; Module Name          ; Elapsed Time ; Average Processors Used ; Peak Virtual Memory ; Total CPU Time (on all processors) ;
+----------------------+--------------+-------------------------+---------------------+------------------------------------+
; Analysis & Synthesis ; 00:00:31     ; 1.0                     ; 846 MB              ; 00:00:50                           ;
; Fitter               ; 00:01:09     ; 1.1                     ; 2607 MB             ; 00:02:01                           ;
; Assembler            ; 00:00:10     ; 1.0                     ; 735 MB              ; 00:00:08                           ;
; Timing Analyzer      ; 00:00:15     ; 1.3                     ; 1144 MB             ; 00:00:16                           ;
; Fitter               ; 00:01:15     ; 1.1                     ; 2630 MB             ; 00:02:12                           ;
; Assembler            ; 00:00:08     ; 1.0                     ; 732 MB              ; 00:00:08                           ;
; Timing Analyzer      ; 00:00:10     ; 1.4                     ; 1146 MB             ; 00:00:12                           ;
; Total                ; 00:03:38     ; --                      ; --                  ; 00:05:47                           ;
+----------------------+--------------+-------------------------+---------------------+------------------------------------+


+------------------------------------------------------------------------------------+
; Flow OS Summary                                                                    ;
+----------------------+------------------+------------+------------+----------------+
; Module Name          ; Machine Hostname ; OS Name    ; OS Version ; Processor type ;
+----------------------+------------------+------------+------------+----------------+
; Analysis & Synthesis ; jagumiel         ; Windows 10 ; 10.0       ; x86_64         ;
; Fitter               ; jagumiel         ; Windows 10 ; 10.0       ; x86_64         ;
; Assembler            ; jagumiel         ; Windows 10 ; 10.0       ; x86_64         ;
; Timing Analyzer      ; jagumiel         ; Windows 10 ; 10.0       ; x86_64         ;
; Fitter               ; jagumiel         ; Windows 10 ; 10.0       ; x86_64         ;
; Assembler            ; jagumiel         ; Windows 10 ; 10.0       ; x86_64         ;
; Timing Analyzer      ; jagumiel         ; Windows 10 ; 10.0       ; x86_64         ;
+----------------------+------------------+------------+------------+----------------+


------------
; Flow Log ;
------------
quartus_map --read_settings_files=on --write_settings_files=off adc_demo -c adc_demo
quartus_fit --read_settings_files=off --write_settings_files=off adc_demo -c adc_demo
quartus_asm --read_settings_files=off --write_settings_files=off adc_demo -c adc_demo
quartus_sta adc_demo -c adc_demo
quartus_fit --read_settings_files=on --write_settings_files=off adc_demo -c adc_demo
quartus_asm --read_settings_files=on --write_settings_files=off adc_demo -c adc_demo
quartus_sta adc_demo -c adc_demo



