Info: Starting: Create block symbol file (.bsf)
Info: qsys-generate D:\Users\jagumiel\Desktop\DE1-Nano\misPruebas\HPS-FPGA-SoC\PWM_Simple_Configurable_Retardo\hps.qsys --block-symbol-file --output-directory=D:\Users\jagumiel\Desktop\DE1-Nano\misPruebas\HPS-FPGA-SoC\PWM_Simple_Configurable_Retardo\hps --family="Cyclone V" --part=5CSEBA6U23I7
Progress: Loading PWM_Simple_Configurable_Retardo/hps.qsys
Progress: Reading input file
Progress: Adding clk_0 [clock_source 18.1]
Progress: Parameterizing module clk_0
Progress: Adding duty_cycle [altera_avalon_pio 18.1]
Progress: Parameterizing module duty_cycle
Progress: Adding enable [altera_avalon_pio 18.1]
Progress: Parameterizing module enable
Progress: Adding freq_clk [altera_avalon_pio 18.1]
Progress: Parameterizing module freq_clk
Progress: Adding hps_0 [altera_hps 18.1]
Progress: Parameterizing module hps_0
Progress: Building connections
Progress: Parameterizing connections
Progress: Validating
Progress: Done reading input file
Info: hps.hps_0: HPS Main PLL counter settings: n = 0  m = 63
Info: hps.hps_0: HPS peripherial PLL counter settings: n = 0  m = 39
Info: qsys-generate succeeded.
Info: Finished: Create block symbol file (.bsf)
Info: 
Info: Starting: Create HDL design files for synthesis
Info: qsys-generate D:\Users\jagumiel\Desktop\DE1-Nano\misPruebas\HPS-FPGA-SoC\PWM_Simple_Configurable_Retardo\hps.qsys --synthesis=VHDL --output-directory=D:\Users\jagumiel\Desktop\DE1-Nano\misPruebas\HPS-FPGA-SoC\PWM_Simple_Configurable_Retardo\hps\synthesis --family="Cyclone V" --part=5CSEBA6U23I7
Progress: Loading PWM_Simple_Configurable_Retardo/hps.qsys
Progress: Reading input file
Progress: Adding clk_0 [clock_source 18.1]
Progress: Parameterizing module clk_0
Progress: Adding duty_cycle [altera_avalon_pio 18.1]
Progress: Parameterizing module duty_cycle
Progress: Adding enable [altera_avalon_pio 18.1]
Progress: Parameterizing module enable
Progress: Adding freq_clk [altera_avalon_pio 18.1]
Progress: Parameterizing module freq_clk
Progress: Adding hps_0 [altera_hps 18.1]
Progress: Parameterizing module hps_0
Progress: Building connections
Progress: Parameterizing connections
Progress: Validating
Progress: Done reading input file
Info: hps.hps_0: HPS Main PLL counter settings: n = 0  m = 63
Info: hps.hps_0: HPS peripherial PLL counter settings: n = 0  m = 39
Info: hps: Generating hps "hps" for QUARTUS_SYNTH
Info: duty_cycle: Starting RTL generation for module 'hps_duty_cycle'
Info: duty_cycle:   Generation command is [exec C:/intelfpga_lite/18.1/quartus/bin64/perl/bin/perl.exe -I C:/intelfpga_lite/18.1/quartus/bin64/perl/lib -I C:/intelfpga_lite/18.1/quartus/sopc_builder/bin/europa -I C:/intelfpga_lite/18.1/quartus/sopc_builder/bin/perl_lib -I C:/intelfpga_lite/18.1/quartus/sopc_builder/bin -I C:/intelfpga_lite/18.1/quartus/../ip/altera/sopc_builder_ip/common -I C:/intelfpga_lite/18.1/quartus/../ip/altera/sopc_builder_ip/altera_avalon_pio -- C:/intelfpga_lite/18.1/quartus/../ip/altera/sopc_builder_ip/altera_avalon_pio/generate_rtl.pl --name=hps_duty_cycle --dir=C:/Users/jagumiel/AppData/Local/Temp/alt7982_4355654393085521762.dir/0002_duty_cycle_gen/ --quartus_dir=C:/intelfpga_lite/18.1/quartus --verilog --config=C:/Users/jagumiel/AppData/Local/Temp/alt7982_4355654393085521762.dir/0002_duty_cycle_gen//hps_duty_cycle_component_configuration.pl  --do_build_sim=0  ]
Info: duty_cycle: Done RTL generation for module 'hps_duty_cycle'
Info: duty_cycle: "hps" instantiated altera_avalon_pio "duty_cycle"
Info: enable: Starting RTL generation for module 'hps_enable'
Info: enable:   Generation command is [exec C:/intelfpga_lite/18.1/quartus/bin64/perl/bin/perl.exe -I C:/intelfpga_lite/18.1/quartus/bin64/perl/lib -I C:/intelfpga_lite/18.1/quartus/sopc_builder/bin/europa -I C:/intelfpga_lite/18.1/quartus/sopc_builder/bin/perl_lib -I C:/intelfpga_lite/18.1/quartus/sopc_builder/bin -I C:/intelfpga_lite/18.1/quartus/../ip/altera/sopc_builder_ip/common -I C:/intelfpga_lite/18.1/quartus/../ip/altera/sopc_builder_ip/altera_avalon_pio -- C:/intelfpga_lite/18.1/quartus/../ip/altera/sopc_builder_ip/altera_avalon_pio/generate_rtl.pl --name=hps_enable --dir=C:/Users/jagumiel/AppData/Local/Temp/alt7982_4355654393085521762.dir/0003_enable_gen/ --quartus_dir=C:/intelfpga_lite/18.1/quartus --verilog --config=C:/Users/jagumiel/AppData/Local/Temp/alt7982_4355654393085521762.dir/0003_enable_gen//hps_enable_component_configuration.pl  --do_build_sim=0  ]
Info: enable: Done RTL generation for module 'hps_enable'
Info: enable: "hps" instantiated altera_avalon_pio "enable"
Info: freq_clk: Starting RTL generation for module 'hps_freq_clk'
Info: freq_clk:   Generation command is [exec C:/intelfpga_lite/18.1/quartus/bin64/perl/bin/perl.exe -I C:/intelfpga_lite/18.1/quartus/bin64/perl/lib -I C:/intelfpga_lite/18.1/quartus/sopc_builder/bin/europa -I C:/intelfpga_lite/18.1/quartus/sopc_builder/bin/perl_lib -I C:/intelfpga_lite/18.1/quartus/sopc_builder/bin -I C:/intelfpga_lite/18.1/quartus/../ip/altera/sopc_builder_ip/common -I C:/intelfpga_lite/18.1/quartus/../ip/altera/sopc_builder_ip/altera_avalon_pio -- C:/intelfpga_lite/18.1/quartus/../ip/altera/sopc_builder_ip/altera_avalon_pio/generate_rtl.pl --name=hps_freq_clk --dir=C:/Users/jagumiel/AppData/Local/Temp/alt7982_4355654393085521762.dir/0004_freq_clk_gen/ --quartus_dir=C:/intelfpga_lite/18.1/quartus --verilog --config=C:/Users/jagumiel/AppData/Local/Temp/alt7982_4355654393085521762.dir/0004_freq_clk_gen//hps_freq_clk_component_configuration.pl  --do_build_sim=0  ]
Info: freq_clk: Done RTL generation for module 'hps_freq_clk'
Info: freq_clk: "hps" instantiated altera_avalon_pio "freq_clk"
Info: hps_0: "Running  for module: hps_0"
Info: hps_0: HPS Main PLL counter settings: n = 0  m = 63
Info: hps_0: HPS peripherial PLL counter settings: n = 0  m = 39
Info: hps_0: "hps" instantiated altera_hps "hps_0"
Info: avalon_st_adapter: Inserting error_adapter: error_adapter_0
Info: avalon_st_adapter_001: Inserting error_adapter: error_adapter_0
Info: avalon_st_adapter_002: Inserting error_adapter: error_adapter_0
Info: mm_interconnect_0: "hps" instantiated altera_mm_interconnect "mm_interconnect_0"
Info: rst_controller: "hps" instantiated altera_reset_controller "rst_controller"
Info: fpga_interfaces: "hps_0" instantiated altera_interface_generator "fpga_interfaces"
Info: hps_io: "hps_0" instantiated altera_hps_io "hps_io"
Info: freq_clk_s1_translator: "mm_interconnect_0" instantiated altera_merlin_slave_translator "freq_clk_s1_translator"
Info: hps_0_h2f_lw_axi_master_agent: "mm_interconnect_0" instantiated altera_merlin_axi_master_ni "hps_0_h2f_lw_axi_master_agent"
Info: freq_clk_s1_agent: "mm_interconnect_0" instantiated altera_merlin_slave_agent "freq_clk_s1_agent"
Info: freq_clk_s1_agent_rsp_fifo: "mm_interconnect_0" instantiated altera_avalon_sc_fifo "freq_clk_s1_agent_rsp_fifo"
Info: router: "mm_interconnect_0" instantiated altera_merlin_router "router"
Info: router_002: "mm_interconnect_0" instantiated altera_merlin_router "router_002"
Info: hps_0_h2f_lw_axi_master_wr_limiter: "mm_interconnect_0" instantiated altera_merlin_traffic_limiter "hps_0_h2f_lw_axi_master_wr_limiter"
Info: Reusing file D:/Users/jagumiel/Desktop/DE1-Nano/misPruebas/HPS-FPGA-SoC/PWM_Simple_Configurable_Retardo/hps/synthesis/submodules/altera_avalon_sc_fifo.v
Info: freq_clk_s1_burst_adapter: "mm_interconnect_0" instantiated altera_merlin_burst_adapter "freq_clk_s1_burst_adapter"
Info: Reusing file D:/Users/jagumiel/Desktop/DE1-Nano/misPruebas/HPS-FPGA-SoC/PWM_Simple_Configurable_Retardo/hps/synthesis/submodules/altera_merlin_address_alignment.sv
Info: Reusing file D:/Users/jagumiel/Desktop/DE1-Nano/misPruebas/HPS-FPGA-SoC/PWM_Simple_Configurable_Retardo/hps/synthesis/submodules/altera_avalon_st_pipeline_base.v
Info: cmd_demux: "mm_interconnect_0" instantiated altera_merlin_demultiplexer "cmd_demux"
Info: cmd_mux: "mm_interconnect_0" instantiated altera_merlin_multiplexer "cmd_mux"
Info: rsp_demux: "mm_interconnect_0" instantiated altera_merlin_demultiplexer "rsp_demux"
Info: rsp_mux: "mm_interconnect_0" instantiated altera_merlin_multiplexer "rsp_mux"
Info: Reusing file D:/Users/jagumiel/Desktop/DE1-Nano/misPruebas/HPS-FPGA-SoC/PWM_Simple_Configurable_Retardo/hps/synthesis/submodules/altera_merlin_arbitrator.sv
Info: avalon_st_adapter: "mm_interconnect_0" instantiated altera_avalon_st_adapter "avalon_st_adapter"
Info: border: "hps_io" instantiated altera_interface_generator "border"
Info: error_adapter_0: "avalon_st_adapter" instantiated error_adapter "error_adapter_0"
Info: hps: Done "hps" with 24 modules, 81 files
Info: qsys-generate succeeded.
Info: Finished: Create HDL design files for synthesis
