Analysis & Synthesis report for spwm_gen
Wed Mar 20 09:58:38 2019
Quartus Prime Version 18.1.0 Build 625 09/12/2018 SJ Lite Edition


---------------------
; Table of Contents ;
---------------------
  1. Legal Notice
  2. Analysis & Synthesis Summary
  3. Analysis & Synthesis Settings
  4. Parallel Compilation
  5. Analysis & Synthesis Source Files Read
  6. Analysis & Synthesis Resource Usage Summary
  7. Analysis & Synthesis Resource Utilization by Entity
  8. Registers Removed During Synthesis
  9. General Register Statistics
 10. Inverted Register Statistics
 11. Port Connectivity Checks: "sin_240:inst4"
 12. Port Connectivity Checks: "sin_120:inst3"
 13. Port Connectivity Checks: "sin:inst2"
 14. Port Connectivity Checks: "triangle:inst1"
 15. Post-Synthesis Netlist Statistics for Top Partition
 16. Elapsed Time Per Partition
 17. Analysis & Synthesis Messages



----------------
; Legal Notice ;
----------------
Copyright (C) 2018  Intel Corporation. All rights reserved.
Your use of Intel Corporation's design tools, logic functions 
and other software and tools, and its AMPP partner logic 
functions, and any output files from any of the foregoing 
(including device programming or simulation files), and any 
associated documentation or information are expressly subject 
to the terms and conditions of the Intel Program License 
Subscription Agreement, the Intel Quartus Prime License Agreement,
the Intel FPGA IP License Agreement, or other applicable license
agreement, including, without limitation, that your use is for
the sole purpose of programming logic devices manufactured by
Intel and sold by Intel or its authorized distributors.  Please
refer to the applicable agreement for further details.



+-------------------------------------------------------------------------------+
; Analysis & Synthesis Summary                                                  ;
+---------------------------------+---------------------------------------------+
; Analysis & Synthesis Status     ; Successful - Wed Mar 20 09:58:38 2019       ;
; Quartus Prime Version           ; 18.1.0 Build 625 09/12/2018 SJ Lite Edition ;
; Revision Name                   ; spwm_gen                                    ;
; Top-level Entity Name           ; spwm_gen                                    ;
; Family                          ; Cyclone V                                   ;
; Logic utilization (in ALMs)     ; N/A                                         ;
; Total registers                 ; 184                                         ;
; Total pins                      ; 68                                          ;
; Total virtual pins              ; 0                                           ;
; Total block memory bits         ; 0                                           ;
; Total DSP Blocks                ; 0                                           ;
; Total HSSI RX PCSs              ; 0                                           ;
; Total HSSI PMA RX Deserializers ; 0                                           ;
; Total HSSI TX PCSs              ; 0                                           ;
; Total HSSI PMA TX Serializers   ; 0                                           ;
; Total PLLs                      ; 0                                           ;
; Total DLLs                      ; 0                                           ;
+---------------------------------+---------------------------------------------+


+---------------------------------------------------------------------------------------------------------------------------+
; Analysis & Synthesis Settings                                                                                             ;
+---------------------------------------------------------------------------------+--------------------+--------------------+
; Option                                                                          ; Setting            ; Default Value      ;
+---------------------------------------------------------------------------------+--------------------+--------------------+
; Device                                                                          ; 5CSEBA6U23I7       ;                    ;
; Top-level entity name                                                           ; spwm_gen           ; spwm_gen           ;
; Family name                                                                     ; Cyclone V          ; Cyclone V          ;
; Use smart compilation                                                           ; Off                ; Off                ;
; Enable parallel Assembler and Timing Analyzer during compilation                ; On                 ; On                 ;
; Enable compact report table                                                     ; Off                ; Off                ;
; Restructure Multiplexers                                                        ; Auto               ; Auto               ;
; MLAB Add Timing Constraints For Mixed-Port Feed-Through Mode Setting Don't Care ; Off                ; Off                ;
; Create Debugging Nodes for IP Cores                                             ; Off                ; Off                ;
; Preserve fewer node names                                                       ; On                 ; On                 ;
; Intel FPGA IP Evaluation Mode                                                   ; Enable             ; Enable             ;
; Verilog Version                                                                 ; Verilog_2001       ; Verilog_2001       ;
; VHDL Version                                                                    ; VHDL_1993          ; VHDL_1993          ;
; State Machine Processing                                                        ; Auto               ; Auto               ;
; Safe State Machine                                                              ; Off                ; Off                ;
; Extract Verilog State Machines                                                  ; On                 ; On                 ;
; Extract VHDL State Machines                                                     ; On                 ; On                 ;
; Ignore Verilog initial constructs                                               ; Off                ; Off                ;
; Iteration limit for constant Verilog loops                                      ; 5000               ; 5000               ;
; Iteration limit for non-constant Verilog loops                                  ; 250                ; 250                ;
; Add Pass-Through Logic to Inferred RAMs                                         ; On                 ; On                 ;
; Infer RAMs from Raw Logic                                                       ; On                 ; On                 ;
; Parallel Synthesis                                                              ; On                 ; On                 ;
; DSP Block Balancing                                                             ; Auto               ; Auto               ;
; NOT Gate Push-Back                                                              ; On                 ; On                 ;
; Power-Up Don't Care                                                             ; On                 ; On                 ;
; Remove Redundant Logic Cells                                                    ; Off                ; Off                ;
; Remove Duplicate Registers                                                      ; On                 ; On                 ;
; Ignore CARRY Buffers                                                            ; Off                ; Off                ;
; Ignore CASCADE Buffers                                                          ; Off                ; Off                ;
; Ignore GLOBAL Buffers                                                           ; Off                ; Off                ;
; Ignore ROW GLOBAL Buffers                                                       ; Off                ; Off                ;
; Ignore LCELL Buffers                                                            ; Off                ; Off                ;
; Ignore SOFT Buffers                                                             ; On                 ; On                 ;
; Limit AHDL Integers to 32 Bits                                                  ; Off                ; Off                ;
; Optimization Technique                                                          ; Balanced           ; Balanced           ;
; Carry Chain Length                                                              ; 70                 ; 70                 ;
; Auto Carry Chains                                                               ; On                 ; On                 ;
; Auto Open-Drain Pins                                                            ; On                 ; On                 ;
; Perform WYSIWYG Primitive Resynthesis                                           ; Off                ; Off                ;
; Auto ROM Replacement                                                            ; On                 ; On                 ;
; Auto RAM Replacement                                                            ; On                 ; On                 ;
; Auto DSP Block Replacement                                                      ; On                 ; On                 ;
; Auto Shift Register Replacement                                                 ; Auto               ; Auto               ;
; Allow Shift Register Merging across Hierarchies                                 ; Auto               ; Auto               ;
; Auto Clock Enable Replacement                                                   ; On                 ; On                 ;
; Strict RAM Replacement                                                          ; Off                ; Off                ;
; Allow Synchronous Control Signals                                               ; On                 ; On                 ;
; Force Use of Synchronous Clear Signals                                          ; Off                ; Off                ;
; Auto Resource Sharing                                                           ; Off                ; Off                ;
; Allow Any RAM Size For Recognition                                              ; Off                ; Off                ;
; Allow Any ROM Size For Recognition                                              ; Off                ; Off                ;
; Allow Any Shift Register Size For Recognition                                   ; Off                ; Off                ;
; Use LogicLock Constraints during Resource Balancing                             ; On                 ; On                 ;
; Ignore translate_off and synthesis_off directives                               ; Off                ; Off                ;
; Timing-Driven Synthesis                                                         ; On                 ; On                 ;
; Report Parameter Settings                                                       ; On                 ; On                 ;
; Report Source Assignments                                                       ; On                 ; On                 ;
; Report Connectivity Checks                                                      ; On                 ; On                 ;
; Ignore Maximum Fan-Out Assignments                                              ; Off                ; Off                ;
; Synchronization Register Chain Length                                           ; 3                  ; 3                  ;
; Power Optimization During Synthesis                                             ; Normal compilation ; Normal compilation ;
; HDL message level                                                               ; Level2             ; Level2             ;
; Suppress Register Optimization Related Messages                                 ; Off                ; Off                ;
; Number of Removed Registers Reported in Synthesis Report                        ; 5000               ; 5000               ;
; Number of Swept Nodes Reported in Synthesis Report                              ; 5000               ; 5000               ;
; Number of Inverted Registers Reported in Synthesis Report                       ; 100                ; 100                ;
; Clock MUX Protection                                                            ; On                 ; On                 ;
; Auto Gated Clock Conversion                                                     ; Off                ; Off                ;
; Block Design Naming                                                             ; Auto               ; Auto               ;
; SDC constraint protection                                                       ; Off                ; Off                ;
; Synthesis Effort                                                                ; Auto               ; Auto               ;
; Shift Register Replacement - Allow Asynchronous Clear Signal                    ; On                 ; On                 ;
; Pre-Mapping Resynthesis Optimization                                            ; Off                ; Off                ;
; Analysis & Synthesis Message Level                                              ; Medium             ; Medium             ;
; Disable Register Merging Across Hierarchies                                     ; Auto               ; Auto               ;
; Resource Aware Inference For Block RAM                                          ; On                 ; On                 ;
; Automatic Parallel Synthesis                                                    ; On                 ; On                 ;
; Partial Reconfiguration Bitstream ID                                            ; Off                ; Off                ;
+---------------------------------------------------------------------------------+--------------------+--------------------+


+------------------------------------------+
; Parallel Compilation                     ;
+----------------------------+-------------+
; Processors                 ; Number      ;
+----------------------------+-------------+
; Number detected on machine ; 8           ;
; Maximum allowed            ; 4           ;
;                            ;             ;
; Average used               ; 1.00        ;
; Maximum used               ; 4           ;
;                            ;             ;
; Usage by Processor         ; % Time Used ;
;     Processor 1            ; 100.0%      ;
;     Processors 2-4         ;   0.0%      ;
+----------------------------+-------------+


+------------------------------------------------------------------------------------------------------------------------------------------------------+
; Analysis & Synthesis Source Files Read                                                                                                               ;
+----------------------------------+-----------------+-----------------+---------------------------------------------------------------------+---------+
; File Name with User-Entered Path ; Used in Netlist ; File Type       ; File Name with Absolute Path                                        ; Library ;
+----------------------------------+-----------------+-----------------+---------------------------------------------------------------------+---------+
; triangle.vhd                     ; yes             ; User VHDL File  ; D:/Users/jagumiel/Desktop/DE1-Nano/misPruebas/spwm_gen/triangle.vhd ;         ;
; spwm_gen.vhd                     ; yes             ; User VHDL File  ; D:/Users/jagumiel/Desktop/DE1-Nano/misPruebas/spwm_gen/spwm_gen.vhd ;         ;
; sin_240.vhd                      ; yes             ; User VHDL File  ; D:/Users/jagumiel/Desktop/DE1-Nano/misPruebas/spwm_gen/sin_240.vhd  ;         ;
; sin_120.vhd                      ; yes             ; User VHDL File  ; D:/Users/jagumiel/Desktop/DE1-Nano/misPruebas/spwm_gen/sin_120.vhd  ;         ;
; sin.vhd                          ; yes             ; User VHDL File  ; D:/Users/jagumiel/Desktop/DE1-Nano/misPruebas/spwm_gen/sin.vhd      ;         ;
+----------------------------------+-----------------+-----------------+---------------------------------------------------------------------+---------+


+---------------------------------------------------------+
; Analysis & Synthesis Resource Usage Summary             ;
+---------------------------------------------+-----------+
; Resource                                    ; Usage     ;
+---------------------------------------------+-----------+
; Estimate of Logic utilization (ALMs needed) ; 404       ;
;                                             ;           ;
; Combinational ALUT usage for logic          ; 540       ;
;     -- 7 input functions                    ; 0         ;
;     -- 6 input functions                    ; 267       ;
;     -- 5 input functions                    ; 16        ;
;     -- 4 input functions                    ; 16        ;
;     -- <=3 input functions                  ; 241       ;
;                                             ;           ;
; Dedicated logic registers                   ; 184       ;
;                                             ;           ;
; I/O pins                                    ; 68        ;
;                                             ;           ;
; Total DSP Blocks                            ; 0         ;
;                                             ;           ;
; Maximum fan-out node                        ; clk~input ;
; Maximum fan-out                             ; 184       ;
; Total fan-out                               ; 2859      ;
; Average fan-out                             ; 3.32      ;
+---------------------------------------------+-----------+


+---------------------------------------------------------------------------------------------------------------------------------------------------------------------------------------------+
; Analysis & Synthesis Resource Utilization by Entity                                                                                                                                         ;
+----------------------------+---------------------+---------------------------+-------------------+------------+------+--------------+--------------------------+-------------+--------------+
; Compilation Hierarchy Node ; Combinational ALUTs ; Dedicated Logic Registers ; Block Memory Bits ; DSP Blocks ; Pins ; Virtual Pins ; Full Hierarchy Name      ; Entity Name ; Library Name ;
+----------------------------+---------------------+---------------------------+-------------------+------------+------+--------------+--------------------------+-------------+--------------+
; |spwm_gen                  ; 540 (15)            ; 184 (0)                   ; 0                 ; 0          ; 68   ; 0            ; |spwm_gen                ; spwm_gen    ; work         ;
;    |sin:inst2|             ; 143 (143)           ; 61 (61)                   ; 0                 ; 0          ; 0    ; 0            ; |spwm_gen|sin:inst2      ; sin         ; work         ;
;    |sin_120:inst3|         ; 144 (144)           ; 31 (31)                   ; 0                 ; 0          ; 0    ; 0            ; |spwm_gen|sin_120:inst3  ; sin_120     ; work         ;
;    |sin_240:inst4|         ; 99 (99)             ; 31 (31)                   ; 0                 ; 0          ; 0    ; 0            ; |spwm_gen|sin_240:inst4  ; sin_240     ; work         ;
;    |triangle:inst1|        ; 139 (139)           ; 61 (61)                   ; 0                 ; 0          ; 0    ; 0            ; |spwm_gen|triangle:inst1 ; triangle    ; work         ;
+----------------------------+---------------------+---------------------------+-------------------+------------+------+--------------+--------------------------+-------------+--------------+
Note: For table entries with two numbers listed, the numbers in parentheses indicate the number of resources of the given type used by the specific entity alone. The numbers listed outside of parentheses indicate the total resources of the given type used by the specific entity and all of its sub-entities in the hierarchy.


+---------------------------------------------------------------------------------+
; Registers Removed During Synthesis                                              ;
+----------------------------------------+----------------------------------------+
; Register name                          ; Reason for Removal                     ;
+----------------------------------------+----------------------------------------+
; sin_240:inst4|counter[0,1]             ; Stuck at GND due to stuck port data_in ;
; sin_120:inst3|counter[0,1]             ; Stuck at GND due to stuck port data_in ;
; sin:inst2|counter[0,1]                 ; Stuck at GND due to stuck port data_in ;
; triangle:inst1|counter[0,1]            ; Stuck at GND due to stuck port data_in ;
; sin_120:inst3|counter[31]              ; Merged with sin:inst2|counter[31]      ;
; sin_240:inst4|counter[31]              ; Merged with sin:inst2|counter[31]      ;
; sin_120:inst3|counter[30]              ; Merged with sin:inst2|counter[30]      ;
; sin_240:inst4|counter[30]              ; Merged with sin:inst2|counter[30]      ;
; sin_120:inst3|counter[29]              ; Merged with sin:inst2|counter[29]      ;
; sin_240:inst4|counter[29]              ; Merged with sin:inst2|counter[29]      ;
; sin_120:inst3|counter[28]              ; Merged with sin:inst2|counter[28]      ;
; sin_240:inst4|counter[28]              ; Merged with sin:inst2|counter[28]      ;
; sin_120:inst3|counter[27]              ; Merged with sin:inst2|counter[27]      ;
; sin_240:inst4|counter[27]              ; Merged with sin:inst2|counter[27]      ;
; sin_120:inst3|counter[26]              ; Merged with sin:inst2|counter[26]      ;
; sin_240:inst4|counter[26]              ; Merged with sin:inst2|counter[26]      ;
; sin_120:inst3|counter[25]              ; Merged with sin:inst2|counter[25]      ;
; sin_240:inst4|counter[25]              ; Merged with sin:inst2|counter[25]      ;
; sin_120:inst3|counter[24]              ; Merged with sin:inst2|counter[24]      ;
; sin_240:inst4|counter[24]              ; Merged with sin:inst2|counter[24]      ;
; sin_120:inst3|counter[23]              ; Merged with sin:inst2|counter[23]      ;
; sin_240:inst4|counter[23]              ; Merged with sin:inst2|counter[23]      ;
; sin_120:inst3|counter[22]              ; Merged with sin:inst2|counter[22]      ;
; sin_240:inst4|counter[22]              ; Merged with sin:inst2|counter[22]      ;
; sin_120:inst3|counter[21]              ; Merged with sin:inst2|counter[21]      ;
; sin_240:inst4|counter[21]              ; Merged with sin:inst2|counter[21]      ;
; sin_120:inst3|counter[20]              ; Merged with sin:inst2|counter[20]      ;
; sin_240:inst4|counter[20]              ; Merged with sin:inst2|counter[20]      ;
; sin_120:inst3|counter[19]              ; Merged with sin:inst2|counter[19]      ;
; sin_240:inst4|counter[19]              ; Merged with sin:inst2|counter[19]      ;
; sin_120:inst3|counter[18]              ; Merged with sin:inst2|counter[18]      ;
; sin_240:inst4|counter[18]              ; Merged with sin:inst2|counter[18]      ;
; sin_120:inst3|counter[17]              ; Merged with sin:inst2|counter[17]      ;
; sin_240:inst4|counter[17]              ; Merged with sin:inst2|counter[17]      ;
; sin_120:inst3|counter[16]              ; Merged with sin:inst2|counter[16]      ;
; sin_240:inst4|counter[16]              ; Merged with sin:inst2|counter[16]      ;
; sin_120:inst3|counter[15]              ; Merged with sin:inst2|counter[15]      ;
; sin_240:inst4|counter[15]              ; Merged with sin:inst2|counter[15]      ;
; sin_120:inst3|counter[14]              ; Merged with sin:inst2|counter[14]      ;
; sin_240:inst4|counter[14]              ; Merged with sin:inst2|counter[14]      ;
; sin_120:inst3|counter[13]              ; Merged with sin:inst2|counter[13]      ;
; sin_240:inst4|counter[13]              ; Merged with sin:inst2|counter[13]      ;
; sin_120:inst3|counter[12]              ; Merged with sin:inst2|counter[12]      ;
; sin_240:inst4|counter[12]              ; Merged with sin:inst2|counter[12]      ;
; sin_120:inst3|counter[11]              ; Merged with sin:inst2|counter[11]      ;
; sin_240:inst4|counter[11]              ; Merged with sin:inst2|counter[11]      ;
; sin_120:inst3|counter[10]              ; Merged with sin:inst2|counter[10]      ;
; sin_240:inst4|counter[10]              ; Merged with sin:inst2|counter[10]      ;
; sin_120:inst3|counter[9]               ; Merged with sin:inst2|counter[9]       ;
; sin_240:inst4|counter[9]               ; Merged with sin:inst2|counter[9]       ;
; sin_120:inst3|counter[8]               ; Merged with sin:inst2|counter[8]       ;
; sin_240:inst4|counter[8]               ; Merged with sin:inst2|counter[8]       ;
; sin_120:inst3|counter[7]               ; Merged with sin:inst2|counter[7]       ;
; sin_240:inst4|counter[7]               ; Merged with sin:inst2|counter[7]       ;
; sin_120:inst3|counter[6]               ; Merged with sin:inst2|counter[6]       ;
; sin_240:inst4|counter[6]               ; Merged with sin:inst2|counter[6]       ;
; sin_120:inst3|counter[5]               ; Merged with sin:inst2|counter[5]       ;
; sin_240:inst4|counter[5]               ; Merged with sin:inst2|counter[5]       ;
; sin_120:inst3|counter[4]               ; Merged with sin:inst2|counter[4]       ;
; sin_240:inst4|counter[4]               ; Merged with sin:inst2|counter[4]       ;
; sin_120:inst3|counter[3]               ; Merged with sin:inst2|counter[3]       ;
; sin_240:inst4|counter[3]               ; Merged with sin:inst2|counter[3]       ;
; sin_120:inst3|counter[2]               ; Merged with sin:inst2|counter[2]       ;
; sin_240:inst4|counter[2]               ; Merged with sin:inst2|counter[2]       ;
; Total Number of Removed Registers = 68 ;                                        ;
+----------------------------------------+----------------------------------------+


+------------------------------------------------------+
; General Register Statistics                          ;
+----------------------------------------------+-------+
; Statistic                                    ; Value ;
+----------------------------------------------+-------+
; Total registers                              ; 184   ;
; Number of registers using Synchronous Clear  ; 176   ;
; Number of registers using Synchronous Load   ; 0     ;
; Number of registers using Asynchronous Clear ; 0     ;
; Number of registers using Asynchronous Load  ; 0     ;
; Number of registers using Clock Enable       ; 0     ;
; Number of registers using Preset             ; 0     ;
+----------------------------------------------+-------+


+--------------------------------------------------+
; Inverted Register Statistics                     ;
+----------------------------------------+---------+
; Inverted Register                      ; Fan out ;
+----------------------------------------+---------+
; sin:inst2|index[0]                     ; 16      ;
; triangle:inst1|index[0]                ; 13      ;
; sin_120:inst3|index[1]                 ; 16      ;
; sin_120:inst3|index[5]                 ; 14      ;
; sin_240:inst4|index[6]                 ; 14      ;
; sin_240:inst4|index[1]                 ; 16      ;
; sin_240:inst4|index[0]                 ; 16      ;
; Total number of inverted registers = 7 ;         ;
+----------------------------------------+---------+


+-----------------------------------------------+
; Port Connectivity Checks: "sin_240:inst4"     ;
+-------------+-------+----------+--------------+
; Port        ; Type  ; Severity ; Details      ;
+-------------+-------+----------+--------------+
; amp         ; Input ; Info     ; Stuck at VCC ;
; frq[9..7]   ; Input ; Info     ; Stuck at VCC ;
; frq[31..13] ; Input ; Info     ; Stuck at GND ;
; frq[11..10] ; Input ; Info     ; Stuck at GND ;
; frq[6..4]   ; Input ; Info     ; Stuck at GND ;
; frq[2..0]   ; Input ; Info     ; Stuck at GND ;
; frq[12]     ; Input ; Info     ; Stuck at VCC ;
; frq[3]      ; Input ; Info     ; Stuck at VCC ;
+-------------+-------+----------+--------------+


+-----------------------------------------------+
; Port Connectivity Checks: "sin_120:inst3"     ;
+-------------+-------+----------+--------------+
; Port        ; Type  ; Severity ; Details      ;
+-------------+-------+----------+--------------+
; amp         ; Input ; Info     ; Stuck at VCC ;
; frq[9..7]   ; Input ; Info     ; Stuck at VCC ;
; frq[31..13] ; Input ; Info     ; Stuck at GND ;
; frq[11..10] ; Input ; Info     ; Stuck at GND ;
; frq[6..4]   ; Input ; Info     ; Stuck at GND ;
; frq[2..0]   ; Input ; Info     ; Stuck at GND ;
; frq[12]     ; Input ; Info     ; Stuck at VCC ;
; frq[3]      ; Input ; Info     ; Stuck at VCC ;
+-------------+-------+----------+--------------+


+-----------------------------------------------+
; Port Connectivity Checks: "sin:inst2"         ;
+-------------+-------+----------+--------------+
; Port        ; Type  ; Severity ; Details      ;
+-------------+-------+----------+--------------+
; amp         ; Input ; Info     ; Stuck at VCC ;
; frq[9..7]   ; Input ; Info     ; Stuck at VCC ;
; frq[31..13] ; Input ; Info     ; Stuck at GND ;
; frq[11..10] ; Input ; Info     ; Stuck at GND ;
; frq[6..4]   ; Input ; Info     ; Stuck at GND ;
; frq[2..0]   ; Input ; Info     ; Stuck at GND ;
; frq[12]     ; Input ; Info     ; Stuck at VCC ;
; frq[3]      ; Input ; Info     ; Stuck at VCC ;
+-------------+-------+----------+--------------+


+-----------------------------------------------+
; Port Connectivity Checks: "triangle:inst1"    ;
+-------------+-------+----------+--------------+
; Port        ; Type  ; Severity ; Details      ;
+-------------+-------+----------+--------------+
; amp         ; Input ; Info     ; Stuck at VCC ;
; frq[9..5]   ; Input ; Info     ; Stuck at VCC ;
; frq[31..10] ; Input ; Info     ; Stuck at GND ;
; frq[2..0]   ; Input ; Info     ; Stuck at GND ;
; frq[4]      ; Input ; Info     ; Stuck at GND ;
; frq[3]      ; Input ; Info     ; Stuck at VCC ;
+-------------+-------+----------+--------------+


+-----------------------------------------------------+
; Post-Synthesis Netlist Statistics for Top Partition ;
+-----------------------+-----------------------------+
; Type                  ; Count                       ;
+-----------------------+-----------------------------+
; arriav_ff             ; 184                         ;
;     SCLR              ; 176                         ;
;     plain             ; 8                           ;
; arriav_lcell_comb     ; 543                         ;
;     arith             ; 213                         ;
;         1 data inputs ; 212                         ;
;         2 data inputs ; 1                           ;
;     normal            ; 330                         ;
;         1 data inputs ; 3                           ;
;         2 data inputs ; 6                           ;
;         3 data inputs ; 22                          ;
;         4 data inputs ; 16                          ;
;         5 data inputs ; 16                          ;
;         6 data inputs ; 267                         ;
; boundary_port         ; 68                          ;
;                       ;                             ;
; Max LUT depth         ; 8.20                        ;
; Average LUT depth     ; 6.47                        ;
+-----------------------+-----------------------------+


+-------------------------------+
; Elapsed Time Per Partition    ;
+----------------+--------------+
; Partition Name ; Elapsed Time ;
+----------------+--------------+
; Top            ; 00:00:01     ;
+----------------+--------------+


+-------------------------------+
; Analysis & Synthesis Messages ;
+-------------------------------+
Info: *******************************************************************
Info: Running Quartus Prime Analysis & Synthesis
    Info: Version 18.1.0 Build 625 09/12/2018 SJ Lite Edition
    Info: Processing started: Wed Mar 20 09:58:26 2019
Info: Command: quartus_map --read_settings_files=on --write_settings_files=off spwm_gen -c spwm_gen
Warning (18236): Number of processors has not been specified which may cause overloading on shared machines.  Set the global assignment NUM_PARALLEL_PROCESSORS in your QSF to an appropriate value for best performance.
Info (20030): Parallel compilation is enabled and will use 4 of the 4 processors detected
Info (12021): Found 2 design units, including 1 entities, in source file triangle.vhd
    Info (12022): Found design unit 1: triangle-Behavioral File: D:/Users/jagumiel/Desktop/DE1-Nano/misPruebas/spwm_gen/triangle.vhd Line: 18
    Info (12023): Found entity 1: triangle File: D:/Users/jagumiel/Desktop/DE1-Nano/misPruebas/spwm_gen/triangle.vhd Line: 9
Info (12021): Found 2 design units, including 1 entities, in source file spwm_gen.vhd
    Info (12022): Found design unit 1: spwm_gen-a File: D:/Users/jagumiel/Desktop/DE1-Nano/misPruebas/spwm_gen/spwm_gen.vhd Line: 16
    Info (12023): Found entity 1: spwm_gen File: D:/Users/jagumiel/Desktop/DE1-Nano/misPruebas/spwm_gen/spwm_gen.vhd Line: 5
Info (12021): Found 2 design units, including 1 entities, in source file sin_240.vhd
    Info (12022): Found design unit 1: sin_240-Behavioral File: D:/Users/jagumiel/Desktop/DE1-Nano/misPruebas/spwm_gen/sin_240.vhd Line: 18
    Info (12023): Found entity 1: sin_240 File: D:/Users/jagumiel/Desktop/DE1-Nano/misPruebas/spwm_gen/sin_240.vhd Line: 9
Info (12021): Found 2 design units, including 1 entities, in source file sin_120.vhd
    Info (12022): Found design unit 1: sin_120-Behavioral File: D:/Users/jagumiel/Desktop/DE1-Nano/misPruebas/spwm_gen/sin_120.vhd Line: 18
    Info (12023): Found entity 1: sin_120 File: D:/Users/jagumiel/Desktop/DE1-Nano/misPruebas/spwm_gen/sin_120.vhd Line: 9
Info (12021): Found 2 design units, including 1 entities, in source file sin.vhd
    Info (12022): Found design unit 1: sin-Behavioral File: D:/Users/jagumiel/Desktop/DE1-Nano/misPruebas/spwm_gen/sin.vhd Line: 18
    Info (12023): Found entity 1: sin File: D:/Users/jagumiel/Desktop/DE1-Nano/misPruebas/spwm_gen/sin.vhd Line: 9
Info (12127): Elaborating entity "spwm_gen" for the top level hierarchy
Warning (10492): VHDL Process Statement warning at spwm_gen.vhd(101): signal "triangular" is read inside the Process Statement but isn't in the Process Statement's sensitivity list File: D:/Users/jagumiel/Desktop/DE1-Nano/misPruebas/spwm_gen/spwm_gen.vhd Line: 101
Warning (10492): VHDL Process Statement warning at spwm_gen.vhd(101): signal "seno" is read inside the Process Statement but isn't in the Process Statement's sensitivity list File: D:/Users/jagumiel/Desktop/DE1-Nano/misPruebas/spwm_gen/spwm_gen.vhd Line: 101
Warning (10492): VHDL Process Statement warning at spwm_gen.vhd(107): signal "triangular" is read inside the Process Statement but isn't in the Process Statement's sensitivity list File: D:/Users/jagumiel/Desktop/DE1-Nano/misPruebas/spwm_gen/spwm_gen.vhd Line: 107
Warning (10492): VHDL Process Statement warning at spwm_gen.vhd(107): signal "seno120" is read inside the Process Statement but isn't in the Process Statement's sensitivity list File: D:/Users/jagumiel/Desktop/DE1-Nano/misPruebas/spwm_gen/spwm_gen.vhd Line: 107
Warning (10492): VHDL Process Statement warning at spwm_gen.vhd(113): signal "triangular" is read inside the Process Statement but isn't in the Process Statement's sensitivity list File: D:/Users/jagumiel/Desktop/DE1-Nano/misPruebas/spwm_gen/spwm_gen.vhd Line: 113
Warning (10492): VHDL Process Statement warning at spwm_gen.vhd(113): signal "seno240" is read inside the Process Statement but isn't in the Process Statement's sensitivity list File: D:/Users/jagumiel/Desktop/DE1-Nano/misPruebas/spwm_gen/spwm_gen.vhd Line: 113
Info (12128): Elaborating entity "triangle" for hierarchy "triangle:inst1" File: D:/Users/jagumiel/Desktop/DE1-Nano/misPruebas/spwm_gen/spwm_gen.vhd Line: 67
Info (12128): Elaborating entity "sin" for hierarchy "sin:inst2" File: D:/Users/jagumiel/Desktop/DE1-Nano/misPruebas/spwm_gen/spwm_gen.vhd Line: 75
Info (12128): Elaborating entity "sin_120" for hierarchy "sin_120:inst3" File: D:/Users/jagumiel/Desktop/DE1-Nano/misPruebas/spwm_gen/spwm_gen.vhd Line: 83
Info (12128): Elaborating entity "sin_240" for hierarchy "sin_240:inst4" File: D:/Users/jagumiel/Desktop/DE1-Nano/misPruebas/spwm_gen/spwm_gen.vhd Line: 91
Info (286030): Timing-Driven Synthesis is running
Info (16010): Generating hard_block partition "hard_block:auto_generated_inst"
    Info (16011): Adding 0 node(s), including 0 DDIO, 0 PLL, 0 transceiver and 0 LCELL
Warning (21074): Design contains 64 input pin(s) that do not drive logic
    Warning (15610): No output dependent on input pin "freq_sin[0]" File: D:/Users/jagumiel/Desktop/DE1-Nano/misPruebas/spwm_gen/spwm_gen.vhd Line: 8
    Warning (15610): No output dependent on input pin "freq_sin[1]" File: D:/Users/jagumiel/Desktop/DE1-Nano/misPruebas/spwm_gen/spwm_gen.vhd Line: 8
    Warning (15610): No output dependent on input pin "freq_sin[2]" File: D:/Users/jagumiel/Desktop/DE1-Nano/misPruebas/spwm_gen/spwm_gen.vhd Line: 8
    Warning (15610): No output dependent on input pin "freq_sin[3]" File: D:/Users/jagumiel/Desktop/DE1-Nano/misPruebas/spwm_gen/spwm_gen.vhd Line: 8
    Warning (15610): No output dependent on input pin "freq_sin[4]" File: D:/Users/jagumiel/Desktop/DE1-Nano/misPruebas/spwm_gen/spwm_gen.vhd Line: 8
    Warning (15610): No output dependent on input pin "freq_sin[5]" File: D:/Users/jagumiel/Desktop/DE1-Nano/misPruebas/spwm_gen/spwm_gen.vhd Line: 8
    Warning (15610): No output dependent on input pin "freq_sin[6]" File: D:/Users/jagumiel/Desktop/DE1-Nano/misPruebas/spwm_gen/spwm_gen.vhd Line: 8
    Warning (15610): No output dependent on input pin "freq_sin[7]" File: D:/Users/jagumiel/Desktop/DE1-Nano/misPruebas/spwm_gen/spwm_gen.vhd Line: 8
    Warning (15610): No output dependent on input pin "freq_sin[8]" File: D:/Users/jagumiel/Desktop/DE1-Nano/misPruebas/spwm_gen/spwm_gen.vhd Line: 8
    Warning (15610): No output dependent on input pin "freq_sin[9]" File: D:/Users/jagumiel/Desktop/DE1-Nano/misPruebas/spwm_gen/spwm_gen.vhd Line: 8
    Warning (15610): No output dependent on input pin "freq_sin[10]" File: D:/Users/jagumiel/Desktop/DE1-Nano/misPruebas/spwm_gen/spwm_gen.vhd Line: 8
    Warning (15610): No output dependent on input pin "freq_sin[11]" File: D:/Users/jagumiel/Desktop/DE1-Nano/misPruebas/spwm_gen/spwm_gen.vhd Line: 8
    Warning (15610): No output dependent on input pin "freq_sin[12]" File: D:/Users/jagumiel/Desktop/DE1-Nano/misPruebas/spwm_gen/spwm_gen.vhd Line: 8
    Warning (15610): No output dependent on input pin "freq_sin[13]" File: D:/Users/jagumiel/Desktop/DE1-Nano/misPruebas/spwm_gen/spwm_gen.vhd Line: 8
    Warning (15610): No output dependent on input pin "freq_sin[14]" File: D:/Users/jagumiel/Desktop/DE1-Nano/misPruebas/spwm_gen/spwm_gen.vhd Line: 8
    Warning (15610): No output dependent on input pin "freq_sin[15]" File: D:/Users/jagumiel/Desktop/DE1-Nano/misPruebas/spwm_gen/spwm_gen.vhd Line: 8
    Warning (15610): No output dependent on input pin "freq_sin[16]" File: D:/Users/jagumiel/Desktop/DE1-Nano/misPruebas/spwm_gen/spwm_gen.vhd Line: 8
    Warning (15610): No output dependent on input pin "freq_sin[17]" File: D:/Users/jagumiel/Desktop/DE1-Nano/misPruebas/spwm_gen/spwm_gen.vhd Line: 8
    Warning (15610): No output dependent on input pin "freq_sin[18]" File: D:/Users/jagumiel/Desktop/DE1-Nano/misPruebas/spwm_gen/spwm_gen.vhd Line: 8
    Warning (15610): No output dependent on input pin "freq_sin[19]" File: D:/Users/jagumiel/Desktop/DE1-Nano/misPruebas/spwm_gen/spwm_gen.vhd Line: 8
    Warning (15610): No output dependent on input pin "freq_sin[20]" File: D:/Users/jagumiel/Desktop/DE1-Nano/misPruebas/spwm_gen/spwm_gen.vhd Line: 8
    Warning (15610): No output dependent on input pin "freq_sin[21]" File: D:/Users/jagumiel/Desktop/DE1-Nano/misPruebas/spwm_gen/spwm_gen.vhd Line: 8
    Warning (15610): No output dependent on input pin "freq_sin[22]" File: D:/Users/jagumiel/Desktop/DE1-Nano/misPruebas/spwm_gen/spwm_gen.vhd Line: 8
    Warning (15610): No output dependent on input pin "freq_sin[23]" File: D:/Users/jagumiel/Desktop/DE1-Nano/misPruebas/spwm_gen/spwm_gen.vhd Line: 8
    Warning (15610): No output dependent on input pin "freq_sin[24]" File: D:/Users/jagumiel/Desktop/DE1-Nano/misPruebas/spwm_gen/spwm_gen.vhd Line: 8
    Warning (15610): No output dependent on input pin "freq_sin[25]" File: D:/Users/jagumiel/Desktop/DE1-Nano/misPruebas/spwm_gen/spwm_gen.vhd Line: 8
    Warning (15610): No output dependent on input pin "freq_sin[26]" File: D:/Users/jagumiel/Desktop/DE1-Nano/misPruebas/spwm_gen/spwm_gen.vhd Line: 8
    Warning (15610): No output dependent on input pin "freq_sin[27]" File: D:/Users/jagumiel/Desktop/DE1-Nano/misPruebas/spwm_gen/spwm_gen.vhd Line: 8
    Warning (15610): No output dependent on input pin "freq_sin[28]" File: D:/Users/jagumiel/Desktop/DE1-Nano/misPruebas/spwm_gen/spwm_gen.vhd Line: 8
    Warning (15610): No output dependent on input pin "freq_sin[29]" File: D:/Users/jagumiel/Desktop/DE1-Nano/misPruebas/spwm_gen/spwm_gen.vhd Line: 8
    Warning (15610): No output dependent on input pin "freq_sin[30]" File: D:/Users/jagumiel/Desktop/DE1-Nano/misPruebas/spwm_gen/spwm_gen.vhd Line: 8
    Warning (15610): No output dependent on input pin "freq_sin[31]" File: D:/Users/jagumiel/Desktop/DE1-Nano/misPruebas/spwm_gen/spwm_gen.vhd Line: 8
    Warning (15610): No output dependent on input pin "freq_tri[0]" File: D:/Users/jagumiel/Desktop/DE1-Nano/misPruebas/spwm_gen/spwm_gen.vhd Line: 9
    Warning (15610): No output dependent on input pin "freq_tri[1]" File: D:/Users/jagumiel/Desktop/DE1-Nano/misPruebas/spwm_gen/spwm_gen.vhd Line: 9
    Warning (15610): No output dependent on input pin "freq_tri[2]" File: D:/Users/jagumiel/Desktop/DE1-Nano/misPruebas/spwm_gen/spwm_gen.vhd Line: 9
    Warning (15610): No output dependent on input pin "freq_tri[3]" File: D:/Users/jagumiel/Desktop/DE1-Nano/misPruebas/spwm_gen/spwm_gen.vhd Line: 9
    Warning (15610): No output dependent on input pin "freq_tri[4]" File: D:/Users/jagumiel/Desktop/DE1-Nano/misPruebas/spwm_gen/spwm_gen.vhd Line: 9
    Warning (15610): No output dependent on input pin "freq_tri[5]" File: D:/Users/jagumiel/Desktop/DE1-Nano/misPruebas/spwm_gen/spwm_gen.vhd Line: 9
    Warning (15610): No output dependent on input pin "freq_tri[6]" File: D:/Users/jagumiel/Desktop/DE1-Nano/misPruebas/spwm_gen/spwm_gen.vhd Line: 9
    Warning (15610): No output dependent on input pin "freq_tri[7]" File: D:/Users/jagumiel/Desktop/DE1-Nano/misPruebas/spwm_gen/spwm_gen.vhd Line: 9
    Warning (15610): No output dependent on input pin "freq_tri[8]" File: D:/Users/jagumiel/Desktop/DE1-Nano/misPruebas/spwm_gen/spwm_gen.vhd Line: 9
    Warning (15610): No output dependent on input pin "freq_tri[9]" File: D:/Users/jagumiel/Desktop/DE1-Nano/misPruebas/spwm_gen/spwm_gen.vhd Line: 9
    Warning (15610): No output dependent on input pin "freq_tri[10]" File: D:/Users/jagumiel/Desktop/DE1-Nano/misPruebas/spwm_gen/spwm_gen.vhd Line: 9
    Warning (15610): No output dependent on input pin "freq_tri[11]" File: D:/Users/jagumiel/Desktop/DE1-Nano/misPruebas/spwm_gen/spwm_gen.vhd Line: 9
    Warning (15610): No output dependent on input pin "freq_tri[12]" File: D:/Users/jagumiel/Desktop/DE1-Nano/misPruebas/spwm_gen/spwm_gen.vhd Line: 9
    Warning (15610): No output dependent on input pin "freq_tri[13]" File: D:/Users/jagumiel/Desktop/DE1-Nano/misPruebas/spwm_gen/spwm_gen.vhd Line: 9
    Warning (15610): No output dependent on input pin "freq_tri[14]" File: D:/Users/jagumiel/Desktop/DE1-Nano/misPruebas/spwm_gen/spwm_gen.vhd Line: 9
    Warning (15610): No output dependent on input pin "freq_tri[15]" File: D:/Users/jagumiel/Desktop/DE1-Nano/misPruebas/spwm_gen/spwm_gen.vhd Line: 9
    Warning (15610): No output dependent on input pin "freq_tri[16]" File: D:/Users/jagumiel/Desktop/DE1-Nano/misPruebas/spwm_gen/spwm_gen.vhd Line: 9
    Warning (15610): No output dependent on input pin "freq_tri[17]" File: D:/Users/jagumiel/Desktop/DE1-Nano/misPruebas/spwm_gen/spwm_gen.vhd Line: 9
    Warning (15610): No output dependent on input pin "freq_tri[18]" File: D:/Users/jagumiel/Desktop/DE1-Nano/misPruebas/spwm_gen/spwm_gen.vhd Line: 9
    Warning (15610): No output dependent on input pin "freq_tri[19]" File: D:/Users/jagumiel/Desktop/DE1-Nano/misPruebas/spwm_gen/spwm_gen.vhd Line: 9
    Warning (15610): No output dependent on input pin "freq_tri[20]" File: D:/Users/jagumiel/Desktop/DE1-Nano/misPruebas/spwm_gen/spwm_gen.vhd Line: 9
    Warning (15610): No output dependent on input pin "freq_tri[21]" File: D:/Users/jagumiel/Desktop/DE1-Nano/misPruebas/spwm_gen/spwm_gen.vhd Line: 9
    Warning (15610): No output dependent on input pin "freq_tri[22]" File: D:/Users/jagumiel/Desktop/DE1-Nano/misPruebas/spwm_gen/spwm_gen.vhd Line: 9
    Warning (15610): No output dependent on input pin "freq_tri[23]" File: D:/Users/jagumiel/Desktop/DE1-Nano/misPruebas/spwm_gen/spwm_gen.vhd Line: 9
    Warning (15610): No output dependent on input pin "freq_tri[24]" File: D:/Users/jagumiel/Desktop/DE1-Nano/misPruebas/spwm_gen/spwm_gen.vhd Line: 9
    Warning (15610): No output dependent on input pin "freq_tri[25]" File: D:/Users/jagumiel/Desktop/DE1-Nano/misPruebas/spwm_gen/spwm_gen.vhd Line: 9
    Warning (15610): No output dependent on input pin "freq_tri[26]" File: D:/Users/jagumiel/Desktop/DE1-Nano/misPruebas/spwm_gen/spwm_gen.vhd Line: 9
    Warning (15610): No output dependent on input pin "freq_tri[27]" File: D:/Users/jagumiel/Desktop/DE1-Nano/misPruebas/spwm_gen/spwm_gen.vhd Line: 9
    Warning (15610): No output dependent on input pin "freq_tri[28]" File: D:/Users/jagumiel/Desktop/DE1-Nano/misPruebas/spwm_gen/spwm_gen.vhd Line: 9
    Warning (15610): No output dependent on input pin "freq_tri[29]" File: D:/Users/jagumiel/Desktop/DE1-Nano/misPruebas/spwm_gen/spwm_gen.vhd Line: 9
    Warning (15610): No output dependent on input pin "freq_tri[30]" File: D:/Users/jagumiel/Desktop/DE1-Nano/misPruebas/spwm_gen/spwm_gen.vhd Line: 9
    Warning (15610): No output dependent on input pin "freq_tri[31]" File: D:/Users/jagumiel/Desktop/DE1-Nano/misPruebas/spwm_gen/spwm_gen.vhd Line: 9
Info (21057): Implemented 721 device resources after synthesis - the final resource count might be different
    Info (21058): Implemented 65 input pins
    Info (21059): Implemented 3 output pins
    Info (21061): Implemented 653 logic cells
Info: Quartus Prime Analysis & Synthesis was successful. 0 errors, 72 warnings
    Info: Peak virtual memory: 747 megabytes
    Info: Processing ended: Wed Mar 20 09:58:38 2019
    Info: Elapsed time: 00:00:12
    Info: Total CPU time (on all processors): 00:00:24


